{"/Users/hlorella/code/wis/wis/src/constants.ts": {"path":"/Users/hlorella/code/wis/wis/src/constants.ts","all":false,"statementMap":{"1":{"start":{"line":2,"column":0},"end":{"line":2,"column":27}},"2":{"start":{"line":3,"column":0},"end":{"line":3,"column":15}},"3":{"start":{"line":4,"column":0},"end":{"line":4,"column":17}},"4":{"start":{"line":5,"column":0},"end":{"line":5,"column":27}},"5":{"start":{"line":6,"column":0},"end":{"line":6,"column":21}},"6":{"start":{"line":7,"column":0},"end":{"line":7,"column":20}},"7":{"start":{"line":8,"column":0},"end":{"line":8,"column":11}},"12":{"start":{"line":13,"column":0},"end":{"line":13,"column":24}},"13":{"start":{"line":14,"column":0},"end":{"line":14,"column":20}},"14":{"start":{"line":15,"column":0},"end":{"line":15,"column":22}},"15":{"start":{"line":16,"column":0},"end":{"line":16,"column":21}},"16":{"start":{"line":17,"column":0},"end":{"line":17,"column":11}},"19":{"start":{"line":20,"column":0},"end":{"line":20,"column":31}},"20":{"start":{"line":21,"column":0},"end":{"line":21,"column":24}},"21":{"start":{"line":22,"column":0},"end":{"line":22,"column":20}},"22":{"start":{"line":23,"column":0},"end":{"line":23,"column":11}},"25":{"start":{"line":26,"column":0},"end":{"line":26,"column":18}},"26":{"start":{"line":27,"column":0},"end":{"line":27,"column":38}},"27":{"start":{"line":28,"column":0},"end":{"line":28,"column":77}},"28":{"start":{"line":29,"column":0},"end":{"line":29,"column":1}},"31":{"start":{"line":32,"column":0},"end":{"line":32,"column":40}},"32":{"start":{"line":33,"column":0},"end":{"line":33,"column":18}},"33":{"start":{"line":34,"column":0},"end":{"line":34,"column":1}}},"s":{"1":1,"2":1,"3":1,"4":1,"5":1,"6":1,"7":1,"12":1,"13":1,"14":1,"15":1,"16":1,"19":1,"20":1,"21":1,"22":1,"25":1,"26":1,"27":37,"28":37,"31":1,"32":14,"33":14},"branchMap":{"0":{"type":"branch","line":27,"loc":{"start":{"line":27,"column":7},"end":{"line":29,"column":1}},"locations":[{"start":{"line":27,"column":7},"end":{"line":29,"column":1}}]},"1":{"type":"branch","line":32,"loc":{"start":{"line":32,"column":7},"end":{"line":34,"column":1}},"locations":[{"start":{"line":32,"column":7},"end":{"line":34,"column":1}}]}},"b":{"0":[37],"1":[14]},"fnMap":{"0":{"name":"generateId","decl":{"start":{"line":27,"column":7},"end":{"line":29,"column":1}},"loc":{"start":{"line":27,"column":7},"end":{"line":29,"column":1}},"line":27},"1":{"name":"resetIdCounter","decl":{"start":{"line":32,"column":7},"end":{"line":34,"column":1}},"loc":{"start":{"line":32,"column":7},"end":{"line":34,"column":1}},"line":32}},"f":{"0":37,"1":14}}
,"/Users/hlorella/code/wis/wis/src/history.ts": {"path":"/Users/hlorella/code/wis/wis/src/history.ts","all":false,"statementMap":{"1":{"start":{"line":2,"column":0},"end":{"line":2,"column":45}},"13":{"start":{"line":14,"column":0},"end":{"line":14,"column":49}},"14":{"start":{"line":15,"column":0},"end":{"line":15,"column":34}},"16":{"start":{"line":17,"column":0},"end":{"line":17,"column":31}},"17":{"start":{"line":18,"column":0},"end":{"line":18,"column":27}},"18":{"start":{"line":19,"column":0},"end":{"line":19,"column":5}},"20":{"start":{"line":21,"column":0},"end":{"line":21,"column":31}},"21":{"start":{"line":22,"column":0},"end":{"line":22,"column":44}},"22":{"start":{"line":23,"column":0},"end":{"line":23,"column":5}},"24":{"start":{"line":25,"column":0},"end":{"line":25,"column":32}},"25":{"start":{"line":26,"column":0},"end":{"line":26,"column":86}},"26":{"start":{"line":27,"column":0},"end":{"line":27,"column":5}},"27":{"start":{"line":28,"column":0},"end":{"line":28,"column":1}},"29":{"start":{"line":30,"column":0},"end":{"line":30,"column":52}},"30":{"start":{"line":31,"column":0},"end":{"line":31,"column":34}},"32":{"start":{"line":33,"column":0},"end":{"line":33,"column":31}},"33":{"start":{"line":34,"column":0},"end":{"line":34,"column":27}},"34":{"start":{"line":35,"column":0},"end":{"line":35,"column":5}},"36":{"start":{"line":37,"column":0},"end":{"line":37,"column":31}},"37":{"start":{"line":38,"column":0},"end":{"line":38,"column":86}},"38":{"start":{"line":39,"column":0},"end":{"line":39,"column":5}},"40":{"start":{"line":41,"column":0},"end":{"line":41,"column":32}},"41":{"start":{"line":42,"column":0},"end":{"line":42,"column":44}},"42":{"start":{"line":43,"column":0},"end":{"line":43,"column":5}},"43":{"start":{"line":44,"column":0},"end":{"line":44,"column":1}},"45":{"start":{"line":46,"column":0},"end":{"line":46,"column":44}},"46":{"start":{"line":47,"column":0},"end":{"line":47,"column":32}},"47":{"start":{"line":48,"column":0},"end":{"line":48,"column":32}},"49":{"start":{"line":50,"column":0},"end":{"line":50,"column":41}},"50":{"start":{"line":51,"column":0},"end":{"line":51,"column":21}},"51":{"start":{"line":52,"column":0},"end":{"line":52,"column":21}},"52":{"start":{"line":53,"column":0},"end":{"line":53,"column":5}},"54":{"start":{"line":55,"column":0},"end":{"line":55,"column":31}},"55":{"start":{"line":56,"column":0},"end":{"line":56,"column":35}},"56":{"start":{"line":57,"column":0},"end":{"line":57,"column":35}},"57":{"start":{"line":58,"column":0},"end":{"line":58,"column":5}},"59":{"start":{"line":60,"column":0},"end":{"line":60,"column":32}},"60":{"start":{"line":61,"column":0},"end":{"line":61,"column":35}},"61":{"start":{"line":62,"column":0},"end":{"line":62,"column":35}},"62":{"start":{"line":63,"column":0},"end":{"line":63,"column":5}},"64":{"start":{"line":65,"column":0},"end":{"line":65,"column":43}},"65":{"start":{"line":66,"column":0},"end":{"line":66,"column":42}},"66":{"start":{"line":67,"column":0},"end":{"line":67,"column":74}},"67":{"start":{"line":68,"column":0},"end":{"line":68,"column":9}},"68":{"start":{"line":69,"column":0},"end":{"line":69,"column":20}},"69":{"start":{"line":70,"column":0},"end":{"line":70,"column":5}},"70":{"start":{"line":71,"column":0},"end":{"line":71,"column":1}},"72":{"start":{"line":73,"column":0},"end":{"line":73,"column":51}},"73":{"start":{"line":74,"column":0},"end":{"line":74,"column":33}},"74":{"start":{"line":75,"column":0},"end":{"line":75,"column":35}},"75":{"start":{"line":76,"column":0},"end":{"line":76,"column":37}},"77":{"start":{"line":78,"column":0},"end":{"line":78,"column":66}},"78":{"start":{"line":79,"column":0},"end":{"line":79,"column":31}},"79":{"start":{"line":80,"column":0},"end":{"line":80,"column":5}},"81":{"start":{"line":82,"column":0},"end":{"line":82,"column":37}},"84":{"start":{"line":85,"column":0},"end":{"line":85,"column":83}},"85":{"start":{"line":86,"column":0},"end":{"line":86,"column":5}},"87":{"start":{"line":88,"column":0},"end":{"line":88,"column":48}},"89":{"start":{"line":90,"column":0},"end":{"line":90,"column":60}},"90":{"start":{"line":91,"column":0},"end":{"line":91,"column":33}},"91":{"start":{"line":92,"column":0},"end":{"line":92,"column":54}},"92":{"start":{"line":93,"column":0},"end":{"line":93,"column":25}},"94":{"start":{"line":95,"column":0},"end":{"line":95,"column":57}},"96":{"start":{"line":97,"column":0},"end":{"line":97,"column":42}},"97":{"start":{"line":98,"column":0},"end":{"line":98,"column":36}},"98":{"start":{"line":99,"column":0},"end":{"line":99,"column":59}},"99":{"start":{"line":100,"column":0},"end":{"line":100,"column":23}},"100":{"start":{"line":101,"column":0},"end":{"line":101,"column":13}},"101":{"start":{"line":102,"column":0},"end":{"line":102,"column":9}},"104":{"start":{"line":105,"column":0},"end":{"line":105,"column":29}},"107":{"start":{"line":108,"column":0},"end":{"line":108,"column":32}},"110":{"start":{"line":111,"column":0},"end":{"line":111,"column":46}},"111":{"start":{"line":112,"column":0},"end":{"line":112,"column":55}},"112":{"start":{"line":113,"column":0},"end":{"line":113,"column":9}},"115":{"start":{"line":116,"column":0},"end":{"line":116,"column":31}},"116":{"start":{"line":117,"column":0},"end":{"line":117,"column":5}},"118":{"start":{"line":119,"column":0},"end":{"line":119,"column":33}},"119":{"start":{"line":120,"column":0},"end":{"line":120,"column":40}},"120":{"start":{"line":121,"column":0},"end":{"line":121,"column":22}},"121":{"start":{"line":122,"column":0},"end":{"line":122,"column":34}},"122":{"start":{"line":123,"column":0},"end":{"line":123,"column":38}},"123":{"start":{"line":124,"column":0},"end":{"line":124,"column":24}},"124":{"start":{"line":125,"column":0},"end":{"line":125,"column":9}},"125":{"start":{"line":126,"column":0},"end":{"line":126,"column":21}},"126":{"start":{"line":127,"column":0},"end":{"line":127,"column":5}},"128":{"start":{"line":129,"column":0},"end":{"line":129,"column":33}},"129":{"start":{"line":130,"column":0},"end":{"line":130,"column":42}},"130":{"start":{"line":131,"column":0},"end":{"line":131,"column":22}},"131":{"start":{"line":132,"column":0},"end":{"line":132,"column":33}},"132":{"start":{"line":133,"column":0},"end":{"line":133,"column":36}},"133":{"start":{"line":134,"column":0},"end":{"line":134,"column":24}},"134":{"start":{"line":135,"column":0},"end":{"line":135,"column":9}},"135":{"start":{"line":136,"column":0},"end":{"line":136,"column":21}},"136":{"start":{"line":137,"column":0},"end":{"line":137,"column":5}},"138":{"start":{"line":139,"column":0},"end":{"line":139,"column":24}},"139":{"start":{"line":140,"column":0},"end":{"line":140,"column":36}},"140":{"start":{"line":141,"column":0},"end":{"line":141,"column":5}},"142":{"start":{"line":143,"column":0},"end":{"line":143,"column":24}},"143":{"start":{"line":144,"column":0},"end":{"line":144,"column":38}},"144":{"start":{"line":145,"column":0},"end":{"line":145,"column":5}},"146":{"start":{"line":147,"column":0},"end":{"line":147,"column":19}},"147":{"start":{"line":148,"column":0},"end":{"line":148,"column":29}},"148":{"start":{"line":149,"column":0},"end":{"line":149,"column":31}},"149":{"start":{"line":150,"column":0},"end":{"line":150,"column":5}},"151":{"start":{"line":152,"column":0},"end":{"line":152,"column":56}},"152":{"start":{"line":153,"column":0},"end":{"line":153,"column":16}},"153":{"start":{"line":154,"column":0},"end":{"line":154,"column":35}},"154":{"start":{"line":155,"column":0},"end":{"line":155,"column":38}},"155":{"start":{"line":156,"column":0},"end":{"line":156,"column":10}},"156":{"start":{"line":157,"column":0},"end":{"line":157,"column":5}},"157":{"start":{"line":158,"column":0},"end":{"line":158,"column":1}}},"s":{"1":1,"13":1,"14":16,"16":16,"17":16,"18":16,"20":16,"21":17,"22":17,"24":16,"25":7,"26":7,"27":16,"29":1,"30":1,"32":1,"33":1,"34":1,"36":1,"37":1,"38":1,"40":1,"41":1,"42":1,"43":1,"45":1,"46":8,"47":8,"49":8,"50":8,"51":8,"52":8,"54":8,"55":5,"56":5,"57":5,"59":8,"60":3,"61":3,"62":3,"64":8,"65":3,"66":2,"67":2,"68":1,"69":3,"70":8,"72":1,"73":16,"74":16,"75":16,"77":16,"78":16,"79":16,"81":16,"84":0,"85":0,"87":16,"89":18,"90":18,"91":2,"92":2,"94":1,"96":1,"97":1,"98":1,"99":1,"100":1,"101":2,"104":17,"107":17,"110":18,"111":4,"112":4,"115":17,"116":18,"118":16,"119":8,"120":8,"121":7,"122":7,"123":7,"124":7,"125":1,"126":8,"128":16,"129":2,"130":2,"131":1,"132":1,"133":1,"134":1,"135":1,"136":2,"138":16,"139":7,"140":7,"142":16,"143":7,"144":7,"146":16,"147":1,"148":1,"149":1,"151":16,"152":8,"153":8,"154":8,"155":8,"156":8,"157":16},"branchMap":{"0":{"type":"branch","line":14,"loc":{"start":{"line":14,"column":48},"end":{"line":28,"column":1}},"locations":[{"start":{"line":14,"column":48},"end":{"line":28,"column":1}}]},"1":{"type":"branch","line":17,"loc":{"start":{"line":17,"column":4},"end":{"line":19,"column":5}},"locations":[{"start":{"line":17,"column":4},"end":{"line":19,"column":5}}]},"2":{"type":"branch","line":21,"loc":{"start":{"line":21,"column":4},"end":{"line":23,"column":5}},"locations":[{"start":{"line":21,"column":4},"end":{"line":23,"column":5}}]},"3":{"type":"branch","line":25,"loc":{"start":{"line":25,"column":4},"end":{"line":27,"column":5}},"locations":[{"start":{"line":25,"column":4},"end":{"line":27,"column":5}}]},"4":{"type":"branch","line":26,"loc":{"start":{"line":26,"column":55},"end":{"line":26,"column":84}},"locations":[{"start":{"line":26,"column":55},"end":{"line":26,"column":84}}]},"5":{"type":"branch","line":30,"loc":{"start":{"line":30,"column":51},"end":{"line":44,"column":1}},"locations":[{"start":{"line":30,"column":51},"end":{"line":44,"column":1}}]},"6":{"type":"branch","line":33,"loc":{"start":{"line":33,"column":4},"end":{"line":35,"column":5}},"locations":[{"start":{"line":33,"column":4},"end":{"line":35,"column":5}}]},"7":{"type":"branch","line":37,"loc":{"start":{"line":37,"column":4},"end":{"line":39,"column":5}},"locations":[{"start":{"line":37,"column":4},"end":{"line":39,"column":5}}]},"8":{"type":"branch","line":38,"loc":{"start":{"line":38,"column":55},"end":{"line":38,"column":84}},"locations":[{"start":{"line":38,"column":55},"end":{"line":38,"column":84}}]},"9":{"type":"branch","line":41,"loc":{"start":{"line":41,"column":4},"end":{"line":43,"column":5}},"locations":[{"start":{"line":41,"column":4},"end":{"line":43,"column":5}}]},"10":{"type":"branch","line":46,"loc":{"start":{"line":46,"column":43},"end":{"line":71,"column":1}},"locations":[{"start":{"line":46,"column":43},"end":{"line":71,"column":1}}]},"11":{"type":"branch","line":50,"loc":{"start":{"line":50,"column":4},"end":{"line":53,"column":5}},"locations":[{"start":{"line":50,"column":4},"end":{"line":53,"column":5}}]},"12":{"type":"branch","line":55,"loc":{"start":{"line":55,"column":4},"end":{"line":58,"column":5}},"locations":[{"start":{"line":55,"column":4},"end":{"line":58,"column":5}}]},"13":{"type":"branch","line":60,"loc":{"start":{"line":60,"column":4},"end":{"line":63,"column":5}},"locations":[{"start":{"line":60,"column":4},"end":{"line":63,"column":5}}]},"14":{"type":"branch","line":65,"loc":{"start":{"line":65,"column":4},"end":{"line":70,"column":5}},"locations":[{"start":{"line":65,"column":4},"end":{"line":70,"column":5}}]},"15":{"type":"branch","line":66,"loc":{"start":{"line":66,"column":41},"end":{"line":68,"column":9}},"locations":[{"start":{"line":66,"column":41},"end":{"line":68,"column":9}}]},"16":{"type":"branch","line":68,"loc":{"start":{"line":68,"column":8},"end":{"line":69,"column":20}},"locations":[{"start":{"line":68,"column":8},"end":{"line":69,"column":20}}]},"17":{"type":"branch","line":73,"loc":{"start":{"line":73,"column":50},"end":{"line":158,"column":1}},"locations":[{"start":{"line":73,"column":50},"end":{"line":158,"column":1}}]},"18":{"type":"branch","line":78,"loc":{"start":{"line":78,"column":4},"end":{"line":80,"column":5}},"locations":[{"start":{"line":78,"column":4},"end":{"line":80,"column":5}}]},"19":{"type":"branch","line":88,"loc":{"start":{"line":88,"column":4},"end":{"line":117,"column":5}},"locations":[{"start":{"line":88,"column":4},"end":{"line":117,"column":5}}]},"20":{"type":"branch","line":91,"loc":{"start":{"line":91,"column":12},"end":{"line":91,"column":32}},"locations":[{"start":{"line":91,"column":12},"end":{"line":91,"column":32}}]},"21":{"type":"branch","line":91,"loc":{"start":{"line":91,"column":32},"end":{"line":102,"column":9}},"locations":[{"start":{"line":91,"column":32},"end":{"line":102,"column":9}}]},"22":{"type":"branch","line":93,"loc":{"start":{"line":93,"column":24},"end":{"line":101,"column":13}},"locations":[{"start":{"line":93,"column":24},"end":{"line":101,"column":13}}]},"23":{"type":"branch","line":102,"loc":{"start":{"line":102,"column":8},"end":{"line":111,"column":45}},"locations":[{"start":{"line":102,"column":8},"end":{"line":111,"column":45}}]},"24":{"type":"branch","line":111,"loc":{"start":{"line":111,"column":45},"end":{"line":113,"column":9}},"locations":[{"start":{"line":111,"column":45},"end":{"line":113,"column":9}}]},"25":{"type":"branch","line":113,"loc":{"start":{"line":113,"column":8},"end":{"line":116,"column":31}},"locations":[{"start":{"line":113,"column":8},"end":{"line":116,"column":31}}]},"26":{"type":"branch","line":119,"loc":{"start":{"line":119,"column":4},"end":{"line":127,"column":5}},"locations":[{"start":{"line":119,"column":4},"end":{"line":127,"column":5}}]},"27":{"type":"branch","line":121,"loc":{"start":{"line":121,"column":21},"end":{"line":125,"column":9}},"locations":[{"start":{"line":121,"column":21},"end":{"line":125,"column":9}}]},"28":{"type":"branch","line":125,"loc":{"start":{"line":125,"column":8},"end":{"line":126,"column":21}},"locations":[{"start":{"line":125,"column":8},"end":{"line":126,"column":21}}]},"29":{"type":"branch","line":129,"loc":{"start":{"line":129,"column":4},"end":{"line":137,"column":5}},"locations":[{"start":{"line":129,"column":4},"end":{"line":137,"column":5}}]},"30":{"type":"branch","line":131,"loc":{"start":{"line":131,"column":21},"end":{"line":136,"column":21}},"locations":[{"start":{"line":131,"column":21},"end":{"line":136,"column":21}}]},"31":{"type":"branch","line":139,"loc":{"start":{"line":139,"column":4},"end":{"line":141,"column":5}},"locations":[{"start":{"line":139,"column":4},"end":{"line":141,"column":5}}]},"32":{"type":"branch","line":143,"loc":{"start":{"line":143,"column":4},"end":{"line":145,"column":5}},"locations":[{"start":{"line":143,"column":4},"end":{"line":145,"column":5}}]},"33":{"type":"branch","line":147,"loc":{"start":{"line":147,"column":4},"end":{"line":150,"column":5}},"locations":[{"start":{"line":147,"column":4},"end":{"line":150,"column":5}}]},"34":{"type":"branch","line":152,"loc":{"start":{"line":152,"column":4},"end":{"line":157,"column":5}},"locations":[{"start":{"line":152,"column":4},"end":{"line":157,"column":5}}]}},"b":{"0":[16],"1":[16],"2":[17],"3":[7],"4":[12],"5":[1],"6":[1],"7":[1],"8":[1],"9":[1],"10":[8],"11":[8],"12":[5],"13":[3],"14":[3],"15":[2],"16":[1],"17":[16],"18":[16],"19":[18],"20":[9],"21":[2],"22":[1],"23":[17],"24":[4],"25":[17],"26":[8],"27":[7],"28":[1],"29":[2],"30":[1],"31":[7],"32":[7],"33":[1],"34":[8]},"fnMap":{"0":{"name":"<instance_members_initializer>","decl":{"start":{"line":14,"column":48},"end":{"line":28,"column":1}},"loc":{"start":{"line":14,"column":48},"end":{"line":28,"column":1}},"line":14},"1":{"name":"AddShapeCommand","decl":{"start":{"line":17,"column":4},"end":{"line":19,"column":5}},"loc":{"start":{"line":17,"column":4},"end":{"line":19,"column":5}},"line":17},"2":{"name":"apply","decl":{"start":{"line":21,"column":4},"end":{"line":23,"column":5}},"loc":{"start":{"line":21,"column":4},"end":{"line":23,"column":5}},"line":21},"3":{"name":"invert","decl":{"start":{"line":25,"column":4},"end":{"line":27,"column":5}},"loc":{"start":{"line":25,"column":4},"end":{"line":27,"column":5}},"line":25},"4":{"name":"<instance_members_initializer>","decl":{"start":{"line":30,"column":51},"end":{"line":44,"column":1}},"loc":{"start":{"line":30,"column":51},"end":{"line":44,"column":1}},"line":30},"5":{"name":"RemoveShapeCommand","decl":{"start":{"line":33,"column":4},"end":{"line":35,"column":5}},"loc":{"start":{"line":33,"column":4},"end":{"line":35,"column":5}},"line":33},"6":{"name":"apply","decl":{"start":{"line":37,"column":4},"end":{"line":39,"column":5}},"loc":{"start":{"line":37,"column":4},"end":{"line":39,"column":5}},"line":37},"7":{"name":"invert","decl":{"start":{"line":41,"column":4},"end":{"line":43,"column":5}},"loc":{"start":{"line":41,"column":4},"end":{"line":43,"column":5}},"line":41},"8":{"name":"<instance_members_initializer>","decl":{"start":{"line":46,"column":43},"end":{"line":71,"column":1}},"loc":{"start":{"line":46,"column":43},"end":{"line":71,"column":1}},"line":46},"9":{"name":"PanCommand","decl":{"start":{"line":50,"column":4},"end":{"line":53,"column":5}},"loc":{"start":{"line":50,"column":4},"end":{"line":53,"column":5}},"line":50},"10":{"name":"apply","decl":{"start":{"line":55,"column":4},"end":{"line":58,"column":5}},"loc":{"start":{"line":55,"column":4},"end":{"line":58,"column":5}},"line":55},"11":{"name":"invert","decl":{"start":{"line":60,"column":4},"end":{"line":63,"column":5}},"loc":{"start":{"line":60,"column":4},"end":{"line":63,"column":5}},"line":60},"12":{"name":"merge","decl":{"start":{"line":65,"column":4},"end":{"line":70,"column":5}},"loc":{"start":{"line":65,"column":4},"end":{"line":70,"column":5}},"line":65},"13":{"name":"<instance_members_initializer>","decl":{"start":{"line":73,"column":50},"end":{"line":158,"column":1}},"loc":{"start":{"line":73,"column":50},"end":{"line":158,"column":1}},"line":73},"14":{"name":"HistoryManager","decl":{"start":{"line":78,"column":4},"end":{"line":80,"column":5}},"loc":{"start":{"line":78,"column":4},"end":{"line":80,"column":5}},"line":78},"15":{"name":"execute","decl":{"start":{"line":82,"column":4},"end":{"line":86,"column":5}},"loc":{"start":{"line":82,"column":4},"end":{"line":86,"column":5}},"line":82},"16":{"name":"push","decl":{"start":{"line":88,"column":4},"end":{"line":117,"column":5}},"loc":{"start":{"line":88,"column":4},"end":{"line":117,"column":5}},"line":88},"17":{"name":"undo","decl":{"start":{"line":119,"column":4},"end":{"line":127,"column":5}},"loc":{"start":{"line":119,"column":4},"end":{"line":127,"column":5}},"line":119},"18":{"name":"redo","decl":{"start":{"line":129,"column":4},"end":{"line":137,"column":5}},"loc":{"start":{"line":129,"column":4},"end":{"line":137,"column":5}},"line":129},"19":{"name":"canUndo","decl":{"start":{"line":139,"column":4},"end":{"line":141,"column":5}},"loc":{"start":{"line":139,"column":4},"end":{"line":141,"column":5}},"line":139},"20":{"name":"canRedo","decl":{"start":{"line":143,"column":4},"end":{"line":145,"column":5}},"loc":{"start":{"line":143,"column":4},"end":{"line":145,"column":5}},"line":143},"21":{"name":"clear","decl":{"start":{"line":147,"column":4},"end":{"line":150,"column":5}},"loc":{"start":{"line":147,"column":4},"end":{"line":150,"column":5}},"line":147},"22":{"name":"getHistorySize","decl":{"start":{"line":152,"column":4},"end":{"line":157,"column":5}},"loc":{"start":{"line":152,"column":4},"end":{"line":157,"column":5}},"line":152}},"f":{"0":16,"1":16,"2":17,"3":7,"4":1,"5":1,"6":1,"7":1,"8":8,"9":8,"10":5,"11":3,"12":3,"13":16,"14":16,"15":0,"16":18,"17":8,"18":2,"19":7,"20":7,"21":1,"22":8}}
,"/Users/hlorella/code/wis/wis/src/state.ts": {"path":"/Users/hlorella/code/wis/wis/src/state.ts","all":true,"statementMap":{"39":{"start":{"line":40,"column":0},"end":{"line":40,"column":41}},"60":{"start":{"line":61,"column":0},"end":{"line":61,"column":36}},"61":{"start":{"line":62,"column":0},"end":{"line":62,"column":12}},"62":{"start":{"line":63,"column":0},"end":{"line":63,"column":17}},"63":{"start":{"line":64,"column":0},"end":{"line":64,"column":113}},"64":{"start":{"line":65,"column":0},"end":{"line":65,"column":113}},"65":{"start":{"line":66,"column":0},"end":{"line":66,"column":113}},"66":{"start":{"line":67,"column":0},"end":{"line":67,"column":113}},"67":{"start":{"line":68,"column":0},"end":{"line":68,"column":9}},"68":{"start":{"line":69,"column":0},"end":{"line":69,"column":6}},"69":{"start":{"line":70,"column":0},"end":{"line":70,"column":11}},"70":{"start":{"line":71,"column":0},"end":{"line":71,"column":40}},"71":{"start":{"line":72,"column":0},"end":{"line":72,"column":42}},"72":{"start":{"line":73,"column":0},"end":{"line":73,"column":6}},"73":{"start":{"line":74,"column":0},"end":{"line":74,"column":16}},"74":{"start":{"line":75,"column":0},"end":{"line":75,"column":21}},"75":{"start":{"line":76,"column":0},"end":{"line":76,"column":20}},"76":{"start":{"line":77,"column":0},"end":{"line":77,"column":18}},"77":{"start":{"line":78,"column":0},"end":{"line":78,"column":6}},"78":{"start":{"line":79,"column":0},"end":{"line":79,"column":19}},"79":{"start":{"line":80,"column":0},"end":{"line":80,"column":2}}},"s":{"39":0,"60":0,"61":0,"62":0,"63":0,"64":0,"65":0,"66":0,"67":0,"68":0,"69":0,"70":0,"71":0,"72":0,"73":0,"74":0,"75":0,"76":0,"77":0,"78":0,"79":0},"branchMap":{"0":{"type":"branch","line":1,"loc":{"start":{"line":1,"column":2053},"end":{"line":82,"column":22}},"locations":[{"start":{"line":1,"column":2053},"end":{"line":82,"column":22}}]}},"b":{"0":[1]},"fnMap":{"0":{"name":"(empty-report)","decl":{"start":{"line":1,"column":2053},"end":{"line":82,"column":22}},"loc":{"start":{"line":1,"column":2053},"end":{"line":82,"column":22}},"line":1}},"f":{"0":1}}
,"/Users/hlorella/code/wis/wis/src/stateProxy.ts": {"path":"/Users/hlorella/code/wis/wis/src/stateProxy.ts","all":false,"statementMap":{"16":{"start":{"line":17,"column":0},"end":{"line":17,"column":36}},"17":{"start":{"line":18,"column":0},"end":{"line":18,"column":14}},"18":{"start":{"line":19,"column":0},"end":{"line":19,"column":25}},"19":{"start":{"line":20,"column":0},"end":{"line":20,"column":30}},"20":{"start":{"line":21,"column":0},"end":{"line":21,"column":34}},"21":{"start":{"line":22,"column":0},"end":{"line":22,"column":73}},"23":{"start":{"line":24,"column":0},"end":{"line":24,"column":22}},"24":{"start":{"line":25,"column":0},"end":{"line":25,"column":20}},"25":{"start":{"line":26,"column":0},"end":{"line":26,"column":50}},"27":{"start":{"line":28,"column":0},"end":{"line":28,"column":27}},"28":{"start":{"line":29,"column":0},"end":{"line":29,"column":19}},"29":{"start":{"line":30,"column":0},"end":{"line":30,"column":6}},"31":{"start":{"line":32,"column":0},"end":{"line":32,"column":28}},"32":{"start":{"line":33,"column":0},"end":{"line":33,"column":25}},"33":{"start":{"line":34,"column":0},"end":{"line":34,"column":22}},"34":{"start":{"line":35,"column":0},"end":{"line":35,"column":9}},"36":{"start":{"line":37,"column":0},"end":{"line":37,"column":18}},"37":{"start":{"line":38,"column":0},"end":{"line":38,"column":25}},"38":{"start":{"line":39,"column":0},"end":{"line":39,"column":29}},"39":{"start":{"line":40,"column":0},"end":{"line":40,"column":45}},"40":{"start":{"line":41,"column":0},"end":{"line":41,"column":34}},"41":{"start":{"line":42,"column":0},"end":{"line":42,"column":30}},"42":{"start":{"line":43,"column":0},"end":{"line":43,"column":19}},"43":{"start":{"line":44,"column":0},"end":{"line":44,"column":13}},"44":{"start":{"line":45,"column":0},"end":{"line":45,"column":16}},"45":{"start":{"line":46,"column":0},"end":{"line":46,"column":22}},"46":{"start":{"line":47,"column":0},"end":{"line":47,"column":9}},"47":{"start":{"line":48,"column":0},"end":{"line":48,"column":6}},"49":{"start":{"line":50,"column":0},"end":{"line":50,"column":40}},"50":{"start":{"line":51,"column":0},"end":{"line":51,"column":30}},"52":{"start":{"line":53,"column":0},"end":{"line":53,"column":47}},"53":{"start":{"line":54,"column":0},"end":{"line":54,"column":31}},"54":{"start":{"line":55,"column":0},"end":{"line":55,"column":13}},"56":{"start":{"line":57,"column":0},"end":{"line":57,"column":55}},"60":{"start":{"line":61,"column":0},"end":{"line":61,"column":74}},"61":{"start":{"line":62,"column":0},"end":{"line":62,"column":53}},"62":{"start":{"line":63,"column":0},"end":{"line":63,"column":42}},"64":{"start":{"line":65,"column":0},"end":{"line":65,"column":58}},"65":{"start":{"line":66,"column":0},"end":{"line":66,"column":47}},"66":{"start":{"line":67,"column":0},"end":{"line":67,"column":31}},"67":{"start":{"line":68,"column":0},"end":{"line":68,"column":13}},"69":{"start":{"line":70,"column":0},"end":{"line":70,"column":25}},"70":{"start":{"line":71,"column":0},"end":{"line":71,"column":10}},"72":{"start":{"line":73,"column":0},"end":{"line":73,"column":37}},"73":{"start":{"line":74,"column":0},"end":{"line":74,"column":58}},"74":{"start":{"line":75,"column":0},"end":{"line":75,"column":63}},"77":{"start":{"line":78,"column":0},"end":{"line":78,"column":47}},"78":{"start":{"line":79,"column":0},"end":{"line":79,"column":27}},"79":{"start":{"line":80,"column":0},"end":{"line":80,"column":13}},"81":{"start":{"line":82,"column":0},"end":{"line":82,"column":26}},"82":{"start":{"line":83,"column":0},"end":{"line":83,"column":10}},"84":{"start":{"line":85,"column":0},"end":{"line":85,"column":35}},"85":{"start":{"line":86,"column":0},"end":{"line":86,"column":55}},"86":{"start":{"line":87,"column":0},"end":{"line":87,"column":61}},"89":{"start":{"line":90,"column":0},"end":{"line":90,"column":40}},"90":{"start":{"line":91,"column":0},"end":{"line":91,"column":27}},"91":{"start":{"line":92,"column":0},"end":{"line":92,"column":13}},"93":{"start":{"line":94,"column":0},"end":{"line":94,"column":26}},"94":{"start":{"line":95,"column":0},"end":{"line":95,"column":9}},"95":{"start":{"line":96,"column":0},"end":{"line":96,"column":6}},"97":{"start":{"line":98,"column":0},"end":{"line":98,"column":45}},"100":{"start":{"line":101,"column":0},"end":{"line":101,"column":21}},"101":{"start":{"line":102,"column":0},"end":{"line":102,"column":45}},"102":{"start":{"line":103,"column":0},"end":{"line":103,"column":31}},"103":{"start":{"line":104,"column":0},"end":{"line":104,"column":30}},"104":{"start":{"line":105,"column":0},"end":{"line":105,"column":31}},"105":{"start":{"line":106,"column":0},"end":{"line":106,"column":11}},"106":{"start":{"line":107,"column":0},"end":{"line":107,"column":5}},"108":{"start":{"line":109,"column":0},"end":{"line":109,"column":50}},"109":{"start":{"line":110,"column":0},"end":{"line":110,"column":1}}},"s":{"16":1,"17":18,"18":18,"19":18,"20":18,"21":18,"23":18,"24":18,"25":18,"27":18,"28":18,"29":18,"31":18,"32":22,"33":8,"34":8,"36":22,"37":7,"38":3,"39":3,"40":3,"41":3,"42":3,"43":3,"44":22,"45":15,"46":15,"47":22,"49":18,"50":18,"52":29,"53":12,"54":12,"56":17,"60":29,"61":10,"62":10,"64":8,"65":8,"66":8,"67":8,"69":7,"70":29,"72":18,"73":24,"74":24,"77":24,"78":21,"79":21,"81":24,"82":24,"84":18,"85":1,"86":1,"89":1,"90":1,"91":1,"93":1,"94":1,"95":18,"97":18,"100":18,"101":7,"102":7,"103":7,"104":7,"105":7,"106":7,"108":18,"109":18},"branchMap":{"0":{"type":"branch","line":17,"loc":{"start":{"line":17,"column":7},"end":{"line":110,"column":1}},"locations":[{"start":{"line":17,"column":7},"end":{"line":110,"column":1}}]},"1":{"type":"branch","line":101,"loc":{"start":{"line":101,"column":20},"end":{"line":107,"column":5}},"locations":[{"start":{"line":101,"column":20},"end":{"line":107,"column":5}}]},"2":{"type":"branch","line":28,"loc":{"start":{"line":28,"column":20},"end":{"line":30,"column":6}},"locations":[{"start":{"line":28,"column":20},"end":{"line":30,"column":6}}]},"3":{"type":"branch","line":32,"loc":{"start":{"line":32,"column":21},"end":{"line":48,"column":6}},"locations":[{"start":{"line":32,"column":21},"end":{"line":48,"column":6}}]},"4":{"type":"branch","line":33,"loc":{"start":{"line":33,"column":24},"end":{"line":35,"column":9}},"locations":[{"start":{"line":33,"column":24},"end":{"line":35,"column":9}}]},"5":{"type":"branch","line":37,"loc":{"start":{"line":37,"column":17},"end":{"line":45,"column":15}},"locations":[{"start":{"line":37,"column":17},"end":{"line":45,"column":15}}]},"6":{"type":"branch","line":38,"loc":{"start":{"line":38,"column":24},"end":{"line":44,"column":13}},"locations":[{"start":{"line":38,"column":24},"end":{"line":44,"column":13}}]},"7":{"type":"branch","line":45,"loc":{"start":{"line":45,"column":8},"end":{"line":47,"column":9}},"locations":[{"start":{"line":45,"column":8},"end":{"line":47,"column":9}}]},"8":{"type":"branch","line":40,"loc":{"start":{"line":40,"column":38},"end":{"line":43,"column":17}},"locations":[{"start":{"line":40,"column":38},"end":{"line":43,"column":17}}]},"9":{"type":"branch","line":51,"loc":{"start":{"line":51,"column":8},"end":{"line":71,"column":10}},"locations":[{"start":{"line":51,"column":8},"end":{"line":71,"column":10}}]},"10":{"type":"branch","line":53,"loc":{"start":{"line":53,"column":16},"end":{"line":53,"column":46}},"locations":[{"start":{"line":53,"column":16},"end":{"line":53,"column":46}}]},"11":{"type":"branch","line":53,"loc":{"start":{"line":53,"column":46},"end":{"line":55,"column":13}},"locations":[{"start":{"line":53,"column":46},"end":{"line":55,"column":13}}]},"12":{"type":"branch","line":55,"loc":{"start":{"line":55,"column":12},"end":{"line":61,"column":45}},"locations":[{"start":{"line":55,"column":12},"end":{"line":61,"column":45}}]},"13":{"type":"branch","line":61,"loc":{"start":{"line":61,"column":33},"end":{"line":61,"column":63}},"locations":[{"start":{"line":61,"column":33},"end":{"line":61,"column":63}}]},"14":{"type":"branch","line":61,"loc":{"start":{"line":61,"column":55},"end":{"line":61,"column":73}},"locations":[{"start":{"line":61,"column":55},"end":{"line":61,"column":73}}]},"15":{"type":"branch","line":61,"loc":{"start":{"line":61,"column":73},"end":{"line":68,"column":13}},"locations":[{"start":{"line":61,"column":73},"end":{"line":68,"column":13}}]},"16":{"type":"branch","line":63,"loc":{"start":{"line":63,"column":28},"end":{"line":63,"column":42}},"locations":[{"start":{"line":63,"column":28},"end":{"line":63,"column":42}}]},"17":{"type":"branch","line":63,"loc":{"start":{"line":63,"column":35},"end":{"line":68,"column":13}},"locations":[{"start":{"line":63,"column":35},"end":{"line":68,"column":13}}]},"18":{"type":"branch","line":68,"loc":{"start":{"line":68,"column":12},"end":{"line":70,"column":25}},"locations":[{"start":{"line":68,"column":12},"end":{"line":70,"column":25}}]},"19":{"type":"branch","line":73,"loc":{"start":{"line":73,"column":8},"end":{"line":83,"column":10}},"locations":[{"start":{"line":73,"column":8},"end":{"line":83,"column":10}}]},"20":{"type":"branch","line":78,"loc":{"start":{"line":78,"column":46},"end":{"line":80,"column":13}},"locations":[{"start":{"line":78,"column":46},"end":{"line":80,"column":13}}]},"21":{"type":"branch","line":85,"loc":{"start":{"line":85,"column":8},"end":{"line":95,"column":9}},"locations":[{"start":{"line":85,"column":8},"end":{"line":95,"column":9}}]}},"b":{"0":[18],"1":[7],"2":[18],"3":[22],"4":[8],"5":[7],"6":[3],"7":[15],"8":[3],"9":[29],"10":[14],"11":[12],"12":[17],"13":[12],"14":[12],"15":[10],"16":[2],"17":[8],"18":[7],"19":[24],"20":[21],"21":[1]},"fnMap":{"0":{"name":"createStateProxy","decl":{"start":{"line":17,"column":7},"end":{"line":110,"column":1}},"loc":{"start":{"line":17,"column":7},"end":{"line":110,"column":1}},"line":17},"1":{"name":"trigger","decl":{"start":{"line":28,"column":20},"end":{"line":30,"column":6}},"loc":{"start":{"line":28,"column":20},"end":{"line":30,"column":6}},"line":28},"2":{"name":"schedule","decl":{"start":{"line":32,"column":21},"end":{"line":48,"column":6}},"loc":{"start":{"line":32,"column":21},"end":{"line":48,"column":6}},"line":32},"3":{"name":"get","decl":{"start":{"line":51,"column":8},"end":{"line":71,"column":10}},"loc":{"start":{"line":51,"column":8},"end":{"line":71,"column":10}},"line":51},"4":{"name":"set","decl":{"start":{"line":73,"column":8},"end":{"line":83,"column":10}},"loc":{"start":{"line":73,"column":8},"end":{"line":83,"column":10}},"line":73},"5":{"name":"deleteProperty","decl":{"start":{"line":85,"column":8},"end":{"line":95,"column":9}},"loc":{"start":{"line":85,"column":8},"end":{"line":95,"column":9}},"line":85},"6":{"name":"get","decl":{"start":{"line":103,"column":17},"end":{"line":103,"column":31}},"loc":{"start":{"line":103,"column":17},"end":{"line":103,"column":31}},"line":103}},"f":{"0":18,"1":18,"2":22,"3":29,"4":24,"5":1,"6":0}}
,"/Users/hlorella/code/wis/wis/src/canvas/coordinates.ts": {"path":"/Users/hlorella/code/wis/wis/src/canvas/coordinates.ts","all":false,"statementMap":{"2":{"start":{"line":3,"column":0},"end":{"line":3,"column":36}},"3":{"start":{"line":4,"column":0},"end":{"line":4,"column":38}},"5":{"start":{"line":6,"column":0},"end":{"line":6,"column":44}},"6":{"start":{"line":7,"column":0},"end":{"line":7,"column":29}},"7":{"start":{"line":8,"column":0},"end":{"line":8,"column":5}},"9":{"start":{"line":10,"column":0},"end":{"line":10,"column":67}},"10":{"start":{"line":11,"column":0},"end":{"line":11,"column":57}},"11":{"start":{"line":12,"column":0},"end":{"line":12,"column":38}},"12":{"start":{"line":13,"column":0},"end":{"line":13,"column":37}},"14":{"start":{"line":15,"column":0},"end":{"line":15,"column":16}},"15":{"start":{"line":16,"column":0},"end":{"line":16,"column":55}},"16":{"start":{"line":17,"column":0},"end":{"line":17,"column":54}},"17":{"start":{"line":18,"column":0},"end":{"line":18,"column":10}},"18":{"start":{"line":19,"column":0},"end":{"line":19,"column":5}},"20":{"start":{"line":21,"column":0},"end":{"line":21,"column":65}},"21":{"start":{"line":22,"column":0},"end":{"line":22,"column":57}},"23":{"start":{"line":24,"column":0},"end":{"line":24,"column":16}},"24":{"start":{"line":25,"column":0},"end":{"line":25,"column":70}},"25":{"start":{"line":26,"column":0},"end":{"line":26,"column":68}},"26":{"start":{"line":27,"column":0},"end":{"line":27,"column":10}},"27":{"start":{"line":28,"column":0},"end":{"line":28,"column":5}},"28":{"start":{"line":29,"column":0},"end":{"line":29,"column":1}}},"s":{"2":1,"3":15,"5":15,"6":15,"7":15,"9":15,"10":14,"11":14,"12":14,"14":14,"15":14,"16":14,"17":14,"18":14,"20":15,"21":13,"23":13,"24":13,"25":13,"26":13,"27":13,"28":15},"branchMap":{"0":{"type":"branch","line":3,"loc":{"start":{"line":3,"column":35},"end":{"line":29,"column":1}},"locations":[{"start":{"line":3,"column":35},"end":{"line":29,"column":1}}]},"1":{"type":"branch","line":6,"loc":{"start":{"line":6,"column":4},"end":{"line":8,"column":5}},"locations":[{"start":{"line":6,"column":4},"end":{"line":8,"column":5}}]},"2":{"type":"branch","line":10,"loc":{"start":{"line":10,"column":4},"end":{"line":19,"column":5}},"locations":[{"start":{"line":10,"column":4},"end":{"line":19,"column":5}}]},"3":{"type":"branch","line":21,"loc":{"start":{"line":21,"column":4},"end":{"line":28,"column":5}},"locations":[{"start":{"line":21,"column":4},"end":{"line":28,"column":5}}]}},"b":{"0":[15],"1":[15],"2":[14],"3":[13]},"fnMap":{"0":{"name":"<instance_members_initializer>","decl":{"start":{"line":3,"column":35},"end":{"line":29,"column":1}},"loc":{"start":{"line":3,"column":35},"end":{"line":29,"column":1}},"line":3},"1":{"name":"CoordinateTransformer","decl":{"start":{"line":6,"column":4},"end":{"line":8,"column":5}},"loc":{"start":{"line":6,"column":4},"end":{"line":8,"column":5}},"line":6},"2":{"name":"screenToWorld","decl":{"start":{"line":10,"column":4},"end":{"line":19,"column":5}},"loc":{"start":{"line":10,"column":4},"end":{"line":19,"column":5}},"line":10},"3":{"name":"worldToScreen","decl":{"start":{"line":21,"column":4},"end":{"line":28,"column":5}},"loc":{"start":{"line":21,"column":4},"end":{"line":28,"column":5}},"line":21}},"f":{"0":15,"1":15,"2":14,"3":13}}
,"/Users/hlorella/code/wis/wis/src/canvas/setup.ts": {"path":"/Users/hlorella/code/wis/wis/src/canvas/setup.ts","all":true,"statementMap":{"0":{"start":{"line":1,"column":0},"end":{"line":1,"column":26}},"1":{"start":{"line":2,"column":0},"end":{"line":2,"column":40}},"2":{"start":{"line":3,"column":0},"end":{"line":3,"column":38}},"3":{"start":{"line":4,"column":0},"end":{"line":4,"column":38}},"4":{"start":{"line":5,"column":0},"end":{"line":5,"column":40}},"6":{"start":{"line":7,"column":0},"end":{"line":7,"column":16}},"7":{"start":{"line":8,"column":0},"end":{"line":8,"column":36}},"8":{"start":{"line":9,"column":0},"end":{"line":9,"column":34}},"9":{"start":{"line":10,"column":0},"end":{"line":10,"column":33}},"10":{"start":{"line":11,"column":0},"end":{"line":11,"column":7}},"11":{"start":{"line":12,"column":0},"end":{"line":12,"column":33}},"12":{"start":{"line":13,"column":0},"end":{"line":13,"column":29}},"13":{"start":{"line":14,"column":0},"end":{"line":14,"column":35}},"14":{"start":{"line":15,"column":0},"end":{"line":15,"column":5}},"16":{"start":{"line":17,"column":0},"end":{"line":17,"column":47}},"17":{"start":{"line":18,"column":0},"end":{"line":18,"column":39}},"19":{"start":{"line":20,"column":0},"end":{"line":20,"column":62}},"20":{"start":{"line":21,"column":0},"end":{"line":21,"column":42}},"21":{"start":{"line":22,"column":0},"end":{"line":22,"column":54}},"22":{"start":{"line":23,"column":0},"end":{"line":23,"column":42}},"23":{"start":{"line":24,"column":0},"end":{"line":24,"column":44}},"24":{"start":{"line":25,"column":0},"end":{"line":25,"column":17}},"25":{"start":{"line":26,"column":0},"end":{"line":26,"column":13}},"26":{"start":{"line":27,"column":0},"end":{"line":27,"column":11}},"28":{"start":{"line":29,"column":0},"end":{"line":29,"column":47}},"29":{"start":{"line":30,"column":0},"end":{"line":30,"column":5}},"31":{"start":{"line":32,"column":0},"end":{"line":32,"column":22}},"32":{"start":{"line":33,"column":0},"end":{"line":33,"column":58}},"33":{"start":{"line":34,"column":0},"end":{"line":34,"column":60}},"34":{"start":{"line":35,"column":0},"end":{"line":35,"column":49}},"36":{"start":{"line":37,"column":0},"end":{"line":37,"column":53}},"37":{"start":{"line":38,"column":0},"end":{"line":38,"column":59}},"38":{"start":{"line":39,"column":0},"end":{"line":39,"column":61}},"40":{"start":{"line":41,"column":0},"end":{"line":41,"column":63}},"41":{"start":{"line":42,"column":0},"end":{"line":42,"column":34}},"42":{"start":{"line":43,"column":0},"end":{"line":43,"column":36}},"43":{"start":{"line":44,"column":0},"end":{"line":44,"column":13}},"44":{"start":{"line":45,"column":0},"end":{"line":45,"column":11}},"45":{"start":{"line":46,"column":0},"end":{"line":46,"column":5}},"47":{"start":{"line":48,"column":0},"end":{"line":48,"column":24}},"48":{"start":{"line":49,"column":0},"end":{"line":49,"column":45}},"49":{"start":{"line":50,"column":0},"end":{"line":50,"column":5}},"51":{"start":{"line":52,"column":0},"end":{"line":52,"column":26}},"52":{"start":{"line":53,"column":0},"end":{"line":53,"column":47}},"53":{"start":{"line":54,"column":0},"end":{"line":54,"column":5}},"55":{"start":{"line":56,"column":0},"end":{"line":56,"column":17}},"56":{"start":{"line":57,"column":0},"end":{"line":57,"column":27}},"57":{"start":{"line":58,"column":0},"end":{"line":58,"column":5}},"59":{"start":{"line":60,"column":0},"end":{"line":60,"column":19}},"60":{"start":{"line":61,"column":0},"end":{"line":61,"column":29}},"61":{"start":{"line":62,"column":0},"end":{"line":62,"column":5}},"62":{"start":{"line":63,"column":0},"end":{"line":63,"column":1}}},"s":{"0":0,"1":0,"2":0,"3":0,"4":0,"6":0,"7":0,"8":0,"9":0,"10":0,"11":0,"12":0,"13":0,"14":0,"16":0,"17":0,"19":0,"20":0,"21":0,"22":0,"23":0,"24":0,"25":0,"26":0,"28":0,"29":0,"31":0,"32":0,"33":0,"34":0,"36":0,"37":0,"38":0,"40":0,"41":0,"42":0,"43":0,"44":0,"45":0,"47":0,"48":0,"49":0,"51":0,"52":0,"53":0,"55":0,"56":0,"57":0,"59":0,"60":0,"61":0,"62":0},"branchMap":{"0":{"type":"branch","line":1,"loc":{"start":{"line":1,"column":1682},"end":{"line":63,"column":1}},"locations":[{"start":{"line":1,"column":1682},"end":{"line":63,"column":1}}]}},"b":{"0":[0]},"fnMap":{"0":{"name":"(empty-report)","decl":{"start":{"line":1,"column":1682},"end":{"line":63,"column":1}},"loc":{"start":{"line":1,"column":1682},"end":{"line":63,"column":1}},"line":1}},"f":{"0":0}}
,"/Users/hlorella/code/wis/wis/src/input/mouse.ts": {"path":"/Users/hlorella/code/wis/wis/src/input/mouse.ts","all":true,"statementMap":{"1":{"start":{"line":2,"column":0},"end":{"line":2,"column":43}},"2":{"start":{"line":3,"column":0},"end":{"line":3,"column":53}},"3":{"start":{"line":4,"column":0},"end":{"line":4,"column":49}},"4":{"start":{"line":5,"column":0},"end":{"line":5,"column":51}},"5":{"start":{"line":6,"column":0},"end":{"line":6,"column":44}},"7":{"start":{"line":8,"column":0},"end":{"line":8,"column":27}},"8":{"start":{"line":9,"column":0},"end":{"line":9,"column":29}},"9":{"start":{"line":10,"column":0},"end":{"line":10,"column":39}},"10":{"start":{"line":11,"column":0},"end":{"line":11,"column":35}},"11":{"start":{"line":12,"column":0},"end":{"line":12,"column":37}},"13":{"start":{"line":14,"column":0},"end":{"line":14,"column":16}},"14":{"start":{"line":15,"column":0},"end":{"line":15,"column":34}},"15":{"start":{"line":16,"column":0},"end":{"line":16,"column":33}},"16":{"start":{"line":17,"column":0},"end":{"line":17,"column":31}},"17":{"start":{"line":18,"column":0},"end":{"line":18,"column":7}},"18":{"start":{"line":19,"column":0},"end":{"line":19,"column":73}},"19":{"start":{"line":20,"column":0},"end":{"line":20,"column":61}},"20":{"start":{"line":21,"column":0},"end":{"line":21,"column":79}},"21":{"start":{"line":22,"column":0},"end":{"line":22,"column":49}},"22":{"start":{"line":23,"column":0},"end":{"line":23,"column":39}},"23":{"start":{"line":24,"column":0},"end":{"line":24,"column":5}},"25":{"start":{"line":26,"column":0},"end":{"line":26,"column":66}},"26":{"start":{"line":27,"column":0},"end":{"line":27,"column":84}},"27":{"start":{"line":28,"column":0},"end":{"line":28,"column":84}},"28":{"start":{"line":29,"column":0},"end":{"line":29,"column":76}},"29":{"start":{"line":30,"column":0},"end":{"line":30,"column":76}},"30":{"start":{"line":31,"column":0},"end":{"line":31,"column":5}},"32":{"start":{"line":33,"column":0},"end":{"line":33,"column":58}},"34":{"start":{"line":35,"column":0},"end":{"line":35,"column":50}},"36":{"start":{"line":37,"column":0},"end":{"line":37,"column":66}},"37":{"start":{"line":38,"column":0},"end":{"line":38,"column":52}},"39":{"start":{"line":40,"column":0},"end":{"line":40,"column":25}},"40":{"start":{"line":41,"column":0},"end":{"line":41,"column":58}},"41":{"start":{"line":42,"column":0},"end":{"line":42,"column":9}},"42":{"start":{"line":43,"column":0},"end":{"line":43,"column":5}},"44":{"start":{"line":45,"column":0},"end":{"line":45,"column":58}},"45":{"start":{"line":46,"column":0},"end":{"line":46,"column":47}},"46":{"start":{"line":47,"column":0},"end":{"line":47,"column":52}},"47":{"start":{"line":48,"column":0},"end":{"line":48,"column":5}},"49":{"start":{"line":50,"column":0},"end":{"line":50,"column":41}},"50":{"start":{"line":51,"column":0},"end":{"line":51,"column":61}},"51":{"start":{"line":52,"column":0},"end":{"line":52,"column":47}},"53":{"start":{"line":54,"column":0},"end":{"line":54,"column":25}},"54":{"start":{"line":55,"column":0},"end":{"line":55,"column":59}},"55":{"start":{"line":56,"column":0},"end":{"line":56,"column":9}},"56":{"start":{"line":57,"column":0},"end":{"line":57,"column":5}},"58":{"start":{"line":59,"column":0},"end":{"line":59,"column":54}},"59":{"start":{"line":60,"column":0},"end":{"line":60,"column":27}},"61":{"start":{"line":62,"column":0},"end":{"line":62,"column":53}},"62":{"start":{"line":63,"column":0},"end":{"line":63,"column":54}},"65":{"start":{"line":66,"column":0},"end":{"line":66,"column":46}},"67":{"start":{"line":68,"column":0},"end":{"line":68,"column":81}},"68":{"start":{"line":69,"column":0},"end":{"line":69,"column":44}},"69":{"start":{"line":70,"column":0},"end":{"line":70,"column":43}},"72":{"start":{"line":73,"column":0},"end":{"line":73,"column":70}},"73":{"start":{"line":74,"column":0},"end":{"line":74,"column":70}},"74":{"start":{"line":75,"column":0},"end":{"line":75,"column":38}},"75":{"start":{"line":76,"column":0},"end":{"line":76,"column":9}},"76":{"start":{"line":77,"column":0},"end":{"line":77,"column":5}},"77":{"start":{"line":78,"column":0},"end":{"line":78,"column":1}}},"s":{"1":0,"2":0,"3":0,"4":0,"5":0,"7":0,"8":0,"9":0,"10":0,"11":0,"13":0,"14":0,"15":0,"16":0,"17":0,"18":0,"19":0,"20":0,"21":0,"22":0,"23":0,"25":0,"26":0,"27":0,"28":0,"29":0,"30":0,"32":0,"34":0,"36":0,"37":0,"39":0,"40":0,"41":0,"42":0,"44":0,"45":0,"46":0,"47":0,"49":0,"50":0,"51":0,"53":0,"54":0,"55":0,"56":0,"58":0,"59":0,"61":0,"62":0,"65":0,"67":0,"68":0,"69":0,"72":0,"73":0,"74":0,"75":0,"76":0,"77":0},"branchMap":{"0":{"type":"branch","line":1,"loc":{"start":{"line":1,"column":2927},"end":{"line":78,"column":1}},"locations":[{"start":{"line":1,"column":2927},"end":{"line":78,"column":1}}]}},"b":{"0":[1]},"fnMap":{"0":{"name":"(empty-report)","decl":{"start":{"line":1,"column":2927},"end":{"line":78,"column":1}},"loc":{"start":{"line":1,"column":2927},"end":{"line":78,"column":1}},"line":1}},"f":{"0":1}}
,"/Users/hlorella/code/wis/wis/src/rendering/background.ts": {"path":"/Users/hlorella/code/wis/wis/src/rendering/background.ts","all":true,"statementMap":{"2":{"start":{"line":3,"column":0},"end":{"line":3,"column":33}},"3":{"start":{"line":4,"column":0},"end":{"line":4,"column":31}},"4":{"start":{"line":5,"column":0},"end":{"line":5,"column":25}},"6":{"start":{"line":7,"column":0},"end":{"line":7,"column":84}},"7":{"start":{"line":8,"column":0},"end":{"line":8,"column":49}},"8":{"start":{"line":9,"column":0},"end":{"line":9,"column":41}},"9":{"start":{"line":10,"column":0},"end":{"line":10,"column":43}},"11":{"start":{"line":12,"column":0},"end":{"line":12,"column":19}},"12":{"start":{"line":13,"column":0},"end":{"line":13,"column":28}},"13":{"start":{"line":14,"column":0},"end":{"line":14,"column":43}},"16":{"start":{"line":17,"column":0},"end":{"line":17,"column":56}},"17":{"start":{"line":18,"column":0},"end":{"line":18,"column":52}},"20":{"start":{"line":21,"column":0},"end":{"line":21,"column":100}},"21":{"start":{"line":22,"column":0},"end":{"line":22,"column":100}},"22":{"start":{"line":23,"column":0},"end":{"line":23,"column":75}},"23":{"start":{"line":24,"column":0},"end":{"line":24,"column":76}},"25":{"start":{"line":26,"column":0},"end":{"line":26,"column":24}},"26":{"start":{"line":27,"column":0},"end":{"line":27,"column":60}},"27":{"start":{"line":28,"column":0},"end":{"line":28,"column":34}},"28":{"start":{"line":29,"column":0},"end":{"line":29,"column":32}},"29":{"start":{"line":30,"column":0},"end":{"line":30,"column":9}},"30":{"start":{"line":31,"column":0},"end":{"line":31,"column":60}},"31":{"start":{"line":32,"column":0},"end":{"line":32,"column":34}},"32":{"start":{"line":33,"column":0},"end":{"line":33,"column":32}},"33":{"start":{"line":34,"column":0},"end":{"line":34,"column":9}},"34":{"start":{"line":35,"column":0},"end":{"line":35,"column":41}},"35":{"start":{"line":36,"column":0},"end":{"line":36,"column":74}},"36":{"start":{"line":37,"column":0},"end":{"line":37,"column":21}},"37":{"start":{"line":38,"column":0},"end":{"line":38,"column":22}},"38":{"start":{"line":39,"column":0},"end":{"line":39,"column":5}},"39":{"start":{"line":40,"column":0},"end":{"line":40,"column":1}}},"s":{"2":0,"3":0,"4":0,"6":0,"7":0,"8":0,"9":0,"11":0,"12":0,"13":0,"16":0,"17":0,"20":0,"21":0,"22":0,"23":0,"25":0,"26":0,"27":0,"28":0,"29":0,"30":0,"31":0,"32":0,"33":0,"34":0,"35":0,"36":0,"37":0,"38":0,"39":0},"branchMap":{"0":{"type":"branch","line":1,"loc":{"start":{"line":1,"column":1487},"end":{"line":40,"column":1}},"locations":[{"start":{"line":1,"column":1487},"end":{"line":40,"column":1}}]}},"b":{"0":[1]},"fnMap":{"0":{"name":"(empty-report)","decl":{"start":{"line":1,"column":1487},"end":{"line":40,"column":1}},"loc":{"start":{"line":1,"column":1487},"end":{"line":40,"column":1}},"line":1}},"f":{"0":1}}
,"/Users/hlorella/code/wis/wis/src/rendering/path2DRenderer.ts": {"path":"/Users/hlorella/code/wis/wis/src/rendering/path2DRenderer.ts","all":false,"statementMap":{"2":{"start":{"line":3,"column":0},"end":{"line":3,"column":29}},"3":{"start":{"line":4,"column":0},"end":{"line":4,"column":50}},"4":{"start":{"line":5,"column":0},"end":{"line":5,"column":24}},"5":{"start":{"line":6,"column":0},"end":{"line":6,"column":28}},"6":{"start":{"line":7,"column":0},"end":{"line":7,"column":26}},"7":{"start":{"line":8,"column":0},"end":{"line":8,"column":27}},"8":{"start":{"line":9,"column":0},"end":{"line":9,"column":6}},"10":{"start":{"line":11,"column":0},"end":{"line":11,"column":84}},"11":{"start":{"line":12,"column":0},"end":{"line":12,"column":49}},"12":{"start":{"line":13,"column":0},"end":{"line":13,"column":41}},"13":{"start":{"line":14,"column":0},"end":{"line":14,"column":43}},"15":{"start":{"line":16,"column":0},"end":{"line":16,"column":19}},"16":{"start":{"line":17,"column":0},"end":{"line":17,"column":28}},"17":{"start":{"line":18,"column":0},"end":{"line":18,"column":43}},"20":{"start":{"line":21,"column":0},"end":{"line":21,"column":56}},"21":{"start":{"line":22,"column":0},"end":{"line":22,"column":52}},"24":{"start":{"line":25,"column":0},"end":{"line":25,"column":45}},"25":{"start":{"line":26,"column":0},"end":{"line":26,"column":48}},"26":{"start":{"line":27,"column":0},"end":{"line":27,"column":11}},"29":{"start":{"line":30,"column":0},"end":{"line":30,"column":70}},"30":{"start":{"line":31,"column":0},"end":{"line":31,"column":91}},"31":{"start":{"line":32,"column":0},"end":{"line":32,"column":9}},"33":{"start":{"line":34,"column":0},"end":{"line":34,"column":22}},"34":{"start":{"line":35,"column":0},"end":{"line":35,"column":5}},"36":{"start":{"line":37,"column":0},"end":{"line":37,"column":84}},"38":{"start":{"line":39,"column":0},"end":{"line":39,"column":48}},"39":{"start":{"line":40,"column":0},"end":{"line":40,"column":20}},"40":{"start":{"line":41,"column":0},"end":{"line":41,"column":44}},"41":{"start":{"line":42,"column":0},"end":{"line":42,"column":47}},"42":{"start":{"line":43,"column":0},"end":{"line":43,"column":9}},"45":{"start":{"line":46,"column":0},"end":{"line":46,"column":39}},"48":{"start":{"line":49,"column":0},"end":{"line":49,"column":41}},"49":{"start":{"line":50,"column":0},"end":{"line":50,"column":27}},"50":{"start":{"line":51,"column":0},"end":{"line":51,"column":16}},"51":{"start":{"line":52,"column":0},"end":{"line":52,"column":29}},"52":{"start":{"line":53,"column":0},"end":{"line":53,"column":9}},"55":{"start":{"line":56,"column":0},"end":{"line":56,"column":43}},"56":{"start":{"line":57,"column":0},"end":{"line":57,"column":54}},"57":{"start":{"line":58,"column":0},"end":{"line":58,"column":9}},"58":{"start":{"line":59,"column":0},"end":{"line":59,"column":5}},"60":{"start":{"line":61,"column":0},"end":{"line":61,"column":48}},"61":{"start":{"line":62,"column":0},"end":{"line":62,"column":34}},"63":{"start":{"line":64,"column":0},"end":{"line":64,"column":29}},"64":{"start":{"line":65,"column":0},"end":{"line":65,"column":24}},"65":{"start":{"line":66,"column":0},"end":{"line":66,"column":48}},"66":{"start":{"line":67,"column":0},"end":{"line":67,"column":48}},"67":{"start":{"line":68,"column":0},"end":{"line":68,"column":22}},"68":{"start":{"line":69,"column":0},"end":{"line":69,"column":29}},"69":{"start":{"line":70,"column":0},"end":{"line":70,"column":71}},"70":{"start":{"line":71,"column":0},"end":{"line":71,"column":22}},"71":{"start":{"line":72,"column":0},"end":{"line":72,"column":26}},"72":{"start":{"line":73,"column":0},"end":{"line":73,"column":73}},"73":{"start":{"line":74,"column":0},"end":{"line":74,"column":22}},"74":{"start":{"line":75,"column":0},"end":{"line":75,"column":9}},"76":{"start":{"line":77,"column":0},"end":{"line":77,"column":20}},"77":{"start":{"line":78,"column":0},"end":{"line":78,"column":5}},"79":{"start":{"line":80,"column":0},"end":{"line":80,"column":72}},"80":{"start":{"line":81,"column":0},"end":{"line":81,"column":63}},"82":{"start":{"line":83,"column":0},"end":{"line":83,"column":41}},"83":{"start":{"line":84,"column":0},"end":{"line":84,"column":34}},"84":{"start":{"line":85,"column":0},"end":{"line":85,"column":16}},"85":{"start":{"line":86,"column":0},"end":{"line":86,"column":36}},"86":{"start":{"line":87,"column":0},"end":{"line":87,"column":30}},"87":{"start":{"line":88,"column":0},"end":{"line":88,"column":9}},"88":{"start":{"line":89,"column":0},"end":{"line":89,"column":5}},"90":{"start":{"line":91,"column":0},"end":{"line":91,"column":86}},"91":{"start":{"line":92,"column":0},"end":{"line":92,"column":19}},"92":{"start":{"line":93,"column":0},"end":{"line":93,"column":32}},"93":{"start":{"line":94,"column":0},"end":{"line":94,"column":30}},"95":{"start":{"line":96,"column":0},"end":{"line":96,"column":34}},"97":{"start":{"line":98,"column":0},"end":{"line":98,"column":23}},"98":{"start":{"line":99,"column":0},"end":{"line":99,"column":24}},"99":{"start":{"line":100,"column":0},"end":{"line":100,"column":53}},"100":{"start":{"line":101,"column":0},"end":{"line":101,"column":56}},"101":{"start":{"line":102,"column":0},"end":{"line":102,"column":56}},"102":{"start":{"line":103,"column":0},"end":{"line":103,"column":50}},"103":{"start":{"line":104,"column":0},"end":{"line":104,"column":34}},"104":{"start":{"line":105,"column":0},"end":{"line":105,"column":33}},"105":{"start":{"line":106,"column":0},"end":{"line":106,"column":22}},"106":{"start":{"line":107,"column":0},"end":{"line":107,"column":29}},"107":{"start":{"line":108,"column":0},"end":{"line":108,"column":58}},"108":{"start":{"line":109,"column":0},"end":{"line":109,"column":87}},"109":{"start":{"line":110,"column":0},"end":{"line":110,"column":48}},"110":{"start":{"line":111,"column":0},"end":{"line":111,"column":31}},"111":{"start":{"line":112,"column":0},"end":{"line":112,"column":22}},"112":{"start":{"line":113,"column":0},"end":{"line":113,"column":26}},"113":{"start":{"line":114,"column":0},"end":{"line":114,"column":57}},"114":{"start":{"line":115,"column":0},"end":{"line":115,"column":91}},"115":{"start":{"line":116,"column":0},"end":{"line":116,"column":52}},"116":{"start":{"line":117,"column":0},"end":{"line":117,"column":34}},"117":{"start":{"line":118,"column":0},"end":{"line":118,"column":33}},"118":{"start":{"line":119,"column":0},"end":{"line":119,"column":22}},"119":{"start":{"line":120,"column":0},"end":{"line":120,"column":9}},"121":{"start":{"line":122,"column":0},"end":{"line":122,"column":22}},"122":{"start":{"line":123,"column":0},"end":{"line":123,"column":5}},"124":{"start":{"line":125,"column":0},"end":{"line":125,"column":83}},"125":{"start":{"line":126,"column":0},"end":{"line":126,"column":19}},"126":{"start":{"line":127,"column":0},"end":{"line":127,"column":36}},"127":{"start":{"line":128,"column":0},"end":{"line":128,"column":26}},"128":{"start":{"line":129,"column":0},"end":{"line":129,"column":32}},"130":{"start":{"line":131,"column":0},"end":{"line":131,"column":29}},"131":{"start":{"line":132,"column":0},"end":{"line":132,"column":29}},"132":{"start":{"line":133,"column":0},"end":{"line":133,"column":53}},"133":{"start":{"line":134,"column":0},"end":{"line":134,"column":88}},"134":{"start":{"line":135,"column":0},"end":{"line":135,"column":22}},"135":{"start":{"line":136,"column":0},"end":{"line":136,"column":26}},"136":{"start":{"line":137,"column":0},"end":{"line":137,"column":52}},"137":{"start":{"line":138,"column":0},"end":{"line":138,"column":32}},"138":{"start":{"line":139,"column":0},"end":{"line":139,"column":79}},"139":{"start":{"line":140,"column":0},"end":{"line":140,"column":29}},"140":{"start":{"line":141,"column":0},"end":{"line":141,"column":22}},"141":{"start":{"line":142,"column":0},"end":{"line":142,"column":24}},"142":{"start":{"line":143,"column":0},"end":{"line":143,"column":48}},"143":{"start":{"line":144,"column":0},"end":{"line":144,"column":34}},"144":{"start":{"line":145,"column":0},"end":{"line":145,"column":32}},"145":{"start":{"line":146,"column":0},"end":{"line":146,"column":45}},"146":{"start":{"line":147,"column":0},"end":{"line":147,"column":45}},"147":{"start":{"line":148,"column":0},"end":{"line":148,"column":29}},"148":{"start":{"line":149,"column":0},"end":{"line":149,"column":22}},"149":{"start":{"line":150,"column":0},"end":{"line":150,"column":9}},"151":{"start":{"line":152,"column":0},"end":{"line":152,"column":22}},"152":{"start":{"line":153,"column":0},"end":{"line":153,"column":5}},"155":{"start":{"line":156,"column":0},"end":{"line":156,"column":34}},"156":{"start":{"line":157,"column":0},"end":{"line":157,"column":22}},"157":{"start":{"line":158,"column":0},"end":{"line":158,"column":43}},"158":{"start":{"line":159,"column":0},"end":{"line":159,"column":16}},"159":{"start":{"line":160,"column":0},"end":{"line":160,"column":35}},"160":{"start":{"line":161,"column":0},"end":{"line":161,"column":9}},"161":{"start":{"line":162,"column":0},"end":{"line":162,"column":5}},"162":{"start":{"line":163,"column":0},"end":{"line":163,"column":1}}},"s":{"2":1,"3":18,"4":18,"5":18,"6":18,"7":18,"8":18,"10":18,"11":23,"12":23,"13":23,"15":23,"16":23,"17":23,"20":23,"21":23,"24":23,"25":21,"26":23,"29":23,"30":4,"31":4,"33":23,"34":23,"36":18,"38":21,"39":21,"40":20,"41":20,"42":20,"45":21,"48":21,"49":12,"50":21,"51":9,"52":9,"55":21,"56":3,"57":3,"58":21,"60":18,"61":20,"63":20,"64":20,"65":4,"66":4,"67":4,"68":20,"69":11,"70":11,"71":20,"72":5,"73":5,"74":20,"76":20,"77":20,"79":18,"80":21,"82":21,"83":12,"84":21,"85":9,"86":9,"87":9,"88":21,"90":18,"91":4,"92":4,"93":4,"95":4,"97":4,"98":4,"99":1,"100":1,"101":1,"102":1,"103":1,"104":1,"105":1,"106":4,"107":2,"108":2,"109":2,"110":2,"111":2,"112":4,"113":1,"114":1,"115":1,"116":1,"117":1,"118":1,"119":4,"121":4,"122":4,"124":18,"125":3,"126":3,"127":3,"128":3,"130":3,"131":3,"132":2,"133":2,"134":2,"135":3,"136":1,"137":1,"138":1,"139":1,"140":1,"141":3,"142":0,"143":0,"144":0,"145":0,"146":0,"147":0,"148":0,"149":3,"151":3,"152":3,"155":18,"156":2,"157":1,"158":1,"159":1,"160":1,"161":2,"162":18},"branchMap":{"0":{"type":"branch","line":3,"loc":{"start":{"line":3,"column":28},"end":{"line":163,"column":1}},"locations":[{"start":{"line":3,"column":28},"end":{"line":163,"column":1}}]},"1":{"type":"branch","line":11,"loc":{"start":{"line":11,"column":4},"end":{"line":35,"column":5}},"locations":[{"start":{"line":11,"column":4},"end":{"line":35,"column":5}}]},"2":{"type":"branch","line":12,"loc":{"start":{"line":12,"column":27},"end":{"line":12,"column":49}},"locations":[{"start":{"line":12,"column":27},"end":{"line":12,"column":49}}]},"3":{"type":"branch","line":30,"loc":{"start":{"line":30,"column":33},"end":{"line":30,"column":69}},"locations":[{"start":{"line":30,"column":33},"end":{"line":30,"column":69}}]},"4":{"type":"branch","line":30,"loc":{"start":{"line":30,"column":69},"end":{"line":32,"column":9}},"locations":[{"start":{"line":30,"column":69},"end":{"line":32,"column":9}}]},"5":{"type":"branch","line":25,"loc":{"start":{"line":25,"column":35},"end":{"line":27,"column":9}},"locations":[{"start":{"line":25,"column":35},"end":{"line":27,"column":9}}]},"6":{"type":"branch","line":37,"loc":{"start":{"line":37,"column":12},"end":{"line":59,"column":5}},"locations":[{"start":{"line":37,"column":12},"end":{"line":59,"column":5}}]},"7":{"type":"branch","line":40,"loc":{"start":{"line":40,"column":19},"end":{"line":43,"column":9}},"locations":[{"start":{"line":40,"column":19},"end":{"line":43,"column":9}}]},"8":{"type":"branch","line":49,"loc":{"start":{"line":49,"column":40},"end":{"line":51,"column":15}},"locations":[{"start":{"line":49,"column":40},"end":{"line":51,"column":15}}]},"9":{"type":"branch","line":51,"loc":{"start":{"line":51,"column":8},"end":{"line":53,"column":9}},"locations":[{"start":{"line":51,"column":8},"end":{"line":53,"column":9}}]},"10":{"type":"branch","line":56,"loc":{"start":{"line":56,"column":42},"end":{"line":58,"column":9}},"locations":[{"start":{"line":56,"column":42},"end":{"line":58,"column":9}}]},"11":{"type":"branch","line":61,"loc":{"start":{"line":61,"column":12},"end":{"line":78,"column":5}},"locations":[{"start":{"line":61,"column":12},"end":{"line":78,"column":5}}]},"12":{"type":"branch","line":65,"loc":{"start":{"line":65,"column":12},"end":{"line":68,"column":22}},"locations":[{"start":{"line":65,"column":12},"end":{"line":68,"column":22}}]},"13":{"type":"branch","line":69,"loc":{"start":{"line":69,"column":12},"end":{"line":71,"column":22}},"locations":[{"start":{"line":69,"column":12},"end":{"line":71,"column":22}}]},"14":{"type":"branch","line":72,"loc":{"start":{"line":72,"column":12},"end":{"line":74,"column":22}},"locations":[{"start":{"line":72,"column":12},"end":{"line":74,"column":22}}]},"15":{"type":"branch","line":80,"loc":{"start":{"line":80,"column":12},"end":{"line":89,"column":5}},"locations":[{"start":{"line":80,"column":12},"end":{"line":89,"column":5}}]},"16":{"type":"branch","line":81,"loc":{"start":{"line":81,"column":28},"end":{"line":81,"column":63}},"locations":[{"start":{"line":81,"column":28},"end":{"line":81,"column":63}}]},"17":{"type":"branch","line":83,"loc":{"start":{"line":83,"column":40},"end":{"line":85,"column":15}},"locations":[{"start":{"line":83,"column":40},"end":{"line":85,"column":15}}]},"18":{"type":"branch","line":85,"loc":{"start":{"line":85,"column":8},"end":{"line":88,"column":9}},"locations":[{"start":{"line":85,"column":8},"end":{"line":88,"column":9}}]},"19":{"type":"branch","line":91,"loc":{"start":{"line":91,"column":12},"end":{"line":123,"column":5}},"locations":[{"start":{"line":91,"column":12},"end":{"line":123,"column":5}}]},"20":{"type":"branch","line":99,"loc":{"start":{"line":99,"column":12},"end":{"line":106,"column":22}},"locations":[{"start":{"line":99,"column":12},"end":{"line":106,"column":22}}]},"21":{"type":"branch","line":107,"loc":{"start":{"line":107,"column":12},"end":{"line":112,"column":22}},"locations":[{"start":{"line":107,"column":12},"end":{"line":112,"column":22}}]},"22":{"type":"branch","line":113,"loc":{"start":{"line":113,"column":12},"end":{"line":119,"column":22}},"locations":[{"start":{"line":113,"column":12},"end":{"line":119,"column":22}}]},"23":{"type":"branch","line":125,"loc":{"start":{"line":125,"column":12},"end":{"line":153,"column":5}},"locations":[{"start":{"line":125,"column":12},"end":{"line":153,"column":5}}]},"24":{"type":"branch","line":132,"loc":{"start":{"line":132,"column":12},"end":{"line":135,"column":22}},"locations":[{"start":{"line":132,"column":12},"end":{"line":135,"column":22}}]},"25":{"type":"branch","line":136,"loc":{"start":{"line":136,"column":12},"end":{"line":141,"column":22}},"locations":[{"start":{"line":136,"column":12},"end":{"line":141,"column":22}}]},"26":{"type":"branch","line":142,"loc":{"start":{"line":142,"column":12},"end":{"line":149,"column":22}},"locations":[{"start":{"line":142,"column":12},"end":{"line":149,"column":22}}]},"27":{"type":"branch","line":156,"loc":{"start":{"line":156,"column":4},"end":{"line":162,"column":5}},"locations":[{"start":{"line":156,"column":4},"end":{"line":162,"column":5}}]},"28":{"type":"branch","line":157,"loc":{"start":{"line":157,"column":21},"end":{"line":161,"column":9}},"locations":[{"start":{"line":157,"column":21},"end":{"line":161,"column":9}}]}},"b":{"0":[18],"1":[23],"2":[0],"3":[4],"4":[4],"5":[21],"6":[21],"7":[20],"8":[12],"9":[9],"10":[3],"11":[20],"12":[4],"13":[11],"14":[5],"15":[21],"16":[1],"17":[12],"18":[9],"19":[4],"20":[1],"21":[2],"22":[1],"23":[3],"24":[2],"25":[1],"26":[0],"27":[2],"28":[1]},"fnMap":{"0":{"name":"<instance_members_initializer>","decl":{"start":{"line":3,"column":28},"end":{"line":163,"column":1}},"loc":{"start":{"line":3,"column":28},"end":{"line":163,"column":1}},"line":3},"1":{"name":"render","decl":{"start":{"line":11,"column":4},"end":{"line":35,"column":5}},"loc":{"start":{"line":11,"column":4},"end":{"line":35,"column":5}},"line":11},"2":{"name":"renderShape","decl":{"start":{"line":37,"column":12},"end":{"line":59,"column":5}},"loc":{"start":{"line":37,"column":12},"end":{"line":59,"column":5}},"line":37},"3":{"name":"createPath2D","decl":{"start":{"line":61,"column":12},"end":{"line":78,"column":5}},"loc":{"start":{"line":61,"column":12},"end":{"line":78,"column":5}},"line":61},"4":{"name":"setShapeStyle","decl":{"start":{"line":80,"column":12},"end":{"line":89,"column":5}},"loc":{"start":{"line":80,"column":12},"end":{"line":89,"column":5}},"line":80},"5":{"name":"renderPreview","decl":{"start":{"line":91,"column":12},"end":{"line":123,"column":5}},"loc":{"start":{"line":91,"column":12},"end":{"line":123,"column":5}},"line":91},"6":{"name":"renderSelectionHighlight","decl":{"start":{"line":125,"column":12},"end":{"line":153,"column":5}},"loc":{"start":{"line":125,"column":12},"end":{"line":153,"column":5}},"line":125},"7":{"name":"clearCache","decl":{"start":{"line":156,"column":4},"end":{"line":162,"column":5}},"loc":{"start":{"line":156,"column":4},"end":{"line":162,"column":5}},"line":156}},"f":{"0":18,"1":23,"2":21,"3":20,"4":21,"5":4,"6":3,"7":2}}
,"/Users/hlorella/code/wis/wis/src/rendering/renderer.ts": {"path":"/Users/hlorella/code/wis/wis/src/rendering/renderer.ts","all":true,"statementMap":{"1":{"start":{"line":2,"column":0},"end":{"line":2,"column":41}},"3":{"start":{"line":4,"column":0},"end":{"line":4,"column":23}},"4":{"start":{"line":5,"column":0},"end":{"line":5,"column":41}},"6":{"start":{"line":7,"column":0},"end":{"line":7,"column":19}},"7":{"start":{"line":8,"column":0},"end":{"line":8,"column":49}},"8":{"start":{"line":9,"column":0},"end":{"line":9,"column":5}},"10":{"start":{"line":11,"column":0},"end":{"line":11,"column":84}},"11":{"start":{"line":12,"column":0},"end":{"line":12,"column":49}},"12":{"start":{"line":13,"column":0},"end":{"line":13,"column":41}},"13":{"start":{"line":14,"column":0},"end":{"line":14,"column":43}},"15":{"start":{"line":16,"column":0},"end":{"line":16,"column":19}},"16":{"start":{"line":17,"column":0},"end":{"line":17,"column":28}},"17":{"start":{"line":18,"column":0},"end":{"line":18,"column":43}},"20":{"start":{"line":21,"column":0},"end":{"line":21,"column":56}},"21":{"start":{"line":22,"column":0},"end":{"line":22,"column":52}},"24":{"start":{"line":25,"column":0},"end":{"line":25,"column":45}},"25":{"start":{"line":26,"column":0},"end":{"line":26,"column":62}},"26":{"start":{"line":27,"column":0},"end":{"line":27,"column":11}},"29":{"start":{"line":30,"column":0},"end":{"line":30,"column":70}},"30":{"start":{"line":31,"column":0},"end":{"line":31,"column":45}},"31":{"start":{"line":32,"column":0},"end":{"line":32,"column":20}},"32":{"start":{"line":33,"column":0},"end":{"line":33,"column":43}},"33":{"start":{"line":34,"column":0},"end":{"line":34,"column":41}},"34":{"start":{"line":35,"column":0},"end":{"line":35,"column":14}},"35":{"start":{"line":36,"column":0},"end":{"line":36,"column":9}},"37":{"start":{"line":38,"column":0},"end":{"line":38,"column":22}},"38":{"start":{"line":39,"column":0},"end":{"line":39,"column":5}},"39":{"start":{"line":40,"column":0},"end":{"line":40,"column":1}}},"s":{"1":0,"3":0,"4":0,"6":0,"7":0,"8":0,"10":0,"11":0,"12":0,"13":0,"15":0,"16":0,"17":0,"20":0,"21":0,"24":0,"25":0,"26":0,"29":0,"30":0,"31":0,"32":0,"33":0,"34":0,"35":0,"37":0,"38":0,"39":0},"branchMap":{"0":{"type":"branch","line":1,"loc":{"start":{"line":1,"column":1186},"end":{"line":40,"column":1}},"locations":[{"start":{"line":1,"column":1186},"end":{"line":40,"column":1}}]}},"b":{"0":[1]},"fnMap":{"0":{"name":"(empty-report)","decl":{"start":{"line":1,"column":1186},"end":{"line":40,"column":1}},"loc":{"start":{"line":1,"column":1186},"end":{"line":40,"column":1}},"line":1}},"f":{"0":1}}
,"/Users/hlorella/code/wis/wis/src/rendering/shapes.ts": {"path":"/Users/hlorella/code/wis/wis/src/rendering/shapes.ts","all":true,"statementMap":{"2":{"start":{"line":3,"column":0},"end":{"line":3,"column":28}},"3":{"start":{"line":4,"column":0},"end":{"line":4,"column":26}},"5":{"start":{"line":6,"column":0},"end":{"line":6,"column":77}},"6":{"start":{"line":7,"column":0},"end":{"line":7,"column":29}},"7":{"start":{"line":8,"column":0},"end":{"line":8,"column":24}},"8":{"start":{"line":9,"column":0},"end":{"line":9,"column":44}},"9":{"start":{"line":10,"column":0},"end":{"line":10,"column":22}},"10":{"start":{"line":11,"column":0},"end":{"line":11,"column":29}},"11":{"start":{"line":12,"column":0},"end":{"line":12,"column":49}},"12":{"start":{"line":13,"column":0},"end":{"line":13,"column":22}},"13":{"start":{"line":14,"column":0},"end":{"line":14,"column":26}},"14":{"start":{"line":15,"column":0},"end":{"line":15,"column":46}},"15":{"start":{"line":16,"column":0},"end":{"line":16,"column":22}},"16":{"start":{"line":17,"column":0},"end":{"line":17,"column":9}},"19":{"start":{"line":20,"column":0},"end":{"line":20,"column":52}},"20":{"start":{"line":21,"column":0},"end":{"line":21,"column":54}},"21":{"start":{"line":22,"column":0},"end":{"line":22,"column":9}},"22":{"start":{"line":23,"column":0},"end":{"line":23,"column":5}},"24":{"start":{"line":25,"column":0},"end":{"line":25,"column":64}},"25":{"start":{"line":26,"column":0},"end":{"line":26,"column":37}},"26":{"start":{"line":27,"column":0},"end":{"line":27,"column":39}},"27":{"start":{"line":28,"column":0},"end":{"line":28,"column":24}},"28":{"start":{"line":29,"column":0},"end":{"line":29,"column":37}},"29":{"start":{"line":30,"column":0},"end":{"line":30,"column":37}},"30":{"start":{"line":31,"column":0},"end":{"line":31,"column":21}},"31":{"start":{"line":32,"column":0},"end":{"line":32,"column":5}},"33":{"start":{"line":34,"column":0},"end":{"line":34,"column":74}},"34":{"start":{"line":35,"column":0},"end":{"line":35,"column":35}},"35":{"start":{"line":36,"column":0},"end":{"line":36,"column":62}},"36":{"start":{"line":37,"column":0},"end":{"line":37,"column":5}},"38":{"start":{"line":39,"column":0},"end":{"line":39,"column":70}},"39":{"start":{"line":40,"column":0},"end":{"line":40,"column":39}},"40":{"start":{"line":41,"column":0},"end":{"line":41,"column":38}},"41":{"start":{"line":42,"column":0},"end":{"line":42,"column":39}},"42":{"start":{"line":43,"column":0},"end":{"line":43,"column":24}},"43":{"start":{"line":44,"column":0},"end":{"line":44,"column":67}},"44":{"start":{"line":45,"column":0},"end":{"line":45,"column":21}},"45":{"start":{"line":46,"column":0},"end":{"line":46,"column":5}},"47":{"start":{"line":48,"column":0},"end":{"line":48,"column":78}},"48":{"start":{"line":49,"column":0},"end":{"line":49,"column":19}},"49":{"start":{"line":50,"column":0},"end":{"line":50,"column":32}},"50":{"start":{"line":51,"column":0},"end":{"line":51,"column":30}},"52":{"start":{"line":53,"column":0},"end":{"line":53,"column":23}},"53":{"start":{"line":54,"column":0},"end":{"line":54,"column":24}},"54":{"start":{"line":55,"column":0},"end":{"line":55,"column":57}},"55":{"start":{"line":56,"column":0},"end":{"line":56,"column":22}},"56":{"start":{"line":57,"column":0},"end":{"line":57,"column":29}},"57":{"start":{"line":58,"column":0},"end":{"line":58,"column":67}},"58":{"start":{"line":59,"column":0},"end":{"line":59,"column":22}},"59":{"start":{"line":60,"column":0},"end":{"line":60,"column":26}},"60":{"start":{"line":61,"column":0},"end":{"line":61,"column":61}},"61":{"start":{"line":62,"column":0},"end":{"line":62,"column":22}},"62":{"start":{"line":63,"column":0},"end":{"line":63,"column":9}},"64":{"start":{"line":65,"column":0},"end":{"line":65,"column":22}},"65":{"start":{"line":66,"column":0},"end":{"line":66,"column":5}},"67":{"start":{"line":68,"column":0},"end":{"line":68,"column":83}},"68":{"start":{"line":69,"column":0},"end":{"line":69,"column":19}},"69":{"start":{"line":70,"column":0},"end":{"line":70,"column":36}},"70":{"start":{"line":71,"column":0},"end":{"line":71,"column":26}},"71":{"start":{"line":72,"column":0},"end":{"line":72,"column":32}},"73":{"start":{"line":74,"column":0},"end":{"line":74,"column":29}},"74":{"start":{"line":75,"column":0},"end":{"line":75,"column":29}},"75":{"start":{"line":76,"column":0},"end":{"line":76,"column":53}},"76":{"start":{"line":77,"column":0},"end":{"line":77,"column":88}},"77":{"start":{"line":78,"column":0},"end":{"line":78,"column":22}},"78":{"start":{"line":79,"column":0},"end":{"line":79,"column":26}},"79":{"start":{"line":80,"column":0},"end":{"line":80,"column":52}},"80":{"start":{"line":81,"column":0},"end":{"line":81,"column":32}},"81":{"start":{"line":82,"column":0},"end":{"line":82,"column":79}},"82":{"start":{"line":83,"column":0},"end":{"line":83,"column":29}},"83":{"start":{"line":84,"column":0},"end":{"line":84,"column":22}},"84":{"start":{"line":85,"column":0},"end":{"line":85,"column":24}},"85":{"start":{"line":86,"column":0},"end":{"line":86,"column":48}},"86":{"start":{"line":87,"column":0},"end":{"line":87,"column":34}},"87":{"start":{"line":88,"column":0},"end":{"line":88,"column":32}},"88":{"start":{"line":89,"column":0},"end":{"line":89,"column":45}},"89":{"start":{"line":90,"column":0},"end":{"line":90,"column":45}},"90":{"start":{"line":91,"column":0},"end":{"line":91,"column":29}},"91":{"start":{"line":92,"column":0},"end":{"line":92,"column":22}},"92":{"start":{"line":93,"column":0},"end":{"line":93,"column":9}},"94":{"start":{"line":95,"column":0},"end":{"line":95,"column":22}},"95":{"start":{"line":96,"column":0},"end":{"line":96,"column":5}},"96":{"start":{"line":97,"column":0},"end":{"line":97,"column":1}}},"s":{"2":0,"3":0,"5":0,"6":0,"7":0,"8":0,"9":0,"10":0,"11":0,"12":0,"13":0,"14":0,"15":0,"16":0,"19":0,"20":0,"21":0,"22":0,"24":0,"25":0,"26":0,"27":0,"28":0,"29":0,"30":0,"31":0,"33":0,"34":0,"35":0,"36":0,"38":0,"39":0,"40":0,"41":0,"42":0,"43":0,"44":0,"45":0,"47":0,"48":0,"49":0,"50":0,"52":0,"53":0,"54":0,"55":0,"56":0,"57":0,"58":0,"59":0,"60":0,"61":0,"62":0,"64":0,"65":0,"67":0,"68":0,"69":0,"70":0,"71":0,"73":0,"74":0,"75":0,"76":0,"77":0,"78":0,"79":0,"80":0,"81":0,"82":0,"83":0,"84":0,"85":0,"86":0,"87":0,"88":0,"89":0,"90":0,"91":0,"92":0,"94":0,"95":0,"96":0},"branchMap":{"0":{"type":"branch","line":1,"loc":{"start":{"line":1,"column":3089},"end":{"line":97,"column":1}},"locations":[{"start":{"line":1,"column":3089},"end":{"line":97,"column":1}}]}},"b":{"0":[1]},"fnMap":{"0":{"name":"(empty-report)","decl":{"start":{"line":1,"column":3089},"end":{"line":97,"column":1}},"loc":{"start":{"line":1,"column":3089},"end":{"line":97,"column":1}},"line":1}},"f":{"0":1}}
,"/Users/hlorella/code/wis/wis/src/tools/drawingTools.ts": {"path":"/Users/hlorella/code/wis/wis/src/tools/drawingTools.ts","all":true,"statementMap":{"1":{"start":{"line":2,"column":0},"end":{"line":2,"column":62}},"2":{"start":{"line":3,"column":0},"end":{"line":3,"column":38}},"3":{"start":{"line":4,"column":0},"end":{"line":4,"column":61}},"4":{"start":{"line":5,"column":0},"end":{"line":5,"column":39}},"6":{"start":{"line":7,"column":0},"end":{"line":7,"column":27}},"7":{"start":{"line":8,"column":0},"end":{"line":8,"column":30}},"8":{"start":{"line":9,"column":0},"end":{"line":9,"column":28}},"9":{"start":{"line":10,"column":0},"end":{"line":10,"column":28}},"10":{"start":{"line":11,"column":0},"end":{"line":11,"column":57}},"11":{"start":{"line":12,"column":0},"end":{"line":12,"column":36}},"12":{"start":{"line":13,"column":0},"end":{"line":13,"column":41}},"14":{"start":{"line":15,"column":0},"end":{"line":15,"column":99}},"15":{"start":{"line":16,"column":0},"end":{"line":16,"column":71}},"16":{"start":{"line":17,"column":0},"end":{"line":17,"column":31}},"17":{"start":{"line":18,"column":0},"end":{"line":18,"column":47}},"18":{"start":{"line":19,"column":0},"end":{"line":19,"column":5}},"20":{"start":{"line":21,"column":0},"end":{"line":21,"column":59}},"21":{"start":{"line":22,"column":0},"end":{"line":22,"column":53}},"22":{"start":{"line":23,"column":0},"end":{"line":23,"column":34}},"23":{"start":{"line":24,"column":0},"end":{"line":24,"column":99}},"24":{"start":{"line":25,"column":0},"end":{"line":25,"column":42}},"25":{"start":{"line":26,"column":0},"end":{"line":26,"column":42}},"28":{"start":{"line":29,"column":0},"end":{"line":29,"column":42}},"29":{"start":{"line":30,"column":0},"end":{"line":30,"column":24}},"30":{"start":{"line":31,"column":0},"end":{"line":31,"column":9}},"31":{"start":{"line":32,"column":0},"end":{"line":32,"column":21}},"32":{"start":{"line":33,"column":0},"end":{"line":33,"column":5}},"34":{"start":{"line":35,"column":0},"end":{"line":35,"column":59}},"35":{"start":{"line":36,"column":0},"end":{"line":36,"column":59}},"36":{"start":{"line":37,"column":0},"end":{"line":37,"column":99}},"37":{"start":{"line":38,"column":0},"end":{"line":38,"column":62}},"38":{"start":{"line":39,"column":0},"end":{"line":39,"column":24}},"39":{"start":{"line":40,"column":0},"end":{"line":40,"column":9}},"40":{"start":{"line":41,"column":0},"end":{"line":41,"column":21}},"41":{"start":{"line":42,"column":0},"end":{"line":42,"column":5}},"43":{"start":{"line":44,"column":0},"end":{"line":44,"column":42}},"44":{"start":{"line":45,"column":0},"end":{"line":4
[...]
,"/Users/hlorella/code/wis/wis/src/tools/selectTool.ts": {"path":"/Users/hlorella/code/wis/wis/src/tools/selectTool.ts","all":true,"statementMap":{"1":{"start":{"line":2,"column":0},"end":{"line":2,"column":62}},"3":{"start":{"line":4,"column":0},"end":{"line":4,"column":25}},"4":{"start":{"line":5,"column":0},"end":{"line":5,"column":57}},"6":{"start":{"line":7,"column":0},"end":{"line":7,"column":44}},"7":{"start":{"line":8,"column":0},"end":{"line":8,"column":71}},"8":{"start":{"line":9,"column":0},"end":{"line":9,"column":5}},"10":{"start":{"line":11,"column":0},"end":{"line":11,"column":59}},"11":{"start":{"line":12,"column":0},"end":{"line":12,"column":56}},"12":{"start":{"line":13,"column":0},"end":{"line":13,"column":99}},"15":{"start":{"line":16,"column":0},"end":{"line":16,"column":46}},"16":{"start":{"line":17,"column":0},"end":{"line":17,"column":58}},"17":{"start":{"line":18,"column":0},"end":{"line":18,"column":70}},"18":{"start":{"line":19,"column":0},"end":{"line":19,"column":51}},"19":{"start":{"line":20,"column":0},"end":{"line":20,"column":60}},"20":{"start":{"line":21,"column":0},"end":{"line":21,"column":32}},"21":{"start":{"line":22,"column":0},"end":{"line":22,"column":17}},"22":{"start":{"line":23,"column":0},"end":{"line":23,"column":13}},"25":{"start":{"line":26,"column":0},"end":{"line":26,"column":35}},"26":{"start":{"line":27,"column":0},"end":{"line":27,"column":52}},"28":{"start":{"line":29,"column":0},"end":{"line":29,"column":24}},"29":{"start":{"line":30,"column":0},"end":{"line":30,"column":9}},"30":{"start":{"line":31,"column":0},"end":{"line":31,"column":21}},"31":{"start":{"line":32,"column":0},"end":{"line":32,"column":5}},"33":{"start":{"line":34,"column":0},"end":{"line":34,"column":59}},"35":{"start":{"line":36,"column":0},"end":{"line":36,"column":21}},"36":{"start":{"line":37,"column":0},"end":{"line":37,"column":5}},"38":{"start":{"line":39,"column":0},"end":{"line":39,"column":42}},"40":{"start":{"line":41,"column":0},"end":{"line":41,"column":21}},"41":{"start":{"line":42,"column":0},"end":{"line":42,"column":5}},"43":{"start":{"line":44,"column":0},"end":{"line":44,"column":66}},"44":{"start":{"line":45,"column":0},"end":{"line":45,"column":29}},"45":{"start":{"line":46,"column":0},"end":{"line":46,"column":29}},"46":{"start":{"line":47,"column":0},"end":{"line":47,"column":76}},"47":{"start":{"line":48,"column":0},"end":{"line":48,"column":26}},"48":{"start":{"line":49,"column":0},"end":{"line":49,"column":70}},"49":{"start":{"line":50,"column":0},"end":{"line":50,"column":24}},"50":{"start":{"line":51,"column":0},"end":{"line":51,"column":66}},"51":{"start":{"line":52,"column":0},"end":{"line":52,"column":20}},"52":{"start":{"line":53,"column":0},"end":{"line":53,"column":29}},"53":{"start":{"line":54,"column":0},"end":{"line":54,"column":9}},"54":{"start":{"line":55,"column":0},"end":{"line":55,"column":5}},"56":{"start":{"line":57,"column":0},"end":{"line":57,"column":83}},"57":{"start":{"line":58,"column":0},"end":{"line":58,"column":30}},"58":{"start":{"line":59,"column":0},"end":{"line":59,"column":43}},"59":{"start":{"line":60,"column":0},"end":{"line":60,"column":30}},"60":{"start":{"line":61,"column":0},"end":{"line":61,"column":41}},"61":{"start":{"line":62,"column":0},"end":{"line":62,"column":5}},"63":{"start":{"line":64,"column":0},"end":{"line":64,"column":79}},"64":{"start":{"line":65,"column":0},"end":{"line":65,"column":32}},"65":{"start":{"line":66,"column":0},"end":{"line":66,"column":32}},"66":{"start":{"line":67,"column":0},"end":{"line":67,"column":54}},"67":{"start":{"line":68,"column":0},"end":{"line":68,"column":41}},"68":{"start":{"line":69,"column":0},"end":{"line":69,"column":5}},"70":{"start":{"line":71,"column":0},"end":{"line":71,"column":73}},"71":{"start":{"line":72,"column":0},"end":{"line":72,"column":69}},"74":{"start":{"line":75,"column":0},"end":{"line":75,"column":30}},"75":{"start":{"line":76,"column":0},"end":{"line":76,"column":30}},"76":{"start":{"line":77,"column":0},"end":{"line":77,"column":36}},"77":{"start":{"line":78,"column":0},"end":{"line":78,"column":36}},"79":{"start":{"line":80,"column":0},"end":{"line":80,"column":34}},"80":{"start":{"line":81,"column":0},"end":{"line":81,"column":36}},"82":{"start":{"line":83,"column":0},"end":{"line":83,"column":26}},"84":{"start":{"line":85,"column":0},"end":{"line":85,"column":35}},"85":{"start":{"line":86,"column":0},"end":{"line":86,"column":35}},"86":{"start":{"line":87,"column":0},"end":{"line":87,"column":61}},"87":{"start":{"line":88,"column":0},"end":{"line":88,"column":9}},"89":{"start":{"line":90,"column":0},"end":{"line":90,"column":32}},"91":{"start":{"line":92,"column":0},"end":{"line":92,"column":19}},"92":{"start":{"line":93,"column":0},"end":{"line":93,"column":24}},"93":{"start":{"line":94,"column":0},"end":{"line":94,"column":25}},"94":{"start":{"line":95,"column":0},"end":{"line":95,"column":25}},"95":{"start":{"line":96,"column":0},"end":{"line":96,"column":31}},"96":{"start":{"line":97,"column":0},"end":{"line":97,"column":25}},"97":{"start":{"line":98,"column":0},"end":{"line":98,"column":25}},"98":{"start":{"line":99,"column":0},"end":{"line":99,"column":16}},"99":{"start":{"line":100,"column":0},"end":{"line":100,"column":37}},"100":{"start":{"line":101,"column":0},"end":{"line":101,"column":37}},"101":{"start":{"line":102,"column":0},"end":{"line":102,"column":9}},"103":{"start":{"line":104,"column":0},"end":{"line":104,"column":26}},"104":{"start":{"line":105,"column":0},"end":{"line":105,"column":26}},"105":{"start":{"line":106,"column":0},"end":{"line":106,"column":54}},"107":{"start":{"line":108,"column":0},"end":{"line":108,"column":37}},"108":{"start":{"line":109,"column":0},"end":{"line":109,"column":5}},"109":{"start":{"line":110,"column":0},"end":{"line":110,"column":1}}},"s":{"1":0,"3":0,"4":0,"6":0,"7":0,"8":0,"10":0,"11":0,"12":0,"15":0,"16":0,"17":0,"18":0,"19":0,"20":0,"21":0,"22":0,"25":0,"26":0,"28":0,"29":0,"30":0,"31":0,"33":0,"35":0,"36":0,"38":0,"40":0,"41":0,"43":0,"44":0,"45":0,"46":0,"47":0,"48":0,"49":0,"50":0,"51":0,"52":0,"53":0,"54":0,"56":0,"57":0,"58":0,"59":0,"60":0,"61":0,"63":0,"64":0,"65":0,"66":0,"67":0,"68":0,"70":0,"71":0,"74":0,"75":0,"76":0,"77":0,"79":0,"80":0,"82":0,"84":0,"85":0,"86":0,"87":0,"89":0,"91":0,"92":0,"93":0,"94":0,"95":0,"96":0,"97":0,"98":0,"99":0,"100":0,"101":0,"103":0,"104":0,"105":0,"107":0,"108":0,"109":0},"branchMap":{"0":{"type":"branch","line":1,"loc":{"start":{"line":1,"column":3573},"end":{"line":110,"column":1}},"locations":[{"start":{"line":1,"column":3573},"end":{"line":110,"column":1}}]}},"b":{"0":[1]},"fnMap":{"0":{"name":"(empty-report)","decl":{"start":{"line":1,"column":3573},"end":{"line":110,"column":1}},"loc":{"start":{"line":1,"column":3573},"end":{"line":110,"column":1}},"line":1}},"f":{"0":1}}
,"/Users/hlorella/code/wis/wis/src/tools/toolManager.ts": {"path":"/Users/hlorella/code/wis/wis/src/tools/toolManager.ts","all":true,"statementMap":{"1":{"start":{"line":2,"column":0},"end":{"line":2,"column":44}},"3":{"start":{"line":4,"column":0},"end":{"line":4,"column":26}},"4":{"start":{"line":5,"column":0},"end":{"line":5,"column":55}},"5":{"start":{"line":6,"column":0},"end":{"line":6,"column":49}},"6":{"start":{"line":7,"column":0},"end":{"line":7,"column":49}},"7":{"start":{"line":8,"column":0},"end":{"line":8,"column":38}},"8":{"start":{"line":9,"column":0},"end":{"line":9,"column":36}},"10":{"start":{"line":11,"column":0},"end":{"line":11,"column":69}},"11":{"start":{"line":12,"column":0},"end":{"line":12,"column":29}},"12":{"start":{"line":13,"column":0},"end":{"line":13,"column":31}},"13":{"start":{"line":14,"column":0},"end":{"line":14,"column":85}},"14":{"start":{"line":15,"column":0},"end":{"line":15,"column":92}},"15":{"start":{"line":16,"column":0},"end":{"line":16,"column":92}},"16":{"start":{"line":17,"column":0},"end":{"line":17,"column":5}},"18":{"start":{"line":19,"column":0},"end":{"line":19,"column":36}},"19":{"start":{"line":20,"column":0},"end":{"line":20,"column":41}},"20":{"start":{"line":21,"column":0},"end":{"line":21,"column":49}},"21":{"start":{"line":22,"column":0},"end":{"line":22,"column":39}},"22":{"start":{"line":23,"column":0},"end":{"line":23,"column":58}},"23":{"start":{"line":24,"column":0},"end":{"line":24,"column":52}},"24":{"start":{"line":25,"column":0},"end":{"line":25,"column":48}},"25":{"start":{"line":26,"column":0},"end":{"line":26,"column":65}},"26":{"start":{"line":27,"column":0},"end":{"line":27,"column":17}},"27":{"start":{"line":28,"column":0},"end":{"line":28,"column":15}},"28":{"start":{"line":29,"column":0},"end":{"line":29,"column":11}},"31":{"start":{"line":32,"column":0},"end":{"line":32,"column":36}},"32":{"start":{"line":33,"column":0},"end":{"line":33,"column":5}},"34":{"start":{"line":35,"column":0},"end":{"line":35,"column":56}},"35":{"start":{"line":36,"column":0},"end":{"line":36,"column":25}},"36":{"start":{"line":37,"column":0},"end":{"line":37,"column":24}},"37":{"start":{"line":38,"column":0},"end":{"line":38,"column":45}},"38":{"start":{"line":39,"column":0},"end":{"line":39,"column":45}},"39":{"start":{"line":40,"column":0},"end":{"line":40,"column":48}},"40":{"start":{"line":41,"column":0},"end":{"line":41,"column":17}},"41":{"start":{"line":42,"column":0},"end":{"line":42,"column":22}},"42":{"start":{"line":43,"column":0},"end":{"line":43,"column":24}},"43":{"start":{"line":44,"column":0},"end":{"line":44,"column":45}},"44":{"start":{"line":45,"column":0},"end":{"line":45,"column":45}},"45":{"start":{"line":46,"column":0},"end":{"line":46,"column":48}},"46":{"start":{"line":47,"column":0},"end":{"line":47,"column":17}},"47":{"start":{"line":48,"column":0},"end":{"line":48,"column":22}},"48":{"start":{"line":49,"column":0},"end":{"line":49,"column":9}},"49":{"start":{"line":50,"column":0},"end":{"line":50,"column":5}},"51":{"start":{"line":52,"column":0},"end":{"line":52,"column":46}},"53":{"start":{"line":54,"column":0},"end":{"line":54,"column":41}},"54":{"start":{"line":55,"column":0},"end":{"line":55,"column":35}},"55":{"start":{"line":56,"column":0},"end":{"line":56,"column":59}},"56":{"start":{"line":57,"column":0},"end":{"line":57,"column":57}},"57":{"start":{"line":58,"column":0},"end":{"line":58,"column":70}},"58":{"start":{"line":59,"column":0},"end":{"line":59,"column":13}},"59":{"start":{"line":60,"column":0},"end":{"line":60,"column":11}},"62":{"start":{"line":63,"column":0},"end":{"line":63,"column":32}},"65":{"start":{"line":66,"column":0},"end":{"line":66,"column":20}},"66":{"start":{"line":67,"column":0},"end":{"line":67,"column":30}},"67":{"start":{"line":68,"column":0},"end":{"line":68,"column":9}},"68":{"start":{"line":69,"column":0},"end":{"line":69,"column":5}},"70":{"start":{"line":71,"column":0},"end":{"line":71,"column":34}},"71":{"start":{"line":72,"column":0},"end":{"line":72,"column":30}},"72":{"start":{"line":73,"column":0},"end":{"line":73,"column":63}},"73":{"start":{"line":74,"column":0},"end":{"line":74,"column":9}},"74":{"start":{"line":75,"column":0},"end":{"line":75,"column":30}},"75":{"start":{"line":76,"column":0},"end":{"line":76,"column":63}},"76":{"start":{"line":77,"column":0},"end":{"line":77,"column":9}},"77":{"start":{"line":78,"column":0},"end":{"line":78,"column":5}},"79":{"start":{"line":80,"column":0},"end":{"line":80,"column":38}},"80":{"start":{"line":81,"column":0},"end":{"line":81,"column":23}},"81":{"start":{"line":82,"column":0},"end":{"line":82,"column":23}},"82":{"start":{"line":83,"column":0},"end":{"line":83,"column":50}},"83":{"start":{"line":84,"column":0},"end":{"line":84,"column":22}},"84":{"start":{"line":85,"column":0},"end":{"line":85,"column":26}},"85":{"start":{"line":86,"column":0},"end":{"line":86,"column":53}},"86":{"start":{"line":87,"column":0},"end":{"line":87,"column":22}},"87":{"start":{"line":88,"column":0},"end":{"line":88,"column":20}},"88":{"start":{"line":89,"column":0},"end":{"line":89,"column":55}},"89":{"start":{"line":90,"column":0},"end":{"line":90,"column":22}},"90":{"start":{"line":91,"column":0},"end":{"line":91,"column":9}},"91":{"start":{"line":92,"column":0},"end":{"line":92,"column":5}},"93":{"start":{"line":94,"column":0},"end":{"line":94,"column":48}},"94":{"start":{"line":95,"column":0},"end":{"line":95,"column":24}},"95":{"start":{"line":96,"column":0},"end":{"line":96,"column":50}},"96":{"start":{"line":97,"column":0},"end":{"line":97,"column":16}},"97":{"start":{"line":98,"column":0},"end":{"line":98,"column":46}},"98":{"start":{"line":99,"column":0},"end":{"line":99,"column":9}},"99":{"start":{"line":100,"column":0},"end":{"line":100,"column":5}},"100":{"start":{"line":101,"column":0},"end":{"line":101,"column":1}}},"s":{"1":0,"3":0,"4":0,"5":0,"6":0,"7":0,"8":0,"10":0,"11":0,"12":0,"13":0,"14":0,"15":0,"16":0,"18":0,"19":0,"20":0,"21":0,"22":0,"23":0,"24":0,"25":0,"26":0,"27":0,"28":0,"31":0,"32":0,"34":0,"35":0,"36":0,"37":0,"38":0,"39":0,"40":0,"41":0,"42":0,"43":0,"44":0,"45":0,"46":0,"47":0,"48":0,"49":0,"51":0,"53":0,"54":0,"55":0,"56":0,"57":0,"58":0,"59":0,"62":0,"65":0,"66":0,"67":0,"68":0,"70":0,"71":0,"72":0,"73":0,"74":0,"75":0,"76":0,"77":0,"79":0,"80":0,"81":0,"82":0,"83":0,"84":0,"85":0,"86":0,"87":0,"88":0,"89":0,"90":0,"91":0,"93":0,"94":0,"95":0,"96":0,"97":0,"98":0,"99":0,"100":0},"branchMap":{"0":{"type":"branch","line":1,"loc":{"start":{"line":1,"column":3188},"end":{"line":101,"column":1}},"locations":[{"start":{"line":1,"column":3188},"end":{"line":101,"column":1}}]}},"b":{"0":[1]},"fnMap":{"0":{"name":"(empty-report)","decl":{"start":{"line":1,"column":3188},"end":{"line":101,"column":1}},"loc":{"start":{"line":1,"column":3188},"end":{"line":101,"column":1}},"line":1}},"f":{"0":1}}
,"/Users/hlorella/code/wis/wis/tests/helpers.ts": {"path":"/Users/hlorella/code/wis/wis/tests/helpers.ts","all":false,"statementMap":{"1":{"start":{"line":2,"column":0},"end":{"line":2,"column":46}},"6":{"start":{"line":7,"column":0},"end":{"line":7,"column":42}},"7":{"start":{"line":8,"column":0},"end":{"line":8,"column":10}},"8":{"start":{"line":9,"column":0},"end":{"line":9,"column":26}},"9":{"start":{"line":10,"column":0},"end":{"line":10,"column":40}},"10":{"start":{"line":11,"column":0},"end":{"line":11,"column":25}},"11":{"start":{"line":12,"column":0},"end":{"line":12,"column":48}},"12":{"start":{"line":13,"column":0},"end":{"line":13,"column":19}},"13":{"start":{"line":14,"column":0},"end":{"line":14,"column":4}},"14":{"start":{"line":15,"column":0},"end":{"line":15,"column":1}},"19":{"start":{"line":20,"column":0},"end":{"line":20,"column":94}},"20":{"start":{"line":21,"column":0},"end":{"line":21,"column":10}},"21":{"start":{"line":22,"column":0},"end":{"line":22,"column":21}},"22":{"start":{"line":23,"column":0},"end":{"line":23,"column":31}},"23":{"start":{"line":24,"column":0},"end":{"line":24,"column":18}},"24":{"start":{"line":25,"column":0},"end":{"line":25,"column":10}},"25":{"start":{"line":26,"column":0},"end":{"line":26,"column":10}},"26":{"start":{"line":27,"column":0},"end":{"line":27,"column":14}},"27":{"start":{"line":28,"column":0},"end":{"line":28,"column":15}},"28":{"start":{"line":29,"column":0},"end":{"line":29,"column":16}},"29":{"start":{"line":30,"column":0},"end":{"line":30,"column":4}},"30":{"start":{"line":31,"column":0},"end":{"line":31,"column":1}},"35":{"start":{"line":36,"column":0},"end":{"line":36,"column":85}},"36":{"start":{"line":37,"column":0},"end":{"line":37,"column":10}},"37":{"start":{"line":38,"column":0},"end":{"line":38,"column":21}},"38":{"start":{"line":39,"column":0},"end":{"line":39,"column":28}},"39":{"start":{"line":40,"column":0},"end":{"line":40,"column":18}},"40":{"start":{"line":41,"column":0},"end":{"line":41,"column":10}},"41":{"start":{"line":42,"column":0},"end":{"line":42,"column":10}},"42":{"start":{"line":43,"column":0},"end":{"line":43,"column":15}},"43":{"start":{"line":44,"column":0},"end":{"line":44,"column":16}},"44":{"start":{"line":45,"column":0},"end":{"line":45,"column":4}},"45":{"start":{"line":46,"column":0},"end":{"line":46,"column":1}},"50":{"start":{"line":51,"column":0},"end":{"line":51,"column":79}},"51":{"start":{"line":52,"column":0},"end":{"line":52,"column":10}},"52":{"start":{"line":53,"column":0},"end":{"line":53,"column":21}},"53":{"start":{"line":54,"column":0},"end":{"line":54,"column":26}},"54":{"start":{"line":55,"column":0},"end":{"line":55,"column":18}},"55":{"start":{"line":56,"column":0},"end":{"line":56,"column":10}},"56":{"start":{"line":57,"column":0},"end":{"line":57,"column":10}},"57":{"start":{"line":58,"column":0},"end":{"line":58,"column":11}},"58":{"start":{"line":59,"column":0},"end":{"line":59,"column":11}},"59":{"start":{"line":60,"column":0},"end":{"line":60,"column":16}},"60":{"start":{"line":61,"column":0},"end":{"line":61,"column":4}},"61":{"start":{"line":62,"column":0},"end":{"line":62,"column":1}}},"s":{"1":1,"6":1,"7":49,"8":49,"9":49,"10":49,"11":49,"12":49,"13":49,"14":49,"19":1,"20":27,"21":27,"22":27,"23":27,"24":27,"25":27,"26":27,"27":27,"28":27,"29":27,"30":27,"35":1,"36":6,"37":6,"38":6,"39":6,"40":6,"41":6,"42":6,"43":6,"44":6,"45":6,"50":1,"51":4,"52":4,"53":4,"54":4,"55":4,"56":4,"57":4,"58":4,"59":4,"60":4,"61":4},"branchMap":{"0":{"type":"branch","line":7,"loc":{"start":{"line":7,"column":7},"end":{"line":15,"column":1}},"locations":[{"start":{"line":7,"column":7},"end":{"line":15,"column":1}}]},"1":{"type":"branch","line":20,"loc":{"start":{"line":20,"column":7},"end":{"line":31,"column":1}},"locations":[{"start":{"line":20,"column":7},"end":{"line":31,"column":1}}]},"2":{"type":"branch","line":36,"loc":{"start":{"line":36,"column":7},"end":{"line":46,"column":1}},"locations":[{"start":{"line":36,"column":7},"end":{"line":46,"column":1}}]},"3":{"type":"branch","line":51,"loc":{"start":{"line":51,"column":7},"end":{"line":62,"column":1}},"locations":[{"start":{"line":51,"column":7},"end":{"line":62,"column":1}}]}},"b":{"0":[49],"1":[27],"2":[6],"3":[4]},"fnMap":{"0":{"name":"createTestState","decl":{"start":{"line":7,"column":7},"end":{"line":15,"column":1}},"loc":{"start":{"line":7,"column":7},"end":{"line":15,"column":1}},"line":7},"1":{"name":"createTestRectangle","decl":{"start":{"line":20,"column":7},"end":{"line":31,"column":1}},"loc":{"start":{"line":20,"column":7},"end":{"line":31,"column":1}},"line":20},"2":{"name":"createTestCircle","decl":{"start":{"line":36,"column":7},"end":{"line":46,"column":1}},"loc":{"start":{"line":36,"column":7},"end":{"line":46,"column":1}},"line":36},"3":{"name":"createTestLine","decl":{"start":{"line":51,"column":7},"end":{"line":62,"column":1}},"loc":{"start":{"line":51,"column":7},"end":{"line":62,"column":1}},"line":51}},"f":{"0":49,"1":27,"2":6,"3":4}}
}
