{"/Users/hlorella/code/wis/wis/playwright.config.ts": {"path":"/Users/hlorella/code/wis/wis/playwright.config.ts","all":true,"statementMap":{"0":{"start":{"line":1,"column":0},"end":{"line":1,"column":57}},"5":{"start":{"line":6,"column":0},"end":{"line":6,"column":29}},"6":{"start":{"line":7,"column":0},"end":{"line":7,"column":25}},"8":{"start":{"line":9,"column":0},"end":{"line":9,"column":22}},"10":{"start":{"line":11,"column":0},"end":{"line":11,"column":31}},"12":{"start":{"line":13,"column":0},"end":{"line":13,"column":34}},"14":{"start":{"line":15,"column":0},"end":{"line":15,"column":42}},"16":{"start":{"line":17,"column":0},"end":{"line":17,"column":13}},"17":{"start":{"line":18,"column":0},"end":{"line":18,"column":13}},"18":{"start":{"line":19,"column":0},"end":{"line":19,"column":67}},"19":{"start":{"line":20,"column":0},"end":{"line":20,"column":4}},"21":{"start":{"line":22,"column":0},"end":{"line":22,"column":8}},"23":{"start":{"line":24,"column":0},"end":{"line":24,"column":37}},"26":{"start":{"line":27,"column":0},"end":{"line":27,"column":28}},"29":{"start":{"line":30,"column":0},"end":{"line":30,"column":34}},"32":{"start":{"line":33,"column":0},"end":{"line":33,"column":31}},"33":{"start":{"line":34,"column":0},"end":{"line":34,"column":4}},"36":{"start":{"line":37,"column":0},"end":{"line":37,"column":13}},"37":{"start":{"line":38,"column":0},"end":{"line":38,"column":5}},"38":{"start":{"line":39,"column":0},"end":{"line":39,"column":23}},"39":{"start":{"line":40,"column":0},"end":{"line":40,"column":44}},"40":{"start":{"line":41,"column":0},"end":{"line":41,"column":6}},"72":{"start":{"line":73,"column":0},"end":{"line":73,"column":4}},"75":{"start":{"line":76,"column":0},"end":{"line":76,"column":14}},"76":{"start":{"line":77,"column":0},"end":{"line":77,"column":27}},"77":{"start":{"line":78,"column":0},"end":{"line":78,"column":15}},"78":{"start":{"line":79,"column":0},"end":{"line":79,"column":41}},"79":{"start":{"line":80,"column":0},"end":{"line":80,"column":21}},"80":{"start":{"line":81,"column":0},"end":{"line":81,"column":19}},"81":{"start":{"line":82,"column":0},"end":{"line":82,"column":4}},"82":{"start":{"line":83,"column":0},"end":{"line":83,"column":3}}},"s":{"0":0,"5":0,"6":0,"8":0,"10":0,"12":0,"14":0,"16":0,"17":0,"18":0,"19":0,"21":0,"23":0,"26":0,"29":0,"32":0,"33":0,"36":0,"37":0,"38":0,"39":0,"40":0,"72":0,"75":0,"76":0,"77":0,"78":0,"79":0,"80":0,"81":0,"82":0},"branchMap":{"0":{"type":"branch","line":1,"loc":{"start":{"line":1,"column":2286},"end":{"line":83,"column":3}},"locations":[{"start":{"line":1,"column":2286},"end":{"line":83,"column":3}}]}},"b":{"0":[0]},"fnMap":{"0":{"name":"(empty-report)","decl":{"start":{"line":1,"column":2286},"end":{"line":83,"column":3}},"loc":{"start":{"line":1,"column":2286},"end":{"line":83,"column":3}},"line":1}},"f":{"0":0}}
,"/Users/hlorella/code/wis/wis/scripts/coverage-gap-analysis.cjs": {"path":"/Users/hlorella/code/wis/wis/scripts/coverage-gap-analysis.cjs","all":true,"statementMap":{"0":{"start":{"line":1,"column":0},"end":{"line":1,"column":19}},"2":{"start":{"line":3,"column":0},"end":{"line":3,"column":3}},"3":{"start":{"line":4,"column":0},"end":{"line":4,"column":31}},"4":{"start":{"line":5,"column":0},"end":{"line":5,"column":76}},"5":{"start":{"line":6,"column":0},"end":{"line":6,"column":45}},"6":{"start":{"line":7,"column":0},"end":{"line":7,"column":3}},"8":{"start":{"line":9,"column":0},"end":{"line":9,"column":25}},"9":{"start":{"line":10,"column":0},"end":{"line":10,"column":29}},"11":{"start":{"line":12,"column":0},"end":{"line":12,"column":44}},"12":{"start":{"line":13,"column":0},"end":{"line":13,"column":20}},"13":{"start":{"line":14,"column":0},"end":{"line":14,"column":12}},"14":{"start":{"line":15,"column":0},"end":{"line":15,"column":16}},"15":{"start":{"line":16,"column":0},"end":{"line":16,"column":15}},"16":{"start":{"line":17,"column":0},"end":{"line":17,"column":16}},"17":{"start":{"line":18,"column":0},"end":{"line":18,"column":2}},"19":{"start":{"line":20,"column":0},"end":{"line":20,"column":29}},"20":{"start":{"line":21,"column":0},"end":{"line":21,"column":83}},"21":{"start":{"line":22,"column":0},"end":{"line":22,"column":2}},"22":{"start":{"line":23,"column":0},"end":{"line":23,"column":37}},"23":{"start":{"line":24,"column":0},"end":{"line":24,"column":80}},"24":{"start":{"line":25,"column":0},"end":{"line":25,"column":20}},"25":{"start":{"line":26,"column":0},"end":{"line":26,"column":3}},"26":{"start":{"line":27,"column":0},"end":{"line":27,"column":2}},"27":{"start":{"line":28,"column":0},"end":{"line":28,"column":59}},"28":{"start":{"line":29,"column":0},"end":{"line":29,"column":1}},"30":{"start":{"line":31,"column":0},"end":{"line":31,"column":34}},"31":{"start":{"line":32,"column":0},"end":{"line":32,"column":60}},"32":{"start":{"line":33,"column":0},"end":{"line":33,"column":2}},"33":{"start":{"line":34,"column":0},"end":{"line":34,"column":51}},"34":{"start":{"line":35,"column":0},"end":{"line":35,"column":80}},"35":{"start":{"line":36,"column":0},"end":{"line":36,"column":2}},"36":{"start":{"line":37,"column":0},"end":{"line":37,"column":50}},"37":{"start":{"line":38,"column":0},"end":{"line":38,"column":79}},"38":{"start":{"line":39,"column":0},"end":{"line":39,"column":2}},"39":{"start":{"line":40,"column":0},"end":{"line":40,"column":60}},"40":{"start":{"line":41,"column":0},"end":{"line":41,"column":87}},"41":{"start":{"line":42,"column":0},"end":{"line":42,"column":2}},"42":{"start":{"line":43,"column":0},"end":{"line":43,"column":10}},"43":{"start":{"line":44,"column":0},"end":{"line":44,"column":70}},"44":{"start":{"line":45,"column":0},"end":{"line":45,"column":69}},"45":{"start":{"line":46,"column":0},"end":{"line":46,"column":74}},"46":{"start":{"line":47,"column":0},"end":{"line":47,"column":78}},"47":{"start":{"line":48,"column":0},"end":{"line":48,"column":4}},"48":{"start":{"line":49,"column":0},"end":{"line":49,"column":1}},"50":{"start":{"line":51,"column":0},"end":{"line":51,"column":34}},"51":{"start":{"line":52,"column":0},"end":{"line":52,"column":23}},"52":{"start":{"line":53,"column":0},"end":{"line":53,"column":47}},"53":{"start":{"line":54,"column":0},"end":{"line":54,"column":2}},"54":{"start":{"line":55,"column":0},"end":{"line":55,"column":58}},"55":{"start":{"line":56,"column":0},"end":{"line":56,"column":45}},"56":{"start":{"line":57,"column":0},"end":{"line":57,"column":40}},"57":{"start":{"line":58,"column":0},"end":{"line":58,"column":60}},"58":{"start":{"line":59,"column":0},"end":{"line":59,"column":5}},"59":{"start":{"line":60,"column":0},"end":{"line":60,"column":5}},"60":{"start":{"line":61,"column":0},"end":{"line":61,"column":2}},"61":{"start":{"line":62,"column":0},"end":{"line":62,"column":60}},"62":{"start":{"line":63,"column":0},"end":{"line":63,"column":1}},"64":{"start":{"line":65,"column":0},"end":{"line":65,"column":37}},"65":{"start":{"line":66,"column":0},"end":{"line":66,"column":59}},"66":{"start":{"line":67,"column":0},"end":{"line":67,"column":27}},"67":{"start":{"line":68,"column":0},"end":{"line":68,"column":17}},"68":{"start":{"line":69,"column":0},"end":{"line":69,"column":15}},"69":{"start":{"line":70,"column":0},"end":{"line":70,"column":15}},"70":{"start":{"line":71,"column":0},"end":{"line":71,"column":20}},"71":{"start":{"line":72,"column":0},"end":{"line":72,"column":20}},"72":{"start":{"line":73,"column":0},"end":{"line":73,"column":25}},"73":{"start":{"line":74,"column":0},"end":{"line":74,"column":21}},"74":{"start":{"line":75,"column":0},"end":{"line":75,"column":58}},"75":{"start":{"line":76,"column":0},"end":{"line":76,"column":54}},"76":{"start":{"line":77,"column":0},"end":{"line":77,"column":54}},"77":{"start":{"line":78,"column":0},"end":{"line":78,"column":4}},"78":{"start":{"line":79,"column":0},"end":{"line":79,"column":2}},"79":{"start":{"line":80,"column":0},"end":{"line":80,"column":66}},"80":{"start":{"line":81,"column":0},"end":{"line":81,"column":1}},"82":{"start":{"line":83,"column":0},"end":{"line":83,"column":36}},"83":{"start":{"line":84,"column":0},"end":{"line":84,"column":18}},"84":{"start":{"line":85,"column":0},"end":{"line":85,"column":2}},"85":{"start":{"line":86,"column":0},"end":{"line":86,"column":62}},"86":{"start":{"line":87,"column":0},"end":{"line":87,"column":44}},"87":{"start":{"line":88,"column":0},"end":{"line":88,"column":4}},"88":{"start":{"line":89,"column":0},"end":{"line":89,"column":45}},"89":{"start":{"line":90,"column":0},"end":{"line":90,"column":22}},"90":{"start":{"line":91,"column":0},"end":{"line":91,"column":4}},"91":{"start":{"line":92,"column":0},"end":{"line":92,"column":65}},"92":{"start":{"line":93,"column":0},"end":{"line":93,"column":41}},"93":{"start":{"line":94,"column":0},"end":{"line":94,"column":21}},"94":{"start":{"line":95,"column":0},"end":{"line":95,"column":17}},"95":{"start":{"line":96,"column":0},"end":{"line":96,"column":36}},"96":{"start":{"line":97,"column":0},"end":{"line":97,"column":20}},"97":{"start":{"line":98,"column":0},"end":{"line":98,"column":43}},"98":{"start":{"line":99,"column":0},"end":{"line":99,"column":11}},"99":{"start":{"line":100,"column":0},"end":{"line":100,"column":7}},"100":{"start":{"line":101,"column":0},"end":{"line":101,"column":7}},"101":{"start":{"line":102,"column":0},"end":{"line":102,"column":4}},"102":{"start":{"line":103,"column":0},"end":{"line":103,"column":28}},"103":{"start":{"line":104,"column":0},"end":{"line":104,"column":17}},"104":{"start":{"line":105,"column":0},"end":{"line":105,"column":56}},"105":{"start":{"line":106,"column":0},"end":{"line":106,"column":17}},"106":{"start":{"line":107,"column":0},"end":{"line":107,"column":15}},"107":{"start":{"line":108,"column":0},"end":{"line":108,"column":48}},"108":{"start":{"line":109,"column":0},"end":{"line":109,"column":99}},"109":{"start":{"line":110,"column":0},"end":{"line":110,"column":9}},"110":{"start":{"line":111,"column":0},"end":{"line":111,"column":5}},"111":{"start":{"line":112,"column":0},"end":{"line":112,"column":5}},"112":{"start":{"line":113,"column":0},"end":{"line":113,"column":2}},"113":{"start":{"line":114,"column":0},"end":{"line":114,"column":54}},"114":{"start":{"line":115,"column":0},"end":{"line":115,"column":1}},"116":{"start":{"line":117,"column":0},"end":{"line":117,"column":29}},"117":{"start":{"line":118,"column":0},"end":{"line":118,"column":53}},"118":{"start":{"line":119,"column":0},"end":{"line":119,"column":31}},"119":{"start":{"line":120,"column":0},"end":{"line":120,"column":2}},"120":{"start":{"line":121,"column":0},"end":{"line":121,"column":26}},"121":{"start":{"line":122,"column":0},"end":{"line":122,"column":57}},"122":{"start":{"line":123,"column":0},"end":{"line":123,"column":11}},"123":{"start":{"line":124,"column":0},"end":{"line":124,"column":3}},"124":{"start":{"line":125,"column":0},"end":{"line":125,"column":2}},"125":{"start":{"line":126,"column":0},"end":{"line":126,"column":65}},"126":{"start":{"line":127,"column":0},"end":{"line":127,"column":2}},"127":{"start":{"line":128,"column":0},"end":{"line":128,"column":18}},"128":{"start":{"line":129,"column":0},"end":{"line":129,"column":68}},"129":{"start":{"line":130,"column":0},"end":{"line":130,"column":84}},"130":{"start":{"line":131,"column":0},"end":{"line":131,"column":2}},"131":{"start":{"line":132,"column":0},"end":{"line":132,"column":23}},"132":{"start":{"line":133,"column":0},"end":{"line":133,"column":64}},"133":{"start":{"line":134,"column":0},"end":{"line":134,"column":30}},"134":{"start":{"line":135,"column":0},"end":{"line":135,"column":2}},"135":{"start":{"line":136,"column":0},"end":{"line":136,"column":45}},"136":{"start":{"line":137,"column":0},"end":{"line":137,"column":59}},"137":{"start":{"line":138,"column":0},"end":{"line":138,"column":4}},"138":{"start":{"line":139,"column":0},"end":{"line":139,"column":43}},"139":{"start":{"line":140,"column":0},"end":{"line":140,"column":65}},"140":{"start":{"line":141,"column":0},"end":{"line":141,"column":4}},"141":{"start":{"line":142,"column":0},"end":{"line":142,"column":29}},"142":{"start":{"line":143,"column":0},"end":{"line":143,"column":57}},"143":{"start":{"line":144,"column":0},"end":{"line":144,"column":62}},"144":{"start":{"line":145,"column":0},"end":{"line":145,"column":106}},"145":{"start":{"line":146,"column":0},"end":{"line":146,"column":7}},"146":{"start":{"line":147,"column":0},"end":{"line":147,"column":4}},"147":{"start":{"line":148,"column":0},"end":{"line":148,"column":36}},"148":{"start":{"line":149,"column":0},"end":{"line":149,"column":73}},"149":{"start":{"line":150,"column":0},"end":{"line":150,"column":5}},"150":{"start":{"line":151,"column":0},"end":{"line":151,"column":5}},"151":{"start":{"line":152,"column":0},"end":{"line":152,"column":2}},"152":{"start":{"line":153,"column":0},"end":{"line":153,"column":23}},"153":{"start":{"line":154,"column":0},"end":{"line":154,"column":37}},"154":{"start":{"line":155,"column":0},"end":{"line":155,"column":30}},"155":{"start":{"line":156,"column":0},"end":{"line":156,"column":2}},"156":{"start":{"line":157,"column":0},"end":{"line":157,"column":48}},"157":{"start":{"line":158,"column":0},"end":{"line":158,"column":54}},"158":{"start":{"line":159,"column":0},"end":{"line":159,"column":43}},"159":{"start":{"line":160,"column":0},"end":{"line":160,"column":28}},"160":{"start":{"line":161,"column":0},"end":{"line":161,"column":15}},"161":{"start":{"line":162,"column":0},"end":{"line":162,"column":9}},"162":{"start":{"line":163,"column":0},"end":{"line":163,"column":2}},"163":{"start":{"line":164,"column":0},"end":{"line":164,"column":28}},"164":{"start":{"line":165,"column":0},"end":{"line":165,"column":46}},"165":{"start":{"line":166,"column":0},"end":{"line":166,"column":37}},"166":{"start":{"line":167,"column":0},"end":{"line":167,"column":58}},"167":{"start":{"line":168,"column":0},"end":{"line":168,"column":40}},"168":{"start":{"line":169,"column":0},"end":{"line":169,"column":85}},"169":{"start":{"line":170,"column":0},"end":{"line":170,"column":9}},"170":{"start":{"line":171,"column":0},"end":{"line":171,"column":7}},"171":{"start":{"line":172,"column":0},"end":{"line":172,"column":2}},"172":{"start":{"line":173,"column":0},"end":{"line":173,"column":20}},"173":{"start":{"line":174,"column":0},"end":{"line":174,"column":41}},"174":{"start":{"line":175,"column":0},"end":{"line":175,"column":30}},"175":{"start":{"line":176,"column":0},"end":{"line":176,"column":2}},"176":{"start":{"line":177,"column":0},"end":{"line":177,"column":43}},"177":{"start":{"line":178,"column":0},"end":{"line":178,"column":62}},"178":{"start":{"line":179,"column":0},"end":{"line":179,"column":34}},"179":{"start":{"line":180,"column":0},"end":{"line":180,"column":36}},"180":{"start":{"line":181,"column":0},"end":{"line":181,"column":5}},"181":{"start":{"line":182,"column":0},"end":{"line":182,"column":2}},"182":{"start":{"line":183,"column":0},"end":{"line":183,"column":74}},"183":{"start":{"line":184,"column":0},"end":{"line":184,"column":34}},"184":{"start":{"line":185,"column":0},"end":{"line":185,"column":58}},"185":{"start":{"line":186,"column":0},"end":{"line":186,"column":87}},"186":{"start":{"line":187,"column":0},"end":{"line":187,"column":74}},"187":{"start":{"line":188,"column":0},"end":{"line":188,"column":3}},"188":{"start":{"line":189,"column":0},"end":{"line":189,"column":2}},"189":{"start":{"line":190,"column":0},"end":{"line":190,"column":65}},"190":{"start":{"line":191,"column":0},"end":{"line":191,"column":29}},"191":{"start":{"line":192,"column":0},"end":{"line":192,"column":63}},"192":{"start":{"line":193,"column":0},"end":{"line":193,"column":61}},"193":{"start":{"line":194,"column":0},"end":{"line":194,"column":66}},"194":{"start":{"line":195,"column":0},"end":{"line":195,"column":3}},"195":{"start":{"line":196,"column":0},"end":{"line":196,"column":2}},"196":{"start":{"line":197,"column":0},"end":{"line":197,"column":66}},"197":{"start":{"line":198,"column":0},"end":{"line":198,"column":66}},"198":{"start":{"line":199,"column":0},"end":{"line":199,"column":55}},"199":{"start":{"line":200,"column":0},"end":{"line":200,"column":65}},"200":{"start":{"line":201,"column":0},"end":{"line":201,"column":64}},"201":{"start":{"line":202,"column":0},"end":{"line":202,"column":2}},"202":{"start":{"line":203,"column":0},"end":{"line":203,"column":63}},"203":{"start":{"line":204,"column":0},"end":{"line":204,"column":85}},"204":{"start":{"line":205,"column":0},"end":{"line":205,"column":1}},"206":{"start":{"line":207,"column":0},"end":{"line":207,"column":17}},"207":{"start":{"line":208,"column":0},"end":{"line":208,"column":7}},"208":{"start":{"line":209,"column":0},"end":{"line":209,"column":44}},"209":{"start":{"line":210,"column":0},"end":{"line":210,"column":43}},"210":{"start":{"line":211,"column":0},"end":{"line":211,"column":23}},"211":{"start":{"line":212,"column":0},"end":{"line":212,"column":4}},"212":{"start":{"line":213,"column":0},"end":{"line":213,"column":50}},"213":{"start":{"line":214,"column":0},"end":{"line":214,"column":42}},"214":{"start":{"line":215,"column":0},"end":{"line":215,"column":19}},"215":{"start":{"line":216,"column":0},"end":{"line":216,"column":64}},"216":{"start":{"line":217,"column":0},"end":{"line":217,"column":20}},"217":{"start":{"line":218,"column":0},"end":{"line":218,"column":3}},"218":{"start":{"line":219,"column":0},"end":{"line":219,"column":1}},"220":{"start":{"line":221,"column":0},"end":{"line":221,"column":30}},"221":{"start":{"line":222,"column":0},"end":{"line":222,"column":9}},"222":{"start":{"line":223,"column":0},"end":{"line":223,"column":1}},"224":{"start":{"line":225,"column":0},"end":{"line":225,"column":52}}},"s":{"0":0,"2":0,"3":0,"4":0,"5":0,"6":0,"8":0,"9":0,"11":0,"12":0,"13":0,"14":0,"15":0,"16":0,"17":0,"19":0,"20":0,"21":0,"22":0,"23":0,"24":0,"25":0,"26":0,"27":0,"28":0,"30":0,"31":0,"32":0,"33":0,"34":0,"35":0,"36":0,"37":0,"38":0,"39":0,"40":0,"41":0,"42":0,"43":0,"44":0,"45":0,"46":0,"47":0,"48":0,"50":0,"51":0,"52":0,"53":0,"54":0,"55":0,"56":0,"57":0,"58":0,"59":0,"60":0,"61":0,"62":0,"64":0,"65":0,"66":0,"67":0,"68":0,"69":0,"70":0,"71":0,"72":0,"73":0,"74":0,"75":0,"76":0,"77":0,"78":0,"79":0,"80":0,"82":0,"83":0,"84":0,"85":0,"86":0,"87":0,"88":0,"89":0,"90":0,"91":0,"92":0,"93":0,"94":0,"95":0,"96":0,"97":0,"98":0,"99":0,"100":0,"101":0,"102":0,"103":0,"104":0,"105":0,"106":0,"107":0,"108":0,"109":0,"110":0,"111":0,"112":0,"113":0,"114":0,"116":0,"117":0,"118":0,"119":0,"120":0,"121":0,"122":0,"123":0,"124":0,"125":0,"126":0,"127":0,"128":0,"129":0,"130":0,"131":0,"132":0,"133":0,"134":0,"135":0,"136":0,"137":0,"138":0,"139":0,"140":0,"141":0,"142":0,"143":0,"144":0,"145":0,"146":0,"147":0,"148":0,"149":0,"150":0,"151":0,"152":0,"153":0,"154":0,"155":0,"156":0,"157":0,"158":0,"159":0,"160":0,"161":0,"162":0,"163":0,"164":0,"165":0,"166":0,"167":0,"168":0,"169":0,"170":0,"171":0,"172":0,"173":0,"174":0,"175":0,"176":0,"177":0,"178":0,"179":0,"180":0,"181":0,"182":0,"183":0,"184":0,"185":0,"186":0,"187":0,"188":0,"189":0,"190":0,"191":0,"192":0,"193":0,"194":0,"195":0,"196":0,"197":0,"198":0,"199":0,"200":0,"201":0,"202":0,"203":0,"204":0,"206":0,"207":0,"208":0,"209":0,"210":0,"211":0,"212":0,"213":0,"214":0,"215":0,"216":0,"217":0,"218":0,"220":0,"221":0,"222":0,"224":0},"branchMap":{"0":{"type":"branch","line":1,"loc":{"start":{"line":1,"column":0},"end":{"line":225,"column":49}},"locations":[{"start":{"line":1,"column":0},"end":{"line":225,"column":49}}]}},"b":{"0":[0]},"fnMap":{"0":{"name":"(empty-report)","decl":{"start":{"line":1,"column":0},"end":{"line":225,"column":49}},"loc":{"start":{"line":1,"column":0},"end":{"line":225,"column":49}},"line":1}},"f":{"0":0}}
,"/Users/hlorella/code/wis/wis/src/commandExecutor.ts": {"path":"/Users/hlorella/code/wis/wis/src/commandExecutor.ts","all":false,"statementMap":{"1":{"start":{"line":2,"column":0},"end":{"line":2,"column":54}},"3":{"start":{"line":4,"column":0},"end":{"line":4,"column":40}},"4":{"start":{"line":5,"column":0},"end":{"line":5,"column":96}},"14":{"start":{"line":15,"column":0},"end":{"line":15,"column":30}},"15":{"start":{"line":16,"column":0},"end":{"line":16,"column":51}},"16":{"start":{"line":17,"column":0},"end":{"line":17,"column":59}},"17":{"start":{"line":18,"column":0},"end":{"line":18,"column":79}},"22":{"start":{"line":23,"column":0},"end":{"line":23,"column":50}},"23":{"start":{"line":24,"column":0},"end":{"line":24,"column":45}},"24":{"start":{"line":25,"column":0},"end":{"line":25,"column":5}},"32":{"start":{"line":33,"column":0},"end":{"line":33,"column":84}},"34":{"start":{"line":35,"column":0},"end":{"line":35,"column":45}},"35":{"start":{"line":36,"column":0},"end":{"line":36,"column":80}},"36":{"start":{"line":37,"column":0},"end":{"line":37,"column":54}},"37":{"start":{"line":38,"column":0},"end":{"line":38,"column":69}},"39":{"start":{"line":40,"column":0},"end":{"line":40,"column":78}},"40":{"start":{"line":41,"column":0},"end":{"line":41,"column":13}},"41":{"start":{"line":42,"column":0},"end":{"line":42,"column":19}},"42":{"start":{"line":43,"column":0},"end":{"line":43,"column":52}},"43":{"start":{"line":44,"column":0},"end":{"line":44,"column":80}},"44":{"start":{"line":45,"column":0},"end":{"line":45,"column":54}},"45":{"start":{"line":46,"column":0},"end":{"line":46,"column":69}},"47":{"start":{"line":48,"column":0},"end":{"line":48,"column":78}},"48":{"start":{"line":49,"column":0},"end":{"line":49,"column":13}},"49":{"start":{"line":50,"column":0},"end":{"line":50,"column":19}},"50":{"start":{"line":51,"column":0},"end":{"line":51,"column":9}},"53":{"start":{"line":54,"column":0},"end":{"line":54,"column":52}},"54":{"start":{"line":55,"column":0},"end":{"line":55,"column":125}},"55":{"start":{"line":56,"column":0},"end":{"line":56,"column":53}},"56":{"start":{"line":57,"column":0},"end":{"line":57,"column":9}},"58":{"start":{"line":59,"column":0},"end":{"line":59,"column":115}},"60":{"start":{"line":61,"column":0},"end":{"line":61,"column":13}},"62":{"start":{"line":63,"column":0},"end":{"line":63,"column":33}},"63":{"start":{"line":64,"column":0},"end":{"line":64,"column":50}},"66":{"start":{"line":67,"column":0},"end":{"line":67,"column":51}},"69":{"start":{"line":70,"column":0},"end":{"line":70,"column":49}},"70":{"start":{"line":71,"column":0},"end":{"line":71,"column":24}},"71":{"start":{"line":72,"column":0},"end":{"line":72,"column":60}},"72":{"start":{"line":73,"column":0},"end":{"line":73,"column":50}},"73":{"start":{"line":74,"column":0},"end":{"line":74,"column":23}},"74":{"start":{"line":75,"column":0},"end":{"line":75,"column":37}},"75":{"start":{"line":76,"column":0},"end":{"line":76,"column":14}},"76":{"start":{"line":77,"column":0},"end":{"line":77,"column":52}},"79":{"start":{"line":80,"column":0},"end":{"line":80,"column":74}},"81":{"start":{"line":82,"column":0},"end":{"line":82,"column":25}},"82":{"start":{"line":83,"column":0},"end":{"line":83,"column":125}},"85":{"start":{"line":86,"column":0},"end":{"line":86,"column":51}},"86":{"start":{"line":87,"column":0},"end":{"line":87,"column":24}},"87":{"start":{"line":88,"column":0},"end":{"line":88,"column":38}},"88":{"start":{"line":89,"column":0},"end":{"line":89,"column":23}},"89":{"start":{"line":90,"column":0},"end":{"line":90,"column":37}},"90":{"start":{"line":91,"column":0},"end":{"line":91,"column":14}},"91":{"start":{"line":92,"column":0},"end":{"line":92,"column":54}},"94":{"start":{"line":95,"column":0},"end":{"line":95,"column":24}},"95":{"start":{"line":96,"column":0},"end":{"line":96,"column":9}},"96":{"start":{"line":97,"column":0},"end":{"line":97,"column":5}},"103":{"start":{"line":104,"column":0},"end":{"line":104,"column":54}},"104":{"start":{"line":105,"column":0},"end":{"line":105,"column":37}},"105":{"start":{"line":106,"column":0},"end":{"line":106,"column":53}},"106":{"start":{"line":107,"column":0},"end":{"line":107,"column":5}},"111":{"start":{"line":112,"column":0},"end":{"line":112,"column":32}},"112":{"start":{"line":113,"column":0},"end":{"line":113,"column":35}},"113":{"start":{"line":114,"column":0},"end":{"line":114,"column":5}},"115":{"start":{"line":116,"column":0},"end":{"line":116,"column":1}}},"s":{"1":1,"3":1,"4":1,"14":1,"15":80,"16":80,"17":80,"22":80,"23":3,"24":3,"32":80,"34":33,"35":1,"36":1,"37":1,"39":1,"40":1,"41":1,"42":33,"43":1,"44":1,"45":1,"47":1,"48":1,"49":1,"50":1,"53":33,"54":2,"55":2,"56":2,"58":29,"60":29,"62":29,"63":29,"66":29,"69":29,"70":29,"71":29,"72":29,"73":29,"74":29,"75":29,"76":29,"79":29,"81":33,"82":0,"85":0,"86":0,"87":0,"88":0,"89":0,"90":0,"91":0,"94":0,"95":0,"96":33,"103":80,"104":18,"105":18,"106":18,"111":80,"112":0,"113":0,"115":80},"branchMap":{"0":{"type":"branch","line":15,"loc":{"start":{"line":15,"column":29},"end":{"line":116,"column":1}},"locations":[{"start":{"line":15,"column":29},"end":{"line":116,"column":1}}]},"1":{"type":"branch","line":23,"loc":{"start":{"line":23,"column":4},"end":{"line":25,"column":5}},"locations":[{"start":{"line":23,"column":4},"end":{"line":25,"column":5}}]},"2":{"type":"branch","line":33,"loc":{"start":{"line":33,"column":4},"end":{"line":97,"column":5}},"locations":[{"start":{"line":33,"column":4},"end":{"line":97,"column":5}}]},"3":{"type":"branch","line":35,"loc":{"start":{"line":35,"column":44},"end":{"line":43,"column":19}},"locations":[{"start":{"line":35,"column":44},"end":{"line":43,"column":19}}]},"4":{"type":"branch","line":43,"loc":{"start":{"line":43,"column":8},"end":{"line":51,"column":9}},"locations":[{"start":{"line":43,"column":8},"end":{"line":51,"column":9}}]},"5":{"type":"branch","line":43,"loc":{"start":{"line":43,"column":51},"end":{"line":51,"column":9}},"locations":[{"start":{"line":43,"column":51},"end":{"line":51,"column":9}}]},"6":{"type":"branch","line":51,"loc":{"start":{"line":51,"column":8},"end":{"line":54,"column":51}},"locations":[{"start":{"line":51,"column":8},"end":{"line":54,"column":51}}]},"7":{"type":"branch","line":54,"loc":{"start":{"line":54,"column":51},"end":{"line":57,"column":9}},"locations":[{"start":{"line":54,"column":51},"end":{"line":57,"column":9}}]},"8":{"type":"branch","line":57,"loc":{"start":{"line":57,"column":8},"end":{"line":82,"column":17}},"locations":[{"start":{"line":57,"column":8},"end":{"line":82,"column":17}}]},"9":{"type":"branch","line":82,"loc":{"start":{"line":82,"column":8},"end":{"line":96,"column":9}},"locations":[{"start":{"line":82,"column":8},"end":{"line":96,"column":9}}]},"10":{"type":"branch","line":40,"loc":{"start":{"line":40,"column":39},"end":{"line":40,"column":76}},"locations":[{"start":{"line":40,"column":39},"end":{"line":40,"column":76}}]},"11":{"type":"branch","line":48,"loc":{"start":{"line":48,"column":39},"end":{"line":48,"column":76}},"locations":[{"start":{"line":48,"column":39},"end":{"line":48,"column":76}}]},"12":{"type":"branch","line":80,"loc":{"start":{"line":80,"column":35},"end":{"line":80,"column":72}},"locations":[{"start":{"line":80,"column":35},"end":{"line":80,"column":72}}]},"13":{"type":"branch","line":104,"loc":{"start":{"line":104,"column":4},"end":{"line":107,"column":5}},"locations":[{"start":{"line":104,"column":4},"end":{"line":107,"column":5}}]},"14":{"type":"branch","line":106,"loc":{"start":{"line":106,"column":15},"end":{"line":106,"column":53}},"locations":[{"start":{"line":106,"column":15},"end":{"line":106,"column":53}}]}},"b":{"0":[80],"1":[3],"2":[33],"3":[1],"4":[32],"5":[1],"6":[31],"7":[2],"8":[29],"9":[0],"10":[1],"11":[1],"12":[16],"13":[18],"14":[12]},"fnMap":{"0":{"name":"<instance_members_initializer>","decl":{"start":{"line":15,"column":29},"end":{"line":116,"column":1}},"loc":{"start":{"line":15,"column":29},"end":{"line":116,"column":1}},"line":15},"1":{"name":"setHistoryManager","decl":{"start":{"line":23,"column":4},"end":{"line":25,"column":5}},"loc":{"start":{"line":23,"column":4},"end":{"line":25,"column":5}},"line":23},"2":{"name":"execute","decl":{"start":{"line":33,"column":4},"end":{"line":97,"column":5}},"loc":{"start":{"line":33,"column":4},"end":{"line":97,"column":5}},"line":33},"3":{"name":"subscribe","decl":{"start":{"line":104,"column":4},"end":{"line":107,"column":5}},"loc":{"start":{"line":104,"column":4},"end":{"line":107,"column":5}},"line":104},"4":{"name":"getListenerCount","decl":{"start":{"line":112,"column":4},"end":{"line":114,"column":5}},"loc":{"start":{"line":112,"column":4},"end":{"line":114,"column":5}},"line":112}},"f":{"0":80,"1":3,"2":33,"3":18,"4":0}}
,"/Users/hlorella/code/wis/wis/src/constants.ts": {"path":"/Users/hlorella/code/wis/wis/src/constants.ts","all":false,"statementMap":{"1":{"start":{"line":2,"column":0},"end":{"line":2,"column":27}},"2":{"start":{"line":3,"column":0},"end":{"line":3,"column":15}},"3":{"start":{"line":4,"column":0},"end":{"line":4,"column":17}},"4":{"start":{"line":5,"column":0},"end":{"line":5,"column":27}},"5":{"start":{"line":6,"column":0},"end":{"line":6,"column":21}},"6":{"start":{"line":7,"column":0},"end":{"line":7,"column":19}},"7":{"start":{"line":8,"column":0},"end":{"line":8,"column":21}},"8":{"start":{"line":9,"column":0},"end":{"line":9,"column":16}},"9":{"start":{"line":10,"column":0},"end":{"line":10,"column":11}},"14":{"start":{"line":15,"column":0},"end":{"line":15,"column":24}},"15":{"start":{"line":16,"column":0},"end":{"line":16,"column":20}},"16":{"start":{"line":17,"column":0},"end":{"line":17,"column":22}},"17":{"start":{"line":18,"column":0},"end":{"line":18,"column":22}},"18":{"start":{"line":19,"column":0},"end":{"line":19,"column":20}},"19":{"start":{"line":20,"column":0},"end":{"line":20,"column":11}},"22":{"start":{"line":23,"column":0},"end":{"line":23,"column":31}},"23":{"start":{"line":24,"column":0},"end":{"line":24,"column":24}},"24":{"start":{"line":25,"column":0},"end":{"line":25,"column":20}},"25":{"start":{"line":26,"column":0},"end":{"line":26,"column":11}},"28":{"start":{"line":29,"column":0},"end":{"line":29,"column":30}},"29":{"start":{"line":30,"column":0},"end":{"line":30,"column":19}},"30":{"start":{"line":31,"column":0},"end":{"line":31,"column":26}},"31":{"start":{"line":32,"column":0},"end":{"line":32,"column":11}},"34":{"start":{"line":35,"column":0},"end":{"line":35,"column":26}},"35":{"start":{"line":36,"column":0},"end":{"line":36,"column":30}},"36":{"start":{"line":37,"column":0},"end":{"line":37,"column":23}},"37":{"start":{"line":38,"column":0},"end":{"line":38,"column":31}},"38":{"start":{"line":39,"column":0},"end":{"line":39,"column":31}},"39":{"start":{"line":40,"column":0},"end":{"line":40,"column":11}},"42":{"start":{"line":43,"column":0},"end":{"line":43,"column":27}},"43":{"start":{"line":44,"column":0},"end":{"line":44,"column":67}},"44":{"start":{"line":45,"column":0},"end":{"line":45,"column":85}},"45":{"start":{"line":46,"column":0},"end":{"line":46,"column":74}},"46":{"start":{"line":47,"column":0},"end":{"line":47,"column":80}},"47":{"start":{"line":48,"column":0},"end":{"line":48,"column":74}},"48":{"start":{"line":49,"column":0},"end":{"line":49,"column":11}},"51":{"start":{"line":52,"column":0},"end":{"line":52,"column":28}},"52":{"start":{"line":53,"column":0},"end":{"line":53,"column":40}},"53":{"start":{"line":54,"column":0},"end":{"line":54,"column":28}},"54":{"start":{"line":55,"column":0},"end":{"line":55,"column":11}},"57":{"start":{"line":58,"column":0},"end":{"line":58,"column":30}},"58":{"start":{"line":59,"column":0},"end":{"line":59,"column":19}},"59":{"start":{"line":60,"column":0},"end":{"line":60,"column":26}},"60":{"start":{"line":61,"column":0},"end":{"line":61,"column":11}},"63":{"start":{"line":64,"column":0},"end":{"line":64,"column":18}},"64":{"start":{"line":65,"column":0},"end":{"line":65,"column":38}},"65":{"start":{"line":66,"column":0},"end":{"line":66,"column":77}},"66":{"start":{"line":67,"column":0},"end":{"line":67,"column":1}},"69":{"start":{"line":70,"column":0},"end":{"line":70,"column":40}},"70":{"start":{"line":71,"column":0},"end":{"line":71,"column":18}},"71":{"start":{"line":72,"column":0},"end":{"line":72,"column":1}}},"s":{"1":1,"2":1,"3":1,"4":1,"5":1,"6":1,"7":1,"8":1,"9":1,"14":1,"15":1,"16":1,"17":1,"18":1,"19":1,"22":1,"23":1,"24":1,"25":1,"28":1,"29":1,"30":1,"31":1,"34":1,"35":1,"36":1,"37":1,"38":1,"39":1,"42":1,"43":1,"44":1,"45":1,"46":1,"47":1,"48":1,"51":1,"52":1,"53":1,"54":1,"57":1,"58":1,"59":1,"60":1,"63":1,"64":1,"65":456,"66":456,"69":1,"70":14,"71":14},"branchMap":{"0":{"type":"branch","line":65,"loc":{"start":{"line":65,"column":7},"end":{"line":67,"column":1}},"locations":[{"start":{"line":65,"column":7},"end":{"line":67,"column":1}}]},"1":{"type":"branch","line":70,"loc":{"start":{"line":70,"column":7},"end":{"line":72,"column":1}},"locations":[{"start":{"line":70,"column":7},"end":{"line":72,"column":1}}]}},"b":{"0":[456],"1":[14]},"fnMap":{"0":{"name":"generateId","decl":{"start":{"line":65,"column":7},"end":{"line":67,"column":1}},"loc":{"start":{"line":65,"column":7},"end":{"line":67,"column":1}},"line":65},"1":{"name":"resetIdCounter","decl":{"start":{"line":70,"column":7},"end":{"line":72,"column":1}},"loc":{"start":{"line":70,"column":7},"end":{"line":72,"column":1}},"line":70}},"f":{"0":456,"1":14}}
,"/Users/hlorella/code/wis/wis/src/history.ts": {"path":"/Users/hlorella/code/wis/wis/src/history.ts","all":false,"statementMap":{"1":{"start":{"line":2,"column":0},"end":{"line":2,"column":45}},"3":{"start":{"line":4,"column":0},"end":{"line":4,"column":54}},"4":{"start":{"line":5,"column":0},"end":{"line":5,"column":44}},"8":{"start":{"line":9,"column":0},"end":{"line":9,"column":103}},"15":{"start":{"line":16,"column":0},"end":{"line":16,"column":29}},"16":{"start":{"line":17,"column":0},"end":{"line":17,"column":38}},"17":{"start":{"line":18,"column":0},"end":{"line":18,"column":40}},"18":{"start":{"line":19,"column":0},"end":{"line":19,"column":37}},"19":{"start":{"line":20,"column":0},"end":{"line":20,"column":99}},"20":{"start":{"line":21,"column":0},"end":{"line":21,"column":70}},"22":{"start":{"line":23,"column":0},"end":{"line":23,"column":66}},"23":{"start":{"line":24,"column":0},"end":{"line":24,"column":31}},"24":{"start":{"line":25,"column":0},"end":{"line":25,"column":5}},"29":{"start":{"line":30,"column":0},"end":{"line":30,"column":87}},"30":{"start":{"line":31,"column":0},"end":{"line":31,"column":35}},"31":{"start":{"line":32,"column":0},"end":{"line":32,"column":5}},"33":{"start":{"line":34,"column":0},"end":{"line":34,"column":74}},"35":{"start":{"line":36,"column":0},"end":{"line":36,"column":51}},"36":{"start":{"line":37,"column":0},"end":{"line":37,"column":19}},"37":{"start":{"line":38,"column":0},"end":{"line":38,"column":9}},"40":{"start":{"line":41,"column":0},"end":{"line":41,"column":79}},"41":{"start":{"line":42,"column":0},"end":{"line":42,"column":49}},"42":{"start":{"line":43,"column":0},"end":{"line":43,"column":19}},"43":{"start":{"line":44,"column":0},"end":{"line":44,"column":9}},"46":{"start":{"line":47,"column":0},"end":{"line":47,"column":56}},"47":{"start":{"line":48,"column":0},"end":{"line":48,"column":30}},"48":{"start":{"line":49,"column":0},"end":{"line":49,"column":45}},"51":{"start":{"line":52,"column":0},"end":{"line":52,"column":46}},"52":{"start":{"line":53,"column":0},"end":{"line":53,"column":46}},"53":{"start":{"line":54,"column":0},"end":{"line":54,"column":26}},"54":{"start":{"line":55,"column":0},"end":{"line":55,"column":64}},"55":{"start":{"line":56,"column":0},"end":{"line":56,"column":13}},"56":{"start":{"line":57,"column":0},"end":{"line":57,"column":9}},"59":{"start":{"line":60,"column":0},"end":{"line":60,"column":84}},"60":{"start":{"line":61,"column":0},"end":{"line":61,"column":31}},"61":{"start":{"line":62,"column":0},"end":{"line":62,"column":5}},"63":{"start":{"line":64,"column":0},"end":{"line":64,"column":86}},"65":{"start":{"line":66,"column":0},"end":{"line":66,"column":51}},"66":{"start":{"line":67,"column":0},"end":{"line":67,"column":19}},"67":{"start":{"line":68,"column":0},"end":{"line":68,"column":9}},"70":{"start":{"line":71,"column":0},"end":{"line":71,"column":79}},"71":{"start":{"line":72,"column":0},"end":{"line":72,"column":49}},"72":{"start":{"line":73,"column":0},"end":{"line":73,"column":19}},"73":{"start":{"line":74,"column":0},"end":{"line":74,"column":9}},"76":{"start":{"line":77,"column":0},"end":{"line":77,"column":33}},"77":{"start":{"line":78,"column":0},"end":{"line":78,"column":62}},"78":{"start":{"line":79,"column":0},"end":{"line":79,"column":43}},"79":{"start":{"line":80,"column":0},"end":{"line":80,"column":64}},"80":{"start":{"line":81,"column":0},"end":{"line":81,"column":29}},"82":{"start":{"line":83,"column":0},"end":{"line":83,"column":70}},"85":{"start":{"line":86,"column":0},"end":{"line":86,"column":52}},"86":{"start":{"line":87,"column":0},"end":{"line":87,"column":40}},"89":{"start":{"line":90,"column":0},"end":{"line":90,"column":47}},"90":{"start":{"line":91,"column":0},"end":{"line":91,"column":56}},"93":{"start":{"line":94,"column":0},"end":{"line":94,"column":96}},"94":{"start":{"line":95,"column":0},"end":{"line":95,"column":43}},"95":{"start":{"line":96,"column":0},"end":{"line":96,"column":27}},"96":{"start":{"line":97,"column":0},"end":{"line":97,"column":17}},"97":{"start":{"line":98,"column":0},"end":{"line":98,"column":13}},"98":{"start":{"line":99,"column":0},"end":{"line":99,"column":9}},"101":{"start":{"line":102,"column":0},"end":{"line":102,"column":29}},"104":{"start":{"line":105,"column":0},"end":{"line":105,"column":56}},"105":{"start":{"line":106,"column":0},"end":{"line":106,"column":30}},"106":{"start":{"line":107,"column":0},"end":{"line":107,"column":45}},"109":{"start":{"line":110,"column":0},"end":{"line":110,"column":46}},"110":{"start":{"line":111,"column":0},"end":{"line":111,"column":46}},"111":{"start":{"line":112,"column":0},"end":{"line":112,"column":26}},"112":{"start":{"line":113,"column":0},"end":{"line":113,"column":64}},"113":{"start":{"line":114,"column":0},"end":{"line":114,"column":13}},"114":{"start":{"line":115,"column":0},"end":{"line":115,"column":9}},"117":{"start":{"line":118,"column":0},"end":{"line":118,"column":84}},"118":{"start":{"line":119,"column":0},"end":{"line":119,"column":31}},"121":{"start":{"line":122,"column":0},"end":{"line":122,"column":58}},"122":{"start":{"line":123,"column":0},"end":{"line":123,"column":5}},"124":{"start":{"line":125,"column":0},"end":{"line":125,"column":60}},"125":{"start":{"line":126,"column":0},"end":{"line":126,"column":38}},"126":{"start":{"line":127,"column":0},"end":{"line":127,"column":20}},"127":{"start":{"line":128,"column":0},"end":{"line":128,"column":40}},"128":{"start":{"line":129,"column":0},"end":{"line":129,"column":36}},"131":{"start":{"line":132,"column":0},"end":{"line":132,"column":62}},"134":{"start":{"line":135,"column":0},"end":{"line":135,"column":47}},"135":{"start":{"line":136,"column":0},"end":{"line":136,"column":70}},"136":{"start":{"line":137,"column":0},"end":{"line":137,"column":45}},"137":{"start":{"line":138,"column":0},"end":{"line":138,"column":13}},"139":{"start":{"line":140,"column":0},"end":{"line":140,"column":24}},"140":{"start":{"line":141,"column":0},"end":{"line":141,"column":9}},"141":{"start":{"line":142,"column":0},"end":{"line":142,"column":21}},"142":{"start":{"line":143,"column":0},"end":{"line":143,"column":5}},"144":{"start":{"line":145,"column":0},"end":{"line":145,"column":60}},"145":{"start":{"line":146,"column":0},"end":{"line":146,"column":40}},"146":{"start":{"line":147,"column":0},"end":{"line":147,"column":20}},"147":{"start":{"line":148,"column":0},"end":{"line":148,"column":39}},"148":{"start":{"line":149,"column":0},"end":{"line":149,"column":34}},"151":{"start":{"line":152,"column":0},"end":{"line":152,"column":62}},"154":{"start":{"line":155,"column":0},"end":{"line":155,"column":47}},"155":{"start":{"line":156,"column":0},"end":{"line":156,"column":70}},"156":{"start":{"line":157,"column":0},"end":{"line":157,"column":45}},"157":{"start":{"line":158,"column":0},"end":{"line":158,"column":13}},"159":{"start":{"line":160,"column":0},"end":{"line":160,"column":24}},"160":{"start":{"line":161,"column":0},"end":{"line":161,"column":9}},"161":{"start":{"line":162,"column":0},"end":{"line":162,"column":21}},"162":{"start":{"line":163,"column":0},"end":{"line":163,"column":5}},"164":{"start":{"line":165,"column":0},"end":{"line":165,"column":24}},"165":{"start":{"line":166,"column":0},"end":{"line":166,"column":36}},"166":{"start":{"line":167,"column":0},"end":{"line":167,"column":5}},"168":{"start":{"line":169,"column":0},"end":{"line":169,"column":24}},"169":{"start":{"line":170,"column":0},"end":{"line":170,"column":38}},"170":{"start":{"line":171,"column":0},"end":{"line":171,"column":5}},"172":{"start":{"line":173,"column":0},"end":{"line":173,"column":19}},"173":{"start":{"line":174,"column":0},"end":{"line":174,"column":29}},"174":{"start":{"line":175,"column":0},"end":{"line":175,"column":31}},"175":{"start":{"line":176,"column":0},"end":{"line":176,"column":37}},"176":{"start":{"line":177,"column":0},"end":{"line":177,"column":5}},"178":{"start":{"line":179,"column":0},"end":{"line":179,"column":56}},"179":{"start":{"line":180,"column":0},"end":{"line":180,"column":16}},"180":{"start":{"line":181,"column":0},"end":{"line":181,"column":35}},"181":{"start":{"line":182,"column":0},"end":{"line":182,"column":38}},"182":{"start":{"line":183,"column":0},"end":{"line":183,"column":10}},"183":{"start":{"line":184,"column":0},"end":{"line":184,"column":5}},"185":{"start":{"line":186,"column":0},"end":{"line":186,"column":46}},"186":{"start":{"line":187,"column":0},"end":{"line":187,"column":19}},"187":{"start":{"line":188,"column":0},"end":{"line":188,"column":5}},"192":{"start":{"line":193,"column":0},"end":{"line":193,"column":68}},"194":{"start":{"line":195,"column":0},"end":{"line":195,"column":107}},"195":{"start":{"line":196,"column":0},"end":{"line":196,"column":34}},"197":{"start":{"line":198,"column":0},"end":{"line":198,"column":62}},"198":{"start":{"line":199,"column":0},"end":{"line":199,"column":40}},"199":{"start":{"line":200,"column":0},"end":{"line":200,"column":36}},"200":{"start":{"line":201,"column":0},"end":{"line":201,"column":9}},"201":{"start":{"line":202,"column":0},"end":{"line":202,"column":5}},"206":{"start":{"line":207,"column":0},"end":{"line":207,"column":68}},"208":{"start":{"line":209,"column":0},"end":{"line":209,"column":109}},"209":{"start":{"line":210,"column":0},"end":{"line":210,"column":34}},"211":{"start":{"line":212,"column":0},"end":{"line":212,"column":64}},"212":{"start":{"line":213,"column":0},"end":{"line":213,"column":39}},"213":{"start":{"line":214,"column":0},"end":{"line":214,"column":34}},"214":{"start":{"line":215,"column":0},"end":{"line":215,"column":9}},"215":{"start":{"line":216,"column":0},"end":{"line":216,"column":5}},"216":{"start":{"line":217,"column":0},"end":{"line":217,"column":1}}},"s":{"1":1,"3":1,"4":1,"8":1,"15":1,"16":72,"17":72,"18":72,"19":72,"20":72,"22":72,"23":72,"24":72,"29":72,"30":3,"31":3,"33":72,"35":7,"36":0,"37":0,"40":7,"41":2,"42":2,"43":2,"46":5,"47":5,"48":5,"51":7,"52":0,"53":0,"54":0,"55":0,"56":0,"59":5,"60":5,"61":7,"63":72,"65":24,"66":0,"67":0,"70":24,"71":0,"72":0,"73":0,"76":24,"77":21,"78":21,"79":2,"80":2,"82":1,"85":1,"86":1,"89":1,"90":1,"93":1,"94":1,"95":1,"96":1,"97":2,"98":21,"101":23,"104":23,"105":23,"106":23,"109":24,"110":4,"111":4,"112":4,"113":4,"114":4,"117":23,"118":23,"121":23,"122":24,"124":72,"125":15,"126":15,"127":11,"128":11,"131":11,"134":11,"135":0,"136":0,"137":0,"139":11,"140":11,"141":4,"142":15,"144":72,"145":7,"146":7,"147":5,"148":5,"151":5,"154":5,"155":0,"156":0,"157":0,"159":5,"160":5,"161":2,"162":7,"164":72,"165":21,"166":21,"168":72,"169":25,"170":25,"172":72,"173":1,"174":1,"175":1,"176":1,"178":72,"179":15,"180":15,"181":15,"182":15,"183":15,"185":72,"186":0,"187":0,"192":72,"194":1,"195":1,"197":1,"198":1,"199":1,"200":1,"201":1,"206":72,"208":1,"209":1,"211":1,"212":1,"213":1,"214":1,"215":1,"216":72},"branchMap":{"0":{"type":"branch","line":16,"loc":{"start":{"line":16,"column":28},"end":{"line":217,"column":1}},"locations":[{"start":{"line":16,"column":28},"end":{"line":217,"column":1}}]},"1":{"type":"branch","line":23,"loc":{"start":{"line":23,"column":4},"end":{"line":25,"column":5}},"locations":[{"start":{"line":23,"column":4},"end":{"line":25,"column":5}}]},"2":{"type":"branch","line":30,"loc":{"start":{"line":30,"column":4},"end":{"line":32,"column":5}},"locations":[{"start":{"line":30,"column":4},"end":{"line":32,"column":5}}]},"3":{"type":"branch","line":34,"loc":{"start":{"line":34,"column":4},"end":{"line":62,"column":5}},"locations":[{"start":{"line":34,"column":4},"end":{"line":62,"column":5}}]},"4":{"type":"branch","line":36,"loc":{"start":{"line":36,"column":50},"end":{"line":38,"column":9}},"locations":[{"start":{"line":36,"column":50},"end":{"line":38,"column":9}}]},"5":{"type":"branch","line":41,"loc":{"start":{"line":41,"column":31},"end":{"line":41,"column":78}},"locations":[{"start":{"line":41,"column":31},"end":{"line":41,"column":78}}]},"6":{"type":"branch","line":41,"loc":{"start":{"line":41,"column":78},"end":{"line":44,"column":9}},"locations":[{"start":{"line":41,"column":78},"end":{"line":44,"column":9}}]},"7":{"type":"branch","line":44,"loc":{"start":{"line":44,"column":8},"end":{"line":52,"column":45}},"locations":[{"start":{"line":44,"column":8},"end":{"line":52,"column":45}}]},"8":{"type":"branch","line":52,"loc":{"start":{"line":52,"column":45},"end":{"line":57,"column":9}},"locations":[{"start":{"line":52,"column":45},"end":{"line":57,"column":9}}]},"9":{"type":"branch","line":57,"loc":{"start":{"line":57,"column":8},"end":{"line":61,"column":31}},"locations":[{"start":{"line":57,"column":8},"end":{"line":61,"column":31}}]},"10":{"type":"branch","line":64,"loc":{"start":{"line":64,"column":4},"end":{"line":123,"column":5}},"locations":[{"start":{"line":64,"column":4},"end":{"line":123,"column":5}}]},"11":{"type":"branch","line":66,"loc":{"start":{"line":66,"column":50},"end":{"line":68,"column":9}},"locations":[{"start":{"line":66,"column":50},"end":{"line":68,"column":9}}]},"12":{"type":"branch","line":71,"loc":{"start":{"line":71,"column":78},"end":{"line":74,"column":9}},"locations":[{"start":{"line":71,"column":78},"end":{"line":74,"column":9}}]},"13":{"type":"branch","line":77,"loc":{"start":{"line":77,"column":32},"end":{"line":99,"column":9}},"locations":[{"start":{"line":77,"column":32},"end":{"line":99,"column":9}}]},"14":{"type":"branch","line":79,"loc":{"start":{"line":79,"column":16},"end":{"line":79,"column":35}},"locations":[{"start":{"line":79,"column":16},"end":{"line":79,"column":35}}]},"15":{"type":"branch","line":79,"loc":{"start":{"line":79,"column":42},"end":{"line":98,"column":13}},"locations":[{"start":{"line":79,"column":42},"end":{"line":98,"column":13}}]},"16":{"type":"branch","line":81,"loc":{"start":{"line":81,"column":28},"end":{"line":97,"column":17}},"locations":[{"start":{"line":81,"column":28},"end":{"line":97,"column":17}}]},"17":{"type":"branch","line":99,"loc":{"start":{"line":99,"column":8},"end":{"line":110,"column":45}},"locations":[{"start":{"line":99,"column":8},"end":{"line":110,"column":45}}]},"18":{"type":"branch","line":110,"loc":{"start":{"line":110,"column":45},"end":{"line":115,"column":9}},"locations":[{"start":{"line":110,"column":45},"end":{"line":115,"column":9}}]},"19":{"type":"branch","line":115,"loc":{"start":{"line":115,"column":8},"end":{"line":122,"column":58}},"locations":[{"start":{"line":115,"column":8},"end":{"line":122,"column":58}}]},"20":{"type":"branch","line":118,"loc":{"start":{"line":118,"column":28},"end":{"line":118,"column":82}},"locations":[{"start":{"line":118,"column":28},"end":{"line":118,"column":82}}]},"21":{"type":"branch","line":125,"loc":{"start":{"line":125,"column":4},"end":{"line":143,"column":5}},"locations":[{"start":{"line":125,"column":4},"end":{"line":143,"column":5}}]},"22":{"type":"branch","line":127,"loc":{"start":{"line":127,"column":19},"end":{"line":142,"column":21}},"locations":[{"start":{"line":127,"column":19},"end":{"line":142,"column":21}}]},"23":{"type":"branch","line":127,"loc":{"start":{"line":127,"column":19},"end":{"line":141,"column":9}},"locations":[{"start":{"line":127,"column":19},"end":{"line":141,"column":9}}]},"24":{"type":"branch","line":135,"loc":{"start":{"line":135,"column":16},"end":{"line":135,"column":46}},"locations":[{"start":{"line":135,"column":16},"end":{"line":135,"column":46}}]},"25":{"type":"branch","line":135,"loc":{"start":{"line":135,"column":46},"end":{"line":138,"column":13}},"locations":[{"start":{"line":135,"column":46},"end":{"line":138,"column":13}}]},"26":{"type":"branch","line":141,"loc":{"start":{"line":141,"column":8},"end":{"line":142,"column":21}},"locations":[{"start":{"line":141,"column":8},"end":{"line":142,"column":21}}]},"27":{"type":"branch","line":145,"loc":{"start":{"line":145,"column":4},"end":{"line":163,"column":5}},"locations":[{"start":{"line":145,"column":4},"end":{"line":163,"column":5}}]},"28":{"type":"branch","line":147,"loc":{"start":{"line":147,"column":19},"end":{"line":161,"column":9}},"locations":[{"start":{"line":147,"column":19},"end":{"line":161,"column":9}}]},"29":{"type":"branch","line":155,"loc":{"start":{"line":155,"column":16},"end":{"line":155,"column":46}},"locations":[{"start":{"line":155,"column":16},"end":{"line":155,"column":46}}]},"30":{"type":"branch","line":155,"loc":{"start":{"line":155,"column":46},"end":{"line":158,"column":13}},"locations":[{"start":{"line":155,"column":46},"end":{"line":158,"column":13}}]},"31":{"type":"branch","line":161,"loc":{"start":{"line":161,"column":8},"end":{"line":162,"column":21}},"locations":[{"start":{"line":161,"column":8},"end":{"line":162,"column":21}}]},"32":{"type":"branch","line":165,"loc":{"start":{"line":165,"column":4},"end":{"line":167,"column":5}},"locations":[{"start":{"line":165,"column":4},"end":{"line":167,"column":5}}]},"33":{"type":"branch","line":169,"loc":{"start":{"line":169,"column":4},"end":{"line":171,"column":5}},"locations":[{"start":{"line":169,"column":4},"end":{"line":171,"column":5}}]},"34":{"type":"branch","line":173,"loc":{"start":{"line":173,"column":4},"end":{"line":177,"column":5}},"locations":[{"start":{"line":173,"column":4},"end":{"line":177,"column":5}}]},"35":{"type":"branch","line":179,"loc":{"start":{"line":179,"column":4},"end":{"line":184,"column":5}},"locations":[{"start":{"line":179,"column":4},"end":{"line":184,"column":5}}]},"36":{"type":"branch","line":193,"loc":{"start":{"line":193,"column":4},"end":{"line":202,"column":5}},"locations":[{"start":{"line":193,"column":4},"end":{"line":202,"column":5}}]},"37":{"type":"branch","line":195,"loc":{"start":{"line":195,"column":49},"end":{"line":195,"column":105}},"locations":[{"start":{"line":195,"column":49},"end":{"line":195,"column":105}}]},"38":{"type":"branch","line":207,"loc":{"start":{"line":207,"column":4},"end":{"line":216,"column":5}},"locations":[{"start":{"line":207,"column":4},"end":{"line":216,"column":5}}]},"39":{"type":"branch","line":209,"loc":{"start":{"line":209,"column":51},"end":{"line":209,"column":107}},"locations":[{"start":{"line":209,"column":51},"end":{"line":209,"column":107}}]}},"b":{"0":[72],"1":[72],"2":[3],"3":[7],"4":[0],"5":[6],"6":[2],"7":[5],"8":[0],"9":[5],"10":[24],"11":[0],"12":[0],"13":[21],"14":[9],"15":[2],"16":[1],"17":[23],"18":[4],"19":[23],"20":[1],"21":[15],"22":[12],"23":[11],"24":[10],"25":[0],"26":[4],"27":[7],"28":[5],"29":[4],"30":[0],"31":[2],"32":[21],"33":[25],"34":[1],"35":[15],"36":[1],"37":[2],"38":[1],"39":[1]},"fnMap":{"0":{"name":"<instance_members_initializer>","decl":{"start":{"line":16,"column":28},"end":{"line":217,"column":1}},"loc":{"start":{"line":16,"column":28},"end":{"line":217,"column":1}},"line":16},"1":{"name":"HistoryManager","decl":{"start":{"line":23,"column":4},"end":{"line":25,"column":5}},"loc":{"start":{"line":23,"column":4},"end":{"line":25,"column":5}},"line":23},"2":{"name":"setUndoRedoCallback","decl":{"start":{"line":30,"column":4},"end":{"line":32,"column":5}},"loc":{"start":{"line":30,"column":4},"end":{"line":32,"column":5}},"line":30},"3":{"name":"record","decl":{"start":{"line":34,"column":4},"end":{"line":62,"column":5}},"loc":{"start":{"line":34,"column":4},"end":{"line":62,"column":5}},"line":34},"4":{"name":"push","decl":{"start":{"line":64,"column":4},"end":{"line":123,"column":5}},"loc":{"start":{"line":64,"column":4},"end":{"line":123,"column":5}},"line":64},"5":{"name":"undo","decl":{"start":{"line":125,"column":4},"end":{"line":143,"column":5}},"loc":{"start":{"line":125,"column":4},"end":{"line":143,"column":5}},"line":125},"6":{"name":"redo","decl":{"start":{"line":145,"column":4},"end":{"line":163,"column":5}},"loc":{"start":{"line":145,"column":4},"end":{"line":163,"column":5}},"line":145},"7":{"name":"canUndo","decl":{"start":{"line":165,"column":4},"end":{"line":167,"column":5}},"loc":{"start":{"line":165,"column":4},"end":{"line":167,"column":5}},"line":165},"8":{"name":"canRedo","decl":{"start":{"line":169,"column":4},"end":{"line":171,"column":5}},"loc":{"start":{"line":169,"column":4},"end":{"line":171,"column":5}},"line":169},"9":{"name":"clear","decl":{"start":{"line":173,"column":4},"end":{"line":177,"column":5}},"loc":{"start":{"line":173,"column":4},"end":{"line":177,"column":5}},"line":173},"10":{"name":"getHistorySize","decl":{"start":{"line":179,"column":4},"end":{"line":184,"column":5}},"loc":{"start":{"line":179,"column":4},"end":{"line":184,"column":5}},"line":179},"11":{"name":"subscribeToHistory","decl":{"start":{"line":186,"column":4},"end":{"line":188,"column":5}},"loc":{"start":{"line":186,"column":4},"end":{"line":188,"column":5}},"line":186},"12":{"name":"handleRemoteUndo","decl":{"start":{"line":193,"column":4},"end":{"line":202,"column":5}},"loc":{"start":{"line":193,"column":4},"end":{"line":202,"column":5}},"line":193},"13":{"name":"handleRemoteRedo","decl":{"start":{"line":207,"column":4},"end":{"line":216,"column":5}},"loc":{"start":{"line":207,"column":4},"end":{"line":216,"column":5}},"line":207}},"f":{"0":72,"1":72,"2":3,"3":7,"4":24,"5":15,"6":7,"7":21,"8":25,"9":1,"10":15,"11":0,"12":1,"13":1}}
,"/Users/hlorella/code/wis/wis/src/state.ts": {"path":"/Users/hlorella/code/wis/wis/src/state.ts","all":false,"statementMap":{"44":{"start":{"line":45,"column":0},"end":{"line":45,"column":41}},"79":{"start":{"line":80,"column":0},"end":{"line":80,"column":36}},"80":{"start":{"line":81,"column":0},"end":{"line":81,"column":12}},"81":{"start":{"line":82,"column":0},"end":{"line":82,"column":17}},"82":{"start":{"line":83,"column":0},"end":{"line":83,"column":113}},"83":{"start":{"line":84,"column":0},"end":{"line":84,"column":113}},"84":{"start":{"line":85,"column":0},"end":{"line":85,"column":113}},"85":{"start":{"line":86,"column":0},"end":{"line":86,"column":113}},"86":{"start":{"line":87,"column":0},"end":{"line":87,"column":9}},"87":{"start":{"line":88,"column":0},"end":{"line":88,"column":6}},"88":{"start":{"line":89,"column":0},"end":{"line":89,"column":11}},"89":{"start":{"line":90,"column":0},"end":{"line":90,"column":40}},"90":{"start":{"line":91,"column":0},"end":{"line":91,"column":42}},"91":{"start":{"line":92,"column":0},"end":{"line":92,"column":6}},"92":{"start":{"line":93,"column":0},"end":{"line":93,"column":16}},"93":{"start":{"line":94,"column":0},"end":{"line":94,"column":21}},"94":{"start":{"line":95,"column":0},"end":{"line":95,"column":20}},"95":{"start":{"line":96,"column":0},"end":{"line":96,"column":18}},"96":{"start":{"line":97,"column":0},"end":{"line":97,"column":6}},"97":{"start":{"line":98,"column":0},"end":{"line":98,"column":18}},"98":{"start":{"line":99,"column":0},"end":{"line":99,"column":21}},"99":{"start":{"line":100,"column":0},"end":{"line":100,"column":22}},"100":{"start":{"line":101,"column":0},"end":{"line":101,"column":26}},"101":{"start":{"line":102,"column":0},"end":{"line":102,"column":26}},"102":{"start":{"line":103,"column":0},"end":{"line":103,"column":27}},"103":{"start":{"line":104,"column":0},"end":{"line":104,"column":23}},"104":{"start":{"line":105,"column":0},"end":{"line":105,"column":6}},"105":{"start":{"line":106,"column":0},"end":{"line":106,"column":9}},"106":{"start":{"line":107,"column":0},"end":{"line":107,"column":24}},"107":{"start":{"line":108,"column":0},"end":{"line":108,"column":28}},"108":{"start":{"line":109,"column":0},"end":{"line":109,"column":24}},"109":{"start":{"line":110,"column":0},"end":{"line":110,"column":25}},"110":{"start":{"line":111,"column":0},"end":{"line":111,"column":9}},"111":{"start":{"line":112,"column":0},"end":{"line":112,"column":5}},"112":{"start":{"line":113,"column":0},"end":{"line":113,"column":2}}},"s":{"44":1,"79":1,"80":1,"81":1,"82":1,"83":1,"84":1,"85":1,"86":1,"87":1,"88":1,"89":1,"90":1,"91":1,"92":1,"93":1,"94":1,"95":1,"96":1,"97":1,"98":1,"99":1,"100":1,"101":1,"102":1,"103":1,"104":1,"105":1,"106":1,"107":1,"108":1,"109":1,"110":1,"111":1,"112":1},"branchMap":{},"b":{},"fnMap":{},"f":{}}
,"/Users/hlorella/code/wis/wis/src/stateProxy.ts": {"path":"/Users/hlorella/code/wis/wis/src/stateProxy.ts","all":false,"statementMap":{"16":{"start":{"line":17,"column":0},"end":{"line":17,"column":51}},"17":{"start":{"line":18,"column":0},"end":{"line":18,"column":14}},"18":{"start":{"line":19,"column":0},"end":{"line":19,"column":25}},"19":{"start":{"line":20,"column":0},"end":{"line":20,"column":30}},"20":{"start":{"line":21,"column":0},"end":{"line":21,"column":34}},"21":{"start":{"line":22,"column":0},"end":{"line":22,"column":73}},"23":{"start":{"line":24,"column":0},"end":{"line":24,"column":22}},"24":{"start":{"line":25,"column":0},"end":{"line":25,"column":20}},"25":{"start":{"line":26,"column":0},"end":{"line":26,"column":50}},"27":{"start":{"line":28,"column":0},"end":{"line":28,"column":27}},"28":{"start":{"line":29,"column":0},"end":{"line":29,"column":19}},"29":{"start":{"line":30,"column":0},"end":{"line":30,"column":6}},"31":{"start":{"line":32,"column":0},"end":{"line":32,"column":28}},"32":{"start":{"line":33,"column":0},"end":{"line":33,"column":25}},"33":{"start":{"line":34,"column":0},"end":{"line":34,"column":22}},"34":{"start":{"line":35,"column":0},"end":{"line":35,"column":9}},"36":{"start":{"line":37,"column":0},"end":{"line":37,"column":18}},"37":{"start":{"line":38,"column":0},"end":{"line":38,"column":25}},"38":{"start":{"line":39,"column":0},"end":{"line":39,"column":29}},"39":{"start":{"line":40,"column":0},"end":{"line":40,"column":45}},"40":{"start":{"line":41,"column":0},"end":{"line":41,"column":34}},"41":{"start":{"line":42,"column":0},"end":{"line":42,"column":30}},"42":{"start":{"line":43,"column":0},"end":{"line":43,"column":19}},"43":{"start":{"line":44,"column":0},"end":{"line":44,"column":13}},"44":{"start":{"line":45,"column":0},"end":{"line":45,"column":16}},"45":{"start":{"line":46,"column":0},"end":{"line":46,"column":22}},"46":{"start":{"line":47,"column":0},"end":{"line":47,"column":9}},"47":{"start":{"line":48,"column":0},"end":{"line":48,"column":6}},"49":{"start":{"line":50,"column":0},"end":{"line":50,"column":43}},"50":{"start":{"line":51,"column":0},"end":{"line":51,"column":30}},"52":{"start":{"line":53,"column":0},"end":{"line":53,"column":47}},"53":{"start":{"line":54,"column":0},"end":{"line":54,"column":31}},"54":{"start":{"line":55,"column":0},"end":{"line":55,"column":13}},"56":{"start":{"line":57,"column":0},"end":{"line":57,"column":55}},"60":{"start":{"line":61,"column":0},"end":{"line":61,"column":74}},"61":{"start":{"line":62,"column":0},"end":{"line":62,"column":53}},"62":{"start":{"line":63,"column":0},"end":{"line":63,"column":42}},"64":{"start":{"line":65,"column":0},"end":{"line":65,"column":58}},"65":{"start":{"line":66,"column":0},"end":{"line":66,"column":47}},"66":{"start":{"line":67,"column":0},"end":{"line":67,"column":31}},"67":{"start":{"line":68,"column":0},"end":{"line":68,"column":13}},"69":{"start":{"line":70,"column":0},"end":{"line":70,"column":25}},"70":{"start":{"line":71,"column":0},"end":{"line":71,"column":10}},"72":{"start":{"line":73,"column":0},"end":{"line":73,"column":37}},"73":{"start":{"line":74,"column":0},"end":{"line":74,"column":58}},"74":{"start":{"line":75,"column":0},"end":{"line":75,"column":63}},"77":{"start":{"line":78,"column":0},"end":{"line":78,"column":47}},"78":{"start":{"line":79,"column":0},"end":{"line":79,"column":27}},"79":{"start":{"line":80,"column":0},"end":{"line":80,"column":13}},"81":{"start":{"line":82,"column":0},"end":{"line":82,"column":26}},"82":{"start":{"line":83,"column":0},"end":{"line":83,"column":10}},"84":{"start":{"line":85,"column":0},"end":{"line":85,"column":35}},"85":{"start":{"line":86,"column":0},"end":{"line":86,"column":55}},"86":{"start":{"line":87,"column":0},"end":{"line":87,"column":61}},"89":{"start":{"line":90,"column":0},"end":{"line":90,"column":40}},"90":{"start":{"line":91,"column":0},"end":{"line":91,"column":27}},"91":{"start":{"line":92,"column":0},"end":{"line":92,"column":13}},"93":{"start":{"line":94,"column":0},"end":{"line":94,"column":26}},"94":{"start":{"line":95,"column":0},"end":{"line":95,"column":9}},"95":{"start":{"line":96,"column":0},"end":{"line":96,"column":6}},"97":{"start":{"line":98,"column":0},"end":{"line":98,"column":45}},"100":{"start":{"line":101,"column":0},"end":{"line":101,"column":21}},"101":{"start":{"line":102,"column":0},"end":{"line":102,"column":45}},"102":{"start":{"line":103,"column":0},"end":{"line":103,"column":31}},"103":{"start":{"line":104,"column":0},"end":{"line":104,"column":30}},"104":{"start":{"line":105,"column":0},"end":{"line":105,"column":31}},"105":{"start":{"line":106,"column":0},"end":{"line":106,"column":11}},"106":{"start":{"line":107,"column":0},"end":{"line":107,"column":5}},"108":{"start":{"line":109,"column":0},"end":{"line":109,"column":50}},"109":{"start":{"line":110,"column":0},"end":{"line":110,"column":1}}},"s":{"16":1,"17":21,"18":21,"19":21,"20":21,"21":21,"23":21,"24":21,"25":21,"27":21,"28":27,"29":27,"31":21,"32":31,"33":17,"34":17,"36":31,"37":7,"38":3,"39":3,"40":3,"41":3,"42":3,"43":3,"44":31,"45":24,"46":24,"47":31,"49":21,"50":21,"52":169,"53":12,"54":12,"56":157,"60":169,"61":74,"62":74,"64":22,"65":22,"66":22,"67":22,"69":83,"70":169,"72":21,"73":40,"74":40,"77":40,"78":30,"79":30,"81":40,"82":40,"84":21,"85":1,"86":1,"89":1,"90":1,"91":1,"93":1,"94":1,"95":21,"97":21,"100":21,"101":10,"102":10,"103":10,"104":10,"105":10,"106":10,"108":21,"109":21},"branchMap":{"0":{"type":"branch","line":17,"loc":{"start":{"line":17,"column":7},"end":{"line":110,"column":1}},"locations":[{"start":{"line":17,"column":7},"end":{"line":110,"column":1}}]},"1":{"type":"branch","line":101,"loc":{"start":{"line":101,"column":20},"end":{"line":107,"column":5}},"locations":[{"start":{"line":101,"column":20},"end":{"line":107,"column":5}}]},"2":{"type":"branch","line":28,"loc":{"start":{"line":28,"column":20},"end":{"line":30,"column":6}},"locations":[{"start":{"line":28,"column":20},"end":{"line":30,"column":6}}]},"3":{"type":"branch","line":32,"loc":{"start":{"line":32,"column":21},"end":{"line":48,"column":6}},"locations":[{"start":{"line":32,"column":21},"end":{"line":48,"column":6}}]},"4":{"type":"branch","line":33,"loc":{"start":{"line":33,"column":24},"end":{"line":35,"column":9}},"locations":[{"start":{"line":33,"column":24},"end":{"line":35,"column":9}}]},"5":{"type":"branch","line":37,"loc":{"start":{"line":37,"column":17},"end":{"line":45,"column":15}},"locations":[{"start":{"line":37,"column":17},"end":{"line":45,"column":15}}]},"6":{"type":"branch","line":38,"loc":{"start":{"line":38,"column":24},"end":{"line":44,"column":13}},"locations":[{"start":{"line":38,"column":24},"end":{"line":44,"column":13}}]},"7":{"type":"branch","line":45,"loc":{"start":{"line":45,"column":8},"end":{"line":47,"column":9}},"locations":[{"start":{"line":45,"column":8},"end":{"line":47,"column":9}}]},"8":{"type":"branch","line":40,"loc":{"start":{"line":40,"column":38},"end":{"line":43,"column":17}},"locations":[{"start":{"line":40,"column":38},"end":{"line":43,"column":17}}]},"9":{"type":"branch","line":51,"loc":{"start":{"line":51,"column":8},"end":{"line":71,"column":10}},"locations":[{"start":{"line":51,"column":8},"end":{"line":71,"column":10}}]},"10":{"type":"branch","line":53,"loc":{"start":{"line":53,"column":16},"end":{"line":53,"column":46}},"locations":[{"start":{"line":53,"column":16},"end":{"line":53,"column":46}}]},"11":{"type":"branch","line":53,"loc":{"start":{"line":53,"column":46},"end":{"line":55,"column":13}},"locations":[{"start":{"line":53,"column":46},"end":{"line":55,"column":13}}]},"12":{"type":"branch","line":55,"loc":{"start":{"line":55,"column":12},"end":{"line":61,"column":45}},"locations":[{"start":{"line":55,"column":12},"end":{"line":61,"column":45}}]},"13":{"type":"branch","line":61,"loc":{"start":{"line":61,"column":33},"end":{"line":61,"column":63}},"locations":[{"start":{"line":61,"column":33},"end":{"line":61,"column":63}}]},"14":{"type":"branch","line":61,"loc":{"start":{"line":61,"column":55},"end":{"line":61,"column":73}},"locations":[{"start":{"line":61,"column":55},"end":{"line":61,"column":73}}]},"15":{"type":"branch","line":61,"loc":{"start":{"line":61,"column":73},"end":{"line":68,"column":13}},"locations":[{"start":{"line":61,"column":73},"end":{"line":68,"column":13}}]},"16":{"type":"branch","line":63,"loc":{"start":{"line":63,"column":28},"end":{"line":63,"column":42}},"locations":[{"start":{"line":63,"column":28},"end":{"line":63,"column":42}}]},"17":{"type":"branch","line":63,"loc":{"start":{"line":63,"column":35},"end":{"line":68,"column":13}},"locations":[{"start":{"line":63,"column":35},"end":{"line":68,"column":13}}]},"18":{"type":"branch","line":68,"loc":{"start":{"line":68,"column":12},"end":{"line":70,"column":25}},"locations":[{"start":{"line":68,"column":12},"end":{"line":70,"column":25}}]},"19":{"type":"branch","line":73,"loc":{"start":{"line":73,"column":8},"end":{"line":83,"column":10}},"locations":[{"start":{"line":73,"column":8},"end":{"line":83,"column":10}}]},"20":{"type":"branch","line":78,"loc":{"start":{"line":78,"column":46},"end":{"line":80,"column":13}},"locations":[{"start":{"line":78,"column":46},"end":{"line":80,"column":13}}]},"21":{"type":"branch","line":85,"loc":{"start":{"line":85,"column":8},"end":{"line":95,"column":9}},"locations":[{"start":{"line":85,"column":8},"end":{"line":95,"column":9}}]}},"b":{"0":[21],"1":[10],"2":[27],"3":[31],"4":[17],"5":[7],"6":[3],"7":[24],"8":[3],"9":[169],"10":[154],"11":[12],"12":[157],"13":[76],"14":[76],"15":[74],"16":[52],"17":[22],"18":[83],"19":[40],"20":[30],"21":[1]},"fnMap":{"0":{"name":"createStateProxy","decl":{"start":{"line":17,"column":7},"end":{"line":110,"column":1}},"loc":{"start":{"line":17,"column":7},"end":{"line":110,"column":1}},"line":17},"1":{"name":"trigger","decl":{"start":{"line":28,"column":20},"end":{"line":30,"column":6}},"loc":{"start":{"line":28,"column":20},"end":{"line":30,"column":6}},"line":28},"2":{"name":"schedule","decl":{"start":{"line":32,"column":21},"end":{"line":48,"column":6}},"loc":{"start":{"line":32,"column":21},"end":{"line":48,"column":6}},"line":32},"3":{"name":"get","decl":{"start":{"line":51,"column":8},"end":{"line":71,"column":10}},"loc":{"start":{"line":51,"column":8},"end":{"line":71,"column":10}},"line":51},"4":{"name":"set","decl":{"start":{"line":73,"column":8},"end":{"line":83,"column":10}},"loc":{"start":{"line":73,"column":8},"end":{"line":83,"column":10}},"line":73},"5":{"name":"deleteProperty","decl":{"start":{"line":85,"column":8},"end":{"line":95,"column":9}},"loc":{"start":{"line":85,"column":8},"end":{"line":95,"column":9}},"line":85},"6":{"name":"get","decl":{"start":{"line":103,"column":17},"end":{"line":103,"column":31}},"loc":{"start":{"line":103,"column":17},"end":{"line":103,"column":31}},"line":103}},"f":{"0":21,"1":27,"2":31,"3":169,"4":40,"5":1,"6":0}}
,"/Users/hlorella/code/wis/wis/src/canvas/coordinates.ts": {"path":"/Users/hlorella/code/wis/wis/src/canvas/coordinates.ts","all":false,"statementMap":{"2":{"start":{"line":3,"column":0},"end":{"line":3,"column":36}},"3":{"start":{"line":4,"column":0},"end":{"line":4,"column":38}},"5":{"start":{"line":6,"column":0},"end":{"line":6,"column":44}},"6":{"start":{"line":7,"column":0},"end":{"line":7,"column":29}},"7":{"start":{"line":8,"column":0},"end":{"line":8,"column":5}},"9":{"start":{"line":10,"column":0},"end":{"line":10,"column":67}},"10":{"start":{"line":11,"column":0},"end":{"line":11,"column":57}},"11":{"start":{"line":12,"column":0},"end":{"line":12,"column":38}},"12":{"start":{"line":13,"column":0},"end":{"line":13,"column":37}},"14":{"start":{"line":15,"column":0},"end":{"line":15,"column":16}},"15":{"start":{"line":16,"column":0},"end":{"line":16,"column":55}},"16":{"start":{"line":17,"column":0},"end":{"line":17,"column":54}},"17":{"start":{"line":18,"column":0},"end":{"line":18,"column":10}},"18":{"start":{"line":19,"column":0},"end":{"line":19,"column":5}},"20":{"start":{"line":21,"column":0},"end":{"line":21,"column":65}},"21":{"start":{"line":22,"column":0},"end":{"line":22,"column":57}},"23":{"start":{"line":24,"column":0},"end":{"line":24,"column":16}},"24":{"start":{"line":25,"column":0},"end":{"line":25,"column":70}},"25":{"start":{"line":26,"column":0},"end":{"line":26,"column":68}},"26":{"start":{"line":27,"column":0},"end":{"line":27,"column":10}},"27":{"start":{"line":28,"column":0},"end":{"line":28,"column":5}},"28":{"start":{"line":29,"column":0},"end":{"line":29,"column":1}}},"s":{"2":1,"3":104,"5":104,"6":104,"7":104,"9":104,"10":76,"11":76,"12":76,"14":76,"15":76,"16":76,"17":76,"18":76,"20":104,"21":13,"23":13,"24":13,"25":13,"26":13,"27":13,"28":104},"branchMap":{"0":{"type":"branch","line":3,"loc":{"start":{"line":3,"column":35},"end":{"line":29,"column":1}},"locations":[{"start":{"line":3,"column":35},"end":{"line":29,"column":1}}]},"1":{"type":"branch","line":6,"loc":{"start":{"line":6,"column":4},"end":{"line":8,"column":5}},"locations":[{"start":{"line":6,"column":4},"end":{"line":8,"column":5}}]},"2":{"type":"branch","line":10,"loc":{"start":{"line":10,"column":4},"end":{"line":19,"column":5}},"locations":[{"start":{"line":10,"column":4},"end":{"line":19,"column":5}}]},"3":{"type":"branch","line":21,"loc":{"start":{"line":21,"column":4},"end":{"line":28,"column":5}},"locations":[{"start":{"line":21,"column":4},"end":{"line":28,"column":5}}]}},"b":{"0":[104],"1":[104],"2":[76],"3":[13]},"fnMap":{"0":{"name":"<instance_members_initializer>","decl":{"start":{"line":3,"column":35},"end":{"line":29,"column":1}},"loc":{"start":{"line":3,"column":35},"end":{"line":29,"column":1}},"line":3},"1":{"name":"CoordinateTransformer","decl":{"start":{"line":6,"column":4},"end":{"line":8,"column":5}},"loc":{"start":{"line":6,"column":4},"end":{"line":8,"column":5}},"line":6},"2":{"name":"screenToWorld","decl":{"start":{"line":10,"column":4},"end":{"line":19,"column":5}},"loc":{"start":{"line":10,"column":4},"end":{"line":19,"column":5}},"line":10},"3":{"name":"worldToScreen","decl":{"start":{"line":21,"column":4},"end":{"line":28,"column":5}},"loc":{"start":{"line":21,"column":4},"end":{"line":28,"column":5}},"line":21}},"f":{"0":104,"1":104,"2":76,"3":13}}
,"/Users/hlorella/code/wis/wis/src/canvas/setup.ts": {"path":"/Users/hlorella/code/wis/wis/src/canvas/setup.ts","all":false,"statementMap":{"0":{"start":{"line":1,"column":0},"end":{"line":1,"column":26}},"1":{"start":{"line":2,"column":0},"end":{"line":2,"column":40}},"2":{"start":{"line":3,"column":0},"end":{"line":3,"column":38}},"3":{"start":{"line":4,"column":0},"end":{"line":4,"column":38}},"4":{"start":{"line":5,"column":0},"end":{"line":5,"column":40}},"6":{"start":{"line":7,"column":0},"end":{"line":7,"column":16}},"7":{"start":{"line":8,"column":0},"end":{"line":8,"column":36}},"8":{"start":{"line":9,"column":0},"end":{"line":9,"column":34}},"9":{"start":{"line":10,"column":0},"end":{"line":10,"column":33}},"10":{"start":{"line":11,"column":0},"end":{"line":11,"column":7}},"11":{"start":{"line":12,"column":0},"end":{"line":12,"column":33}},"12":{"start":{"line":13,"column":0},"end":{"line":13,"column":29}},"13":{"start":{"line":14,"column":0},"end":{"line":14,"column":35}},"14":{"start":{"line":15,"column":0},"end":{"line":15,"column":5}},"16":{"start":{"line":17,"column":0},"end":{"line":17,"column":47}},"17":{"start":{"line":18,"column":0},"end":{"line":18,"column":39}},"19":{"start":{"line":20,"column":0},"end":{"line":20,"column":62}},"20":{"start":{"line":21,"column":0},"end":{"line":21,"column":42}},"21":{"start":{"line":22,"column":0},"end":{"line":22,"column":54}},"22":{"start":{"line":23,"column":0},"end":{"line":23,"column":42}},"23":{"start":{"line":24,"column":0},"end":{"line":24,"column":44}},"24":{"start":{"line":25,"column":0},"end":{"line":25,"column":17}},"25":{"start":{"line":26,"column":0},"end":{"line":26,"column":13}},"26":{"start":{"line":27,"column":0},"end":{"line":27,"column":11}},"28":{"start":{"line":29,"column":0},"end":{"line":29,"column":47}},"29":{"start":{"line":30,"column":0},"end":{"line":30,"column":5}},"31":{"start":{"line":32,"column":0},"end":{"line":32,"column":22}},"32":{"start":{"line":33,"column":0},"end":{"line":33,"column":58}},"33":{"start":{"line":34,"column":0},"end":{"line":34,"column":60}},"34":{"start":{"line":35,"column":0},"end":{"line":35,"column":49}},"36":{"start":{"line":37,"column":0},"end":{"line":37,"column":53}},"37":{"start":{"line":38,"column":0},"end":{"line":38,"column":59}},"38":{"start":{"line":39,"column":0},"end":{"line":39,"column":61}},"40":{"start":{"line":41,"column":0},"end":{"line":41,"column":63}},"41":{"start":{"line":42,"column":0},"end":{"line":42,"column":34}},"42":{"start":{"line":43,"column":0},"end":{"line":43,"column":36}},"43":{"start":{"line":44,"column":0},"end":{"line":44,"column":13}},"44":{"start":{"line":45,"column":0},"end":{"line":45,"column":11}},"45":{"start":{"line":46,"column":0},"end":{"line":46,"column":5}},"47":{"start":{"line":48,"column":0},"end":{"line":48,"column":24}},"48":{"start":{"line":49,"column":0},"end":{"line":49,"column":45}},"49":{"start":{"line":50,"column":0},"end":{"line":50,"column":5}},"51":{"start":{"line":52,"column":0},"end":{"line":52,"column":26}},"52":{"start":{"line":53,"column":0},"end":{"line":53,"column":47}},"53":{"start":{"line":54,"column":0},"end":{"line":54,"column":5}},"55":{"start":{"line":56,"column":0},"end":{"line":56,"column":17}},"56":{"start":{"line":57,"column":0},"end":{"line":57,"column":27}},"57":{"start":{"line":58,"column":0},"end":{"line":58,"column":5}},"59":{"start":{"line":60,"column":0},"end":{"line":60,"column":19}},"60":{"start":{"line":61,"column":0},"end":{"line":61,"column":29}},"61":{"start":{"line":62,"column":0},"end":{"line":62,"column":5}},"62":{"start":{"line":63,"column":0},"end":{"line":63,"column":1}}},"s":{"0":1,"1":13,"2":13,"3":13,"4":13,"6":13,"7":13,"8":13,"9":13,"10":13,"11":13,"12":13,"13":13,"14":13,"16":13,"17":2,"19":2,"20":2,"21":2,"22":2,"23":2,"24":2,"25":2,"26":2,"28":2,"29":2,"31":13,"32":9,"33":9,"34":9,"36":9,"37":18,"38":18,"40":18,"41":16,"42":16,"43":16,"44":9,"45":9,"47":13,"48":1,"49":1,"51":13,"52":1,"53":1,"55":13,"56":2,"57":2,"59":13,"60":2,"61":2,"62":13},"branchMap":{"0":{"type":"branch","line":1,"loc":{"start":{"line":1,"column":25},"end":{"line":63,"column":1}},"locations":[{"start":{"line":1,"column":25},"end":{"line":63,"column":1}}]},"1":{"type":"branch","line":7,"loc":{"start":{"line":7,"column":4},"end":{"line":15,"column":5}},"locations":[{"start":{"line":7,"column":4},"end":{"line":15,"column":5}}]},"2":{"type":"branch","line":17,"loc":{"start":{"line":17,"column":4},"end":{"line":30,"column":5}},"locations":[{"start":{"line":17,"column":4},"end":{"line":30,"column":5}}]},"3":{"type":"branch","line":20,"loc":{"start":{"line":20,"column":50},"end":{"line":27,"column":9}},"locations":[{"start":{"line":20,"column":50},"end":{"line":27,"column":9}}]},"4":{"type":"branch","line":32,"loc":{"start":{"line":32,"column":4},"end":{"line":46,"column":5}},"locations":[{"start":{"line":32,"column":4},"end":{"line":46,"column":5}}]},"5":{"type":"branch","line":35,"loc":{"start":{"line":35,"column":27},"end":{"line":35,"column":49}},"locations":[{"start":{"line":35,"column":27},"end":{"line":35,"column":49}}]},"6":{"type":"branch","line":37,"loc":{"start":{"line":37,"column":45},"end":{"line":45,"column":9}},"locations":[{"start":{"line":37,"column":45},"end":{"line":45,"column":9}}]},"7":{"type":"branch","line":41,"loc":{"start":{"line":41,"column":30},"end":{"line":41,"column":62}},"locations":[{"start":{"line":41,"column":30},"end":{"line":41,"column":62}}]},"8":{"type":"branch","line":41,"loc":{"start":{"line":41,"column":62},"end":{"line":44,"column":13}},"locations":[{"start":{"line":41,"column":62},"end":{"line":44,"column":13}}]},"9":{"type":"branch","line":48,"loc":{"start":{"line":48,"column":4},"end":{"line":50,"column":5}},"locations":[{"start":{"line":48,"column":4},"end":{"line":50,"column":5}}]},"10":{"type":"branch","line":52,"loc":{"start":{"line":52,"column":4},"end":{"line":54,"column":5}},"locations":[{"start":{"line":52,"column":4},"end":{"line":54,"column":5}}]},"11":{"type":"branch","line":56,"loc":{"start":{"line":56,"column":4},"end":{"line":58,"column":5}},"locations":[{"start":{"line":56,"column":4},"end":{"line":58,"column":5}}]},"12":{"type":"branch","line":60,"loc":{"start":{"line":60,"column":4},"end":{"line":62,"column":5}},"locations":[{"start":{"line":60,"column":4},"end":{"line":62,"column":5}}]}},"b":{"0":[13],"1":[13],"2":[2],"3":[2],"4":[9],"5":[1],"6":[18],"7":[2],"8":[16],"9":[1],"10":[1],"11":[2],"12":[2]},"fnMap":{"0":{"name":"<instance_members_initializer>","decl":{"start":{"line":1,"column":25},"end":{"line":63,"column":1}},"loc":{"start":{"line":1,"column":25},"end":{"line":63,"column":1}},"line":1},"1":{"name":"CanvasSetup","decl":{"start":{"line":7,"column":4},"end":{"line":15,"column":5}},"loc":{"start":{"line":7,"column":4},"end":{"line":15,"column":5}},"line":7},"2":{"name":"setupResizeObserver","decl":{"start":{"line":17,"column":4},"end":{"line":30,"column":5}},"loc":{"start":{"line":17,"column":4},"end":{"line":30,"column":5}},"line":17},"3":{"name":"resizeCanvases","decl":{"start":{"line":32,"column":4},"end":{"line":46,"column":5}},"loc":{"start":{"line":32,"column":4},"end":{"line":46,"column":5}},"line":32},"4":{"name":"getCanvasContext","decl":{"start":{"line":48,"column":4},"end":{"line":50,"column":5}},"loc":{"start":{"line":48,"column":4},"end":{"line":50,"column":5}},"line":48},"5":{"name":"getBgCanvasContext","decl":{"start":{"line":52,"column":4},"end":{"line":54,"column":5}},"loc":{"start":{"line":52,"column":4},"end":{"line":54,"column":5}},"line":52},"6":{"name":"getCanvas","decl":{"start":{"line":56,"column":4},"end":{"line":58,"column":5}},"loc":{"start":{"line":56,"column":4},"end":{"line":58,"column":5}},"line":56},"7":{"name":"getBgCanvas","decl":{"start":{"line":60,"column":4},"end":{"line":62,"column":5}},"loc":{"start":{"line":60,"column":4},"end":{"line":62,"column":5}},"line":60}},"f":{"0":13,"1":13,"2":2,"3":9,"4":1,"5":1,"6":2,"7":2}}
[...]
21":{"start":{"line":22,"column":0},"end":{"line":22,"column":51}},"22":{"start":{"line":23,"column":0},"end":{"line":23,"column":57}},"23":{"start":{"line":24,"column":0},"end":{"line":24,"column":5}},"25":{"start":{"line":26,"column":0},"end":{"line":26,"column":55}},"26":{"start":{"line":27,"column":0},"end":{"line":27,"column":3}},"28":{"start":{"line":29,"column":0},"end":{"line":29,"column":35}},"29":{"start":{"line":30,"column":0},"end":{"line":30,"column":66}},"30":{"start":{"line":31,"column":0},"end":{"line":31,"column":26}},"33":{"start":{"line":34,"column":0},"end":{"line":34,"column":34}},"34":{"start":{"line":35,"column":0},"end":{"line":35,"column":35}},"35":{"start":{"line":36,"column":0},"end":{"line":36,"column":52}},"36":{"start":{"line":37,"column":0},"end":{"line":37,"column":53}},"37":{"start":{"line":38,"column":0},"end":{"line":38,"column":26}},"38":{"start":{"line":39,"column":0},"end":{"line":39,"column":39}},"39":{"start":{"line":40,"column":0},"end":{"line":40,"column":24}},"40":{"start":{"line":41,"column":0},"end":{"line":41,"column":13}},"41":{"start":{"line":42,"column":0},"end":{"line":42,"column":35}},"42":{"start":{"line":43,"column":0},"end":{"line":43,"column":9}},"43":{"start":{"line":44,"column":0},"end":{"line":44,"column":9}},"44":{"start":{"line":45,"column":0},"end":{"line":45,"column":7}},"45":{"start":{"line":46,"column":0},"end":{"line":46,"column":3}},"47":{"start":{"line":48,"column":0},"end":{"line":48,"column":17}},"48":{"start":{"line":49,"column":0},"end":{"line":49,"column":66}},"49":{"start":{"line":50,"column":0},"end":{"line":50,"column":19}},"50":{"start":{"line":51,"column":0},"end":{"line":51,"column":28}},"51":{"start":{"line":52,"column":0},"end":{"line":52,"column":32}},"52":{"start":{"line":53,"column":0},"end":{"line":53,"column":56}},"53":{"start":{"line":54,"column":0},"end":{"line":54,"column":7}},"54":{"start":{"line":55,"column":0},"end":{"line":55,"column":5}},"55":{"start":{"line":56,"column":0},"end":{"line":56,"column":3}},"57":{"start":{"line":58,"column":0},"end":{"line":58,"column":65}},"58":{"start":{"line":59,"column":0},"end":{"line":59,"column":29}},"59":{"start":{"line":60,"column":0},"end":{"line":60,"column":65}},"60":{"start":{"line":61,"column":0},"end":{"line":61,"column":5}},"61":{"start":{"line":62,"column":0},"end":{"line":62,"column":3}},"63":{"start":{"line":64,"column":0},"end":{"line":64,"column":68}},"64":{"start":{"line":65,"column":0},"end":{"line":65,"column":29}},"65":{"start":{"line":66,"column":0},"end":{"line":66,"column":28}},"66":{"start":{"line":67,"column":0},"end":{"line":67,"column":5}},"67":{"start":{"line":68,"column":0},"end":{"line":68,"column":3}},"69":{"start":{"line":70,"column":0},"end":{"line":70,"column":40}},"70":{"start":{"line":71,"column":0},"end":{"line":71,"column":53}},"71":{"start":{"line":72,"column":0},"end":{"line":72,"column":44}},"72":{"start":{"line":73,"column":0},"end":{"line":73,"column":18}},"73":{"start":{"line":74,"column":0},"end":{"line":74,"column":5}},"74":{"start":{"line":75,"column":0},"end":{"line":75,"column":17}},"75":{"start":{"line":76,"column":0},"end":{"line":76,"column":3}},"80":{"start":{"line":81,"column":0},"end":{"line":81,"column":27}},"81":{"start":{"line":82,"column":0},"end":{"line":82,"column":42}},"82":{"start":{"line":83,"column":0},"end":{"line":83,"column":3}},"83":{"start":{"line":84,"column":0},"end":{"line":84,"column":1}},"86":{"start":{"line":87,"column":0},"end":{"line":87,"column":72}},"87":{"start":{"line":88,"column":0},"end":{"line":88,"column":60}},"88":{"start":{"line":89,"column":0},"end":{"line":89,"column":1}}},"s":{"11":1,"12":24,"14":24,"15":24,"16":24,"18":24,"19":24,"21":24,"22":24,"23":24,"25":24,"26":24,"28":24,"29":24,"30":24,"33":24,"34":24,"35":24,"36":24,"37":24,"38":24,"39":24,"40":24,"41":24,"42":24,"43":24,"44":24,"45":24,"47":24,"48":24,"49":24,"50":24,"51":24,"52":24,"53":24,"54":24,"55":24,"57":24,"58":24,"59":24,"60":24,"61":24,"63":24,"64":24,"65":24,"66":24,"67":24,"69":24,"70":24,"71":24,"72":24,"73":24,"74":24,"75":24,"80":24,"81":316,"82":316,"83":24,"86":1,"87":0,"88":0},"branchMap":{"0":{"type":"branch","line":87,"loc":{"start":{"line":87,"column":71},"end":{"line":89,"column":1}},"locations":[{"start":{"line":87,"column":71},"end":{"line":89,"column":1}}]},"1":{"type":"branch","line":12,"loc":{"start":{"line":12,"column":55},"end":{"line":84,"column":1}},"locations":[{"start":{"line":12,"column":55},"end":{"line":84,"column":1}}]},"2":{"type":"branch","line":81,"loc":{"start":{"line":81,"column":9},"end":{"line":83,"column":3}},"locations":[{"start":{"line":81,"column":9},"end":{"line":83,"column":3}}]}},"b":{"0":[0],"1":[24],"2":[316]},"fnMap":{"0":{"name":"<static_initializer>","decl":{"start":{"line":12,"column":55},"end":{"line":84,"column":1}},"loc":{"start":{"line":12,"column":55},"end":{"line":84,"column":1}},"line":12},"1":{"name":"clearAll","decl":{"start":{"line":81,"column":9},"end":{"line":83,"column":3}},"loc":{"start":{"line":81,"column":9},"end":{"line":83,"column":3}},"line":81}},"f":{"0":24,"1":316}}
,"/Users/hlorella/code/wis/wis/tests/polyfills/canvas.ts": {"path":"/Users/hlorella/code/wis/wis/tests/polyfills/canvas.ts","all":false,"statementMap":{"6":{"start":{"line":7,"column":0},"end":{"line":7,"column":36}},"7":{"start":{"line":8,"column":0},"end":{"line":8,"column":36}},"9":{"start":{"line":10,"column":0},"end":{"line":10,"column":39}},"10":{"start":{"line":11,"column":0},"end":{"line":11,"column":35}},"11":{"start":{"line":12,"column":0},"end":{"line":12,"column":43}},"12":{"start":{"line":13,"column":0},"end":{"line":13,"column":44}},"13":{"start":{"line":14,"column":0},"end":{"line":14,"column":45}},"14":{"start":{"line":15,"column":0},"end":{"line":15,"column":5}},"15":{"start":{"line":16,"column":0},"end":{"line":16,"column":3}},"17":{"start":{"line":18,"column":0},"end":{"line":18,"column":60}},"18":{"start":{"line":19,"column":0},"end":{"line":19,"column":90}},"19":{"start":{"line":20,"column":0},"end":{"line":20,"column":3}},"21":{"start":{"line":22,"column":0},"end":{"line":22,"column":114}},"22":{"start":{"line":23,"column":0},"end":{"line":23,"column":95}},"23":{"start":{"line":24,"column":0},"end":{"line":24,"column":3}},"25":{"start":{"line":26,"column":0},"end":{"line":26,"column":79}},"26":{"start":{"line":27,"column":0},"end":{"line":27,"column":68}},"27":{"start":{"line":28,"column":0},"end":{"line":28,"column":3}},"29":{"start":{"line":30,"column":0},"end":{"line":30,"column":101}},"30":{"start":{"line":31,"column":0},"end":{"line":31,"column":84}},"31":{"start":{"line":32,"column":0},"end":{"line":32,"column":3}},"33":{"start":{"line":34,"column":0},"end":{"line":34,"column":21}},"34":{"start":{"line":35,"column":0},"end":{"line":35,"column":38}},"35":{"start":{"line":36,"column":0},"end":{"line":36,"column":3}},"37":{"start":{"line":38,"column":0},"end":{"line":38,"column":154}},"38":{"start":{"line":39,"column":0},"end":{"line":39,"column":123}},"39":{"start":{"line":40,"column":0},"end":{"line":40,"column":3}},"41":{"start":{"line":42,"column":0},"end":{"line":42,"column":38}},"42":{"start":{"line":43,"column":0},"end":{"line":43,"column":45}},"43":{"start":{"line":44,"column":0},"end":{"line":44,"column":3}},"45":{"start":{"line":46,"column":0},"end":{"line":46,"column":38}},"46":{"start":{"line":47,"column":0},"end":{"line":47,"column":45}},"47":{"start":{"line":48,"column":0},"end":{"line":48,"column":3}},"49":{"start":{"line":50,"column":0},"end":{"line":50,"column":74}},"50":{"start":{"line":51,"column":0},"end":{"line":51,"column":69}},"51":{"start":{"line":52,"column":0},"end":{"line":52,"column":3}},"53":{"start":{"line":54,"column":0},"end":{"line":54,"column":58}},"54":{"start":{"line":55,"column":0},"end":{"line":55,"column":53}},"55":{"start":{"line":56,"column":0},"end":{"line":56,"column":3}},"57":{"start":{"line":58,"column":0},"end":{"line":58,"column":128}},"58":{"start":{"line":59,"column":0},"end":{"line":59,"column":83}},"59":{"start":{"line":60,"column":0},"end":{"line":60,"column":3}},"62":{"start":{"line":63,"column":0},"end":{"line":63,"column":29}},"63":{"start":{"line":64,"column":0},"end":{"line":64,"column":32}},"64":{"start":{"line":65,"column":0},"end":{"line":65,"column":3}},"65":{"start":{"line":66,"column":0},"end":{"line":66,"column":1}},"68":{"start":{"line":69,"column":0},"end":{"line":69,"column":81}},"69":{"start":{"line":70,"column":0},"end":{"line":70,"column":44}},"70":{"start":{"line":71,"column":0},"end":{"line":71,"column":65}},"71":{"start":{"line":72,"column":0},"end":{"line":72,"column":67}},"72":{"start":{"line":73,"column":0},"end":{"line":73,"column":24}},"73":{"start":{"line":74,"column":0},"end":{"line":74,"column":35}},"74":{"start":{"line":75,"column":0},"end":{"line":75,"column":39}},"75":{"start":{"line":76,"column":0},"end":{"line":76,"column":50}},"77":{"start":{"line":78,"column":0},"end":{"line":78,"column":36}},"80":{"start":{"line":81,"column":0},"end":{"line":81,"column":21}},"81":{"start":{"line":82,"column":0},"end":{"line":82,"column":38}},"82":{"start":{"line":83,"column":0},"end":{"line":83,"column":3}},"84":{"start":{"line":85,"column":0},"end":{"line":85,"column":21}},"85":{"start":{"line":86,"column":0},"end":{"line":86,"column":38}},"86":{"start":{"line":87,"column":0},"end":{"line":87,"column":3}},"88":{"start":{"line":89,"column":0},"end":{"line":89,"column":38}},"89":{"start":{"line":90,"column":0},"end":{"line":90,"column":45}},"90":{"start":{"line":91,"column":0},"end":{"line":91,"column":3}},"92":{"start":{"line":93,"column":0},"end":{"line":93,"column":38}},"93":{"start":{"line":94,"column":0},"end":{"line":94,"column":45}},"94":{"start":{"line":95,"column":0},"end":{"line":95,"column":3}},"96":{"start":{"line":97,"column":0},"end":{"line":97,"column":114}},"97":{"start":{"line":98,"column":0},"end":{"line":98,"column":95}},"98":{"start":{"line":99,"column":0},"end":{"line":99,"column":3}},"100":{"start":{"line":101,"column":0},"end":{"line":101,"column":58}},"101":{"start":{"line":102,"column":0},"end":{"line":102,"column":53}},"102":{"start":{"line":103,"column":0},"end":{"line":103,"column":3}},"107":{"start":{"line":108,"column":0},"end":{"line":108,"column":83}},"108":{"start":{"line":109,"column":0},"end":{"line":109,"column":63}},"109":{"start":{"line":110,"column":0},"end":{"line":110,"column":3}},"113":{"start":{"line":114,"column":0},"end":{"line":114,"column":31}},"114":{"start":{"line":115,"column":0},"end":{"line":115,"column":43}},"115":{"start":{"line":116,"column":0},"end":{"line":116,"column":3}},"117":{"start":{"line":118,"column":0},"end":{"line":118,"column":63}},"118":{"start":{"line":119,"column":0},"end":{"line":119,"column":58}},"119":{"start":{"line":120,"column":0},"end":{"line":120,"column":3}},"121":{"start":{"line":122,"column":0},"end":{"line":122,"column":62}},"122":{"start":{"line":123,"column":0},"end":{"line":123,"column":57}},"123":{"start":{"line":124,"column":0},"end":{"line":124,"column":3}},"125":{"start":{"line":126,"column":0},"end":{"line":126,"column":64}},"126":{"start":{"line":127,"column":0},"end":{"line":127,"column":59}},"127":{"start":{"line":128,"column":0},"end":{"line":128,"column":3}},"130":{"start":{"line":131,"column":0},"end":{"line":131,"column":16}},"131":{"start":{"line":132,"column":0},"end":{"line":132,"column":33}},"132":{"start":{"line":133,"column":0},"end":{"line":133,"column":3}},"134":{"start":{"line":135,"column":0},"end":{"line":135,"column":19}},"135":{"start":{"line":136,"column":0},"end":{"line":136,"column":36}},"136":{"start":{"line":137,"column":0},"end":{"line":137,"column":3}},"138":{"start":{"line":139,"column":0},"end":{"line":139,"column":37}},"139":{"start":{"line":140,"column":0},"end":{"line":140,"column":44}},"140":{"start":{"line":141,"column":0},"end":{"line":141,"column":3}},"142":{"start":{"line":143,"column":0},"end":{"line":143,"column":41}},"143":{"start":{"line":144,"column":0},"end":{"line":144,"column":48}},"144":{"start":{"line":145,"column":0},"end":{"line":145,"column":3}},"146":{"start":{"line":147,"column":0},"end":{"line":147,"column":85}},"147":{"start":{"line":148,"column":0},"end":{"line":148,"column":68}},"148":{"start":{"line":149,"column":0},"end":{"line":149,"column":3}},"152":{"start":{"line":153,"column":0},"end":{"line":153,"column":123}},"153":{"start":{"line":154,"column":0},"end":{"line":154,"column":43}},"154":{"start":{"line":155,"column":0},"end":{"line":155,"column":84}},"155":{"start":{"line":156,"column":0},"end":{"line":156,"column":12}},"156":{"start":{"line":157,"column":0},"end":{"line":157,"column":75}},"157":{"start":{"line":158,"column":0},"end":{"line":158,"column":5}},"158":{"start":{"line":159,"column":0},"end":{"line":159,"column":3}},"161":{"start":{"line":162,"column":0},"end":{"line":162,"column":29}},"162":{"start":{"line":163,"column":0},"end":{"line":163,"column":32}},"163":{"start":{"line":164,"column":0},"end":{"line":164,"column":3}},"165":{"start":{"line":166,"column":0},"end":{"line":166,"column":27}},"166":{"start":{"line":167,"column":0},"end":{"line":167,"column":25}},"167":{"start":{"line":168,"column":0},"end":{"line":168,"column":3}},"168":{"start":{"line":169,"column":0},"end":{"line":169,"column":1}},"171":{"start":{"line":172,"column":0},"end":{"line":172,"column":40}},"172":{"start":{"line":173,"column":0},"end":{"line":173,"column":27}},"173":{"start":{"line":174,"column":0},"end":{"line":174,"column":42}},"174":{"start":{"line":175,"column":0},"end":{"line":175,"column":3}},"177":{"start":{"line":178,"column":0},"end":{"line":178,"column":68}},"178":{"start":{"line":179,"column":0},"end":{"line":179,"column":93}},"179":{"start":{"line":180,"column":0},"end":{"line":180,"column":29}},"180":{"start":{"line":181,"column":0},"end":{"line":181,"column":48}},"181":{"start":{"line":182,"column":0},"end":{"line":182,"column":5}},"182":{"start":{"line":183,"column":0},"end":{"line":183,"column":70}},"183":{"start":{"line":184,"column":0},"end":{"line":184,"column":4}},"184":{"start":{"line":185,"column":0},"end":{"line":185,"column":1}}},"s":{"6":1,"7":0,"9":0,"10":0,"11":0,"12":0,"13":0,"14":0,"15":0,"17":0,"18":0,"19":0,"21":0,"22":0,"23":0,"25":0,"26":0,"27":0,"29":0,"30":0,"31":0,"33":0,"34":0,"35":0,"37":0,"38":0,"39":0,"41":0,"42":0,"43":0,"45":0,"46":0,"47":0,"49":0,"50":0,"51":0,"53":0,"54":0,"55":0,"57":0,"58":0,"59":0,"62":0,"63":0,"64":0,"65":0,"68":1,"69":2,"70":2,"71":2,"72":2,"73":2,"74":2,"75":2,"77":2,"80":2,"81":0,"82":0,"84":2,"85":0,"86":0,"88":2,"89":0,"90":0,"92":2,"93":0,"94":0,"96":2,"97":0,"98":0,"100":2,"101":0,"102":0,"107":2,"108":0,"109":0,"113":2,"114":0,"115":0,"117":2,"118":0,"119":0,"121":2,"122":0,"123":0,"125":2,"126":0,"127":0,"130":2,"131":0,"132":0,"134":2,"135":0,"136":0,"138":2,"139":0,"140":0,"142":2,"143":0,"144":0,"146":2,"147":0,"148":0,"152":2,"153":0,"154":0,"155":0,"156":0,"157":0,"158":0,"161":2,"162":0,"163":0,"165":2,"166":0,"167":0,"168":2,"171":1,"172":1,"173":1,"174":1,"177":1,"178":1,"179":2,"180":2,"181":2,"182":2,"183":2,"184":1},"branchMap":{"0":{"type":"branch","line":69,"loc":{"start":{"line":69,"column":80},"end":{"line":169,"column":1}},"locations":[{"start":{"line":69,"column":80},"end":{"line":169,"column":1}}]},"1":{"type":"branch","line":179,"loc":{"start":{"line":179,"column":43},"end":{"line":184,"column":4}},"locations":[{"start":{"line":179,"column":43},"end":{"line":184,"column":4}}]},"2":{"type":"branch","line":182,"loc":{"start":{"line":182,"column":4},"end":{"line":183,"column":36}},"locations":[{"start":{"line":182,"column":4},"end":{"line":183,"column":36}}]},"3":{"type":"branch","line":183,"loc":{"start":{"line":183,"column":60},"end":{"line":183,"column":70}},"locations":[{"start":{"line":183,"column":60},"end":{"line":183,"column":70}}]}},"b":{"0":[2],"1":[2],"2":[0],"3":[0]},"fnMap":{"0":{"name":"<instance_members_initializer>","decl":{"start":{"line":7,"column":35},"end":{"line":66,"column":1}},"loc":{"start":{"line":7,"column":35},"end":{"line":66,"column":1}},"line":7},"1":{"name":"<instance_members_initializer>","decl":{"start":{"line":69,"column":80},"end":{"line":169,"column":1}},"loc":{"start":{"line":69,"column":80},"end":{"line":169,"column":1}},"line":69},"2":{"name":"beginPath","decl":{"start":{"line":81,"column":2},"end":{"line":83,"column":3}},"loc":{"start":{"line":81,"column":2},"end":{"line":83,"column":3}},"line":81},"3":{"name":"closePath","decl":{"start":{"line":85,"column":2},"end":{"line":87,"column":3}},"loc":{"start":{"line":85,"column":2},"end":{"line":87,"column":3}},"line":85},"4":{"name":"moveTo","decl":{"start":{"line":89,"column":2},"end":{"line":91,"column":3}},"loc":{"start":{"line":89,"column":2},"end":{"line":91,"column":3}},"line":89},"5":{"name":"lineTo","decl":{"start":{"line":93,"column":2},"end":{"line":95,"column":3}},"loc":{"start":{"line":93,"column":2},"end":{"line":95,"column":3}},"line":93},"6":{"name":"arc","decl":{"start":{"line":97,"column":2},"end":{"line":99,"column":3}},"loc":{"start":{"line":97,"column":2},"end":{"line":99,"column":3}},"line":97},"7":{"name":"rect","decl":{"start":{"line":101,"column":2},"end":{"line":103,"column":3}},"loc":{"start":{"line":101,"column":2},"end":{"line":103,"column":3}},"line":101},"8":{"name":"fill","decl":{"start":{"line":108,"column":2},"end":{"line":110,"column":3}},"loc":{"start":{"line":108,"column":2},"end":{"line":110,"column":3}},"line":108},"9":{"name":"stroke","decl":{"start":{"line":114,"column":2},"end":{"line":116,"column":3}},"loc":{"start":{"line":114,"column":2},"end":{"line":116,"column":3}},"line":114},"10":{"name":"clearRect","decl":{"start":{"line":118,"column":2},"end":{"line":120,"column":3}},"loc":{"start":{"line":118,"column":2},"end":{"line":120,"column":3}},"line":118},"11":{"name":"fillRect","decl":{"start":{"line":122,"column":2},"end":{"line":124,"column":3}},"loc":{"start":{"line":122,"column":2},"end":{"line":124,"column":3}},"line":122},"12":{"name":"strokeRect","decl":{"start":{"line":126,"column":2},"end":{"line":128,"column":3}},"loc":{"start":{"line":126,"column":2},"end":{"line":128,"column":3}},"line":126},"13":{"name":"save","decl":{"start":{"line":131,"column":2},"end":{"line":133,"column":3}},"loc":{"start":{"line":131,"column":2},"end":{"line":133,"column":3}},"line":131},"14":{"name":"restore","decl":{"start":{"line":135,"column":2},"end":{"line":137,"column":3}},"loc":{"start":{"line":135,"column":2},"end":{"line":137,"column":3}},"line":135},"15":{"name":"scale","decl":{"start":{"line":139,"column":2},"end":{"line":141,"column":3}},"loc":{"start":{"line":139,"column":2},"end":{"line":141,"column":3}},"line":139},"16":{"name":"translate","decl":{"start":{"line":143,"column":2},"end":{"line":145,"column":3}},"loc":{"start":{"line":143,"column":2},"end":{"line":145,"column":3}},"line":143},"17":{"name":"transform","decl":{"start":{"line":147,"column":2},"end":{"line":149,"column":3}},"loc":{"start":{"line":147,"column":2},"end":{"line":149,"column":3}},"line":147},"18":{"name":"setTransform","decl":{"start":{"line":153,"column":2},"end":{"line":159,"column":3}},"loc":{"start":{"line":153,"column":2},"end":{"line":159,"column":3}},"line":153},"19":{"name":"getOperations","decl":{"start":{"line":162,"column":2},"end":{"line":164,"column":3}},"loc":{"start":{"line":162,"column":2},"end":{"line":164,"column":3}},"line":162},"20":{"name":"clearOperations","decl":{"start":{"line":166,"column":2},"end":{"line":168,"column":3}},"loc":{"start":{"line":166,"column":2},"end":{"line":168,"column":3}},"line":166},"21":{"name":"HTMLCanvasElement.getContext","decl":{"start":{"line":179,"column":43},"end":{"line":184,"column":4}},"loc":{"start":{"line":179,"column":43},"end":{"line":184,"column":4}},"line":179}},"f":{"0":0,"1":2,"2":0,"3":0,"4":0,"5":0,"6":0,"7":0,"8":0,"9":0,"10":0,"11":0,"12":0,"13":0,"14":0,"15":0,"16":0,"17":0,"18":0,"19":0,"20":0,"21":2}}
}
